Determining if the pthread_create exist failed with the following output:
Change Dir: /home/felice/command_interaction/ROS/hri_ws/build/move_base_msgs/CMakeFiles/CMakeTmp

Run Build Command:"/usr/bin/make" "cmTC_b32ba/fast"
/usr/bin/make -f CMakeFiles/cmTC_b32ba.dir/build.make CMakeFiles/cmTC_b32ba.dir/build
make[1]: Entering directory '/home/felice/command_interaction/ROS/hri_ws/build/move_base_msgs/CMakeFiles/CMakeTmp'
Building C object CMakeFiles/cmTC_b32ba.dir/CheckSymbolExists.c.o
/usr/bin/cc    -o CMakeFiles/cmTC_b32ba.dir/CheckSymbolExists.c.o   -c /home/felice/command_interaction/ROS/hri_ws/build/move_base_msgs/CMakeFiles/CMakeTmp/CheckSymbolExists.c
Linking C executable cmTC_b32ba
/usr/bin/cmake -E cmake_link_script CMakeFiles/cmTC_b32ba.dir/link.txt --verbose=1
/usr/bin/cc      -rdynamic CMakeFiles/cmTC_b32ba.dir/CheckSymbolExists.c.o  -o cmTC_b32ba 
CMakeFiles/cmTC_b32ba.dir/CheckSymbolExists.c.o: In function `main':
CheckSymbolExists.c:(.text+0x14): undefined reference to `pthread_create'
CheckSymbolExists.c:(.text+0x18): undefined reference to `pthread_create'
collect2: error: ld returned 1 exit status
CMakeFiles/cmTC_b32ba.dir/build.make:97: recipe for target 'cmTC_b32ba' failed
make[1]: *** [cmTC_b32ba] Error 1
make[1]: Leaving directory '/home/felice/command_interaction/ROS/hri_ws/build/move_base_msgs/CMakeFiles/CMakeTmp'
Makefile:126: recipe for target 'cmTC_b32ba/fast' failed
make: *** [cmTC_b32ba/fast] Error 2

File /home/felice/command_interaction/ROS/hri_ws/build/move_base_msgs/CMakeFiles/CMakeTmp/CheckSymbolExists.c:
/* */
#include <pthread.h>

int main(int argc, char** argv)
{
  (void)argv;
#ifndef pthread_create
  return ((int*)(&pthread_create))[argc];
#else
  (void)argc;
  return 0;
#endif
}

Determining if the function pthread_create exists in the pthreads failed with the following output:
Change Dir: /home/felice/command_interaction/ROS/hri_ws/build/move_base_msgs/CMakeFiles/CMakeTmp

Run Build Command:"/usr/bin/make" "cmTC_f0b9c/fast"
/usr/bin/make -f CMakeFiles/cmTC_f0b9c.dir/build.make CMakeFiles/cmTC_f0b9c.dir/build
make[1]: Entering directory '/home/felice/command_interaction/ROS/hri_ws/build/move_base_msgs/CMakeFiles/CMakeTmp'
Building C object CMakeFiles/cmTC_f0b9c.dir/CheckFunctionExists.c.o
/usr/bin/cc   -DCHECK_FUNCTION_EXISTS=pthread_create   -o CMakeFiles/cmTC_f0b9c.dir/CheckFunctionExists.c.o   -c /usr/share/cmake-3.10/Modules/CheckFunctionExists.c
Linking C executable cmTC_f0b9c
/usr/bin/cmake -E cmake_link_script CMakeFiles/cmTC_f0b9c.dir/link.txt --verbose=1
/usr/bin/cc  -DCHECK_FUNCTION_EXISTS=pthread_create    -rdynamic CMakeFiles/cmTC_f0b9c.dir/CheckFunctionExists.c.o  -o cmTC_f0b9c -lpthreads 
/usr/bin/ld: cannot find -lpthreads
collect2: error: ld returned 1 exit status
CMakeFiles/cmTC_f0b9c.dir/build.make:97: recipe for target 'cmTC_f0b9c' failed
make[1]: *** [cmTC_f0b9c] Error 1
make[1]: Leaving directory '/home/felice/command_interaction/ROS/hri_ws/build/move_base_msgs/CMakeFiles/CMakeTmp'
Makefile:126: recipe for target 'cmTC_f0b9c/fast' failed
make: *** [cmTC_f0b9c/fast] Error 2


