Symlinking /home/felice/command_interaction/ROS/hri_ws/devel/lib/python2.7/dist-packages/iri_object_transportation_msgs/__init__.py
Symlinking /home/felice/command_interaction/ROS/hri_ws/devel/lib/python2.7/dist-packages/iri_object_transportation_msgs/msg/_explicit_information.py
Symlinking /home/felice/command_interaction/ROS/hri_ws/devel/lib/python2.7/dist-packages/iri_object_transportation_msgs/msg/_narrowPathMarkersArray.py
Symlinking /home/felice/command_interaction/ROS/hri_ws/devel/lib/python2.7/dist-packages/iri_object_transportation_msgs/msg/_localForcesSFM.py
Symlinking /home/felice/command_interaction/ROS/hri_ws/devel/lib/python2.7/dist-packages/iri_object_transportation_msgs/msg/_twistStampedArray.py
Symlinking /home/felice/command_interaction/ROS/hri_ws/devel/lib/python2.7/dist-packages/iri_object_transportation_msgs/msg/_wrenchStampedWithCoeff.py
Symlinking /home/felice/command_interaction/ROS/hri_ws/devel/lib/python2.7/dist-packages/iri_object_transportation_msgs/msg/_localForcesCoefficients.py
Symlinking /home/felice/command_interaction/ROS/hri_ws/devel/lib/python2.7/dist-packages/iri_object_transportation_msgs/msg/_wrenchStampedArray.py
Symlinking /home/felice/command_interaction/ROS/hri_ws/devel/lib/python2.7/dist-packages/iri_object_transportation_msgs/msg/_twistStamped.py
Symlinking /home/felice/command_interaction/ROS/hri_ws/devel/lib/python2.7/dist-packages/iri_object_transportation_msgs/msg/__init__.py
Symlinking /home/felice/command_interaction/ROS/hri_ws/devel/lib/python2.7/dist-packages/iri_object_transportation_msgs/msg/_wrenchWithCoeffArray.py
Symlinking /home/felice/command_interaction/ROS/hri_ws/devel/lib/pkgconfig/iri_object_transportation_msgs.pc
Symlinking /home/felice/command_interaction/ROS/hri_ws/devel/share/iri_object_transportation_msgs/cmake/iri_object_transportation_msgs-msg-paths.cmake
Symlinking /home/felice/command_interaction/ROS/hri_ws/devel/share/iri_object_transportation_msgs/cmake/iri_object_transportation_msgsConfig-version.cmake
Symlinking /home/felice/command_interaction/ROS/hri_ws/devel/share/iri_object_transportation_msgs/cmake/iri_object_transportation_msgs-msg-extras.cmake
Symlinking /home/felice/command_interaction/ROS/hri_ws/devel/share/iri_object_transportation_msgs/cmake/iri_object_transportation_msgsConfig.cmake
Symlinking /home/felice/command_interaction/ROS/hri_ws/devel/share/roseus/ros/iri_object_transportation_msgs/manifest.l
Symlinking /home/felice/command_interaction/ROS/hri_ws/devel/share/roseus/ros/iri_object_transportation_msgs/msg/wrenchWithCoeffArray.l
Symlinking /home/felice/command_interaction/ROS/hri_ws/devel/share/roseus/ros/iri_object_transportation_msgs/msg/wrenchStampedWithCoeff.l
Symlinking /home/felice/command_interaction/ROS/hri_ws/devel/share/roseus/ros/iri_object_transportation_msgs/msg/localForcesSFM.l
Symlinking /home/felice/command_interaction/ROS/hri_ws/devel/share/roseus/ros/iri_object_transportation_msgs/msg/twistStampedArray.l
Symlinking /home/felice/command_interaction/ROS/hri_ws/devel/share/roseus/ros/iri_object_transportation_msgs/msg/wrenchStampedArray.l
Symlinking /home/felice/command_interaction/ROS/hri_ws/devel/share/roseus/ros/iri_object_transportation_msgs/msg/twistStamped.l
Symlinking /home/felice/command_interaction/ROS/hri_ws/devel/share/roseus/ros/iri_object_transportation_msgs/msg/narrowPathMarkersArray.l
Symlinking /home/felice/command_interaction/ROS/hri_ws/devel/share/roseus/ros/iri_object_transportation_msgs/msg/explicit_information.l
Symlinking /home/felice/command_interaction/ROS/hri_ws/devel/share/roseus/ros/iri_object_transportation_msgs/msg/localForcesCoefficients.l
Symlinking /home/felice/command_interaction/ROS/hri_ws/devel/share/common-lisp/ros/iri_object_transportation_msgs/msg/_package_localForcesCoefficients.lisp
Symlinking /home/felice/command_interaction/ROS/hri_ws/devel/share/common-lisp/ros/iri_object_transportation_msgs/msg/narrowPathMarkersArray.lisp
Symlinking /home/felice/command_interaction/ROS/hri_ws/devel/share/common-lisp/ros/iri_object_transportation_msgs/msg/_package_twistStamped.lisp
Symlinking /home/felice/command_interaction/ROS/hri_ws/devel/share/common-lisp/ros/iri_object_transportation_msgs/msg/wrenchStampedWithCoeff.lisp
Symlinking /home/felice/command_interaction/ROS/hri_ws/devel/share/common-lisp/ros/iri_object_transportation_msgs/msg/_package_wrenchWithCoeffArray.lisp
Symlinking /home/felice/command_interaction/ROS/hri_ws/devel/share/common-lisp/ros/iri_object_transportation_msgs/msg/localForcesCoefficients.lisp
Symlinking /home/felice/command_interaction/ROS/hri_ws/devel/share/common-lisp/ros/iri_object_transportation_msgs/msg/twistStamped.lisp
Symlinking /home/felice/command_interaction/ROS/hri_ws/devel/share/common-lisp/ros/iri_object_transportation_msgs/msg/twistStampedArray.lisp
Symlinking /home/felice/command_interaction/ROS/hri_ws/devel/share/common-lisp/ros/iri_object_transportation_msgs/msg/iri_object_transportation_msgs-msg.asd
Symlinking /home/felice/command_interaction/ROS/hri_ws/devel/share/common-lisp/ros/iri_object_transportation_msgs/msg/localForcesSFM.lisp
Symlinking /home/felice/command_interaction/ROS/hri_ws/devel/share/common-lisp/ros/iri_object_transportation_msgs/msg/_package_wrenchStampedWithCoeff.lisp
Symlinking /home/felice/command_interaction/ROS/hri_ws/devel/share/common-lisp/ros/iri_object_transportation_msgs/msg/_package_narrowPathMarkersArray.lisp
Symlinking /home/felice/command_interaction/ROS/hri_ws/devel/share/common-lisp/ros/iri_object_transportation_msgs/msg/_package.lisp
Symlinking /home/felice/command_interaction/ROS/hri_ws/devel/share/common-lisp/ros/iri_object_transportation_msgs/msg/_package_explicit_information.lisp
Symlinking /home/felice/command_interaction/ROS/hri_ws/devel/share/common-lisp/ros/iri_object_transportation_msgs/msg/_package_localForcesSFM.lisp
Symlinking /home/felice/command_interaction/ROS/hri_ws/devel/share/common-lisp/ros/iri_object_transportation_msgs/msg/explicit_information.lisp
Symlinking /home/felice/command_interaction/ROS/hri_ws/devel/share/common-lisp/ros/iri_object_transportation_msgs/msg/_package_wrenchStampedArray.lisp
Symlinking /home/felice/command_interaction/ROS/hri_ws/devel/share/common-lisp/ros/iri_object_transportation_msgs/msg/wrenchStampedArray.lisp
Symlinking /home/felice/command_interaction/ROS/hri_ws/devel/share/common-lisp/ros/iri_object_transportation_msgs/msg/_package_twistStampedArray.lisp
Symlinking /home/felice/command_interaction/ROS/hri_ws/devel/share/common-lisp/ros/iri_object_transportation_msgs/msg/wrenchWithCoeffArray.lisp
Symlinking /home/felice/command_interaction/ROS/hri_ws/devel/share/gennodejs/ros/iri_object_transportation_msgs/_index.js
Symlinking /home/felice/command_interaction/ROS/hri_ws/devel/share/gennodejs/ros/iri_object_transportation_msgs/msg/localForcesCoefficients.js
Symlinking /home/felice/command_interaction/ROS/hri_ws/devel/share/gennodejs/ros/iri_object_transportation_msgs/msg/_index.js
Symlinking /home/felice/command_interaction/ROS/hri_ws/devel/share/gennodejs/ros/iri_object_transportation_msgs/msg/twistStampedArray.js
Symlinking /home/felice/command_interaction/ROS/hri_ws/devel/share/gennodejs/ros/iri_object_transportation_msgs/msg/localForcesSFM.js
Symlinking /home/felice/command_interaction/ROS/hri_ws/devel/share/gennodejs/ros/iri_object_transportation_msgs/msg/narrowPathMarkersArray.js
Symlinking /home/felice/command_interaction/ROS/hri_ws/devel/share/gennodejs/ros/iri_object_transportation_msgs/msg/wrenchStampedArray.js
Symlinking /home/felice/command_interaction/ROS/hri_ws/devel/share/gennodejs/ros/iri_object_transportation_msgs/msg/explicit_information.js
Symlinking /home/felice/command_interaction/ROS/hri_ws/devel/share/gennodejs/ros/iri_object_transportation_msgs/msg/wrenchWithCoeffArray.js
Symlinking /home/felice/command_interaction/ROS/hri_ws/devel/share/gennodejs/ros/iri_object_transportation_msgs/msg/twistStamped.js
Symlinking /home/felice/command_interaction/ROS/hri_ws/devel/share/gennodejs/ros/iri_object_transportation_msgs/msg/wrenchStampedWithCoeff.js
Symlinking /home/felice/command_interaction/ROS/hri_ws/devel/include/iri_object_transportation_msgs/localForcesSFM.h
Symlinking /home/felice/command_interaction/ROS/hri_ws/devel/include/iri_object_transportation_msgs/wrenchStampedWithCoeff.h
Symlinking /home/felice/command_interaction/ROS/hri_ws/devel/include/iri_object_transportation_msgs/narrowPathMarkersArray.h
Symlinking /home/felice/command_interaction/ROS/hri_ws/devel/include/iri_object_transportation_msgs/twistStamped.h
Symlinking /home/felice/command_interaction/ROS/hri_ws/devel/include/iri_object_transportation_msgs/twistStampedArray.h
Symlinking /home/felice/command_interaction/ROS/hri_ws/devel/include/iri_object_transportation_msgs/localForcesCoefficients.h
Symlinking /home/felice/command_interaction/ROS/hri_ws/devel/include/iri_object_transportation_msgs/wrenchWithCoeffArray.h
Symlinking /home/felice/command_interaction/ROS/hri_ws/devel/include/iri_object_transportation_msgs/wrenchStampedArray.h
Symlinking /home/felice/command_interaction/ROS/hri_ws/devel/include/iri_object_transportation_msgs/explicit_information.h
