[35m[1mScanning dependencies of target _iri_object_transportation_msgs_generate_messages_check_deps_narrowPathMarkersArray[0m
[35m[1mScanning dependencies of target _iri_object_transportation_msgs_generate_messages_check_deps_localForcesSFM[0m
[35m[1mScanning dependencies of target _iri_object_transportation_msgs_generate_messages_check_deps_explicit_information[0m
[35m[1mScanning dependencies of target _iri_object_transportation_msgs_generate_messages_check_deps_wrenchWithCoeffArray[0m
[35m[1mScanning dependencies of target std_msgs_generate_messages_nodejs[0m
[35m[1mScanning dependencies of target _iri_object_transportation_msgs_generate_messages_check_deps_localForcesCoefficients[0m
[35m[1mScanning dependencies of target std_msgs_generate_messages_lisp[0m
[35m[1mScanning dependencies of target _iri_object_transportation_msgs_generate_messages_check_deps_twistStamped[0m
[35m[1mScanning dependencies of target _iri_object_transportation_msgs_generate_messages_check_deps_wrenchStampedWithCoeff[0m
[35m[1mScanning dependencies of target _iri_object_transportation_msgs_generate_messages_check_deps_wrenchStampedArray[0m
[35m[1mScanning dependencies of target geometry_msgs_generate_messages_nodejs[0m
[35m[1mScanning dependencies of target geometry_msgs_generate_messages_lisp[0m
[35m[1mScanning dependencies of target geometry_msgs_generate_messages_py[0m
[35m[1mScanning dependencies of target _iri_object_transportation_msgs_generate_messages_check_deps_twistStampedArray[0m
[  0%] Built target std_msgs_generate_messages_lisp
[  0%] Built target std_msgs_generate_messages_nodejs
[  0%] Built target geometry_msgs_generate_messages_lisp
[  0%] Built target geometry_msgs_generate_messages_nodejs
[35m[1mScanning dependencies of target std_msgs_generate_messages_py[0m
[35m[1mScanning dependencies of target geometry_msgs_generate_messages_cpp[0m
[35m[1mScanning dependencies of target std_msgs_generate_messages_cpp[0m
[  0%] Built target geometry_msgs_generate_messages_py
[35m[1mScanning dependencies of target geometry_msgs_generate_messages_eus[0m
[  0%] Built target _iri_object_transportation_msgs_generate_messages_check_deps_wrenchStampedWithCoeff
[  0%] Built target _iri_object_transportation_msgs_generate_messages_check_deps_narrowPathMarkersArray
[  0%] Built target _iri_object_transportation_msgs_generate_messages_check_deps_explicit_information
[  0%] Built target std_msgs_generate_messages_py
[  0%] Built target geometry_msgs_generate_messages_cpp
[  0%] Built target _iri_object_transportation_msgs_generate_messages_check_deps_localForcesCoefficients
[  0%] Built target _iri_object_transportation_msgs_generate_messages_check_deps_twistStamped
[  0%] Built target _iri_object_transportation_msgs_generate_messages_check_deps_wrenchWithCoeffArray
[  0%] Built target _iri_object_transportation_msgs_generate_messages_check_deps_localForcesSFM
[  0%] Built target geometry_msgs_generate_messages_eus
[35m[1mScanning dependencies of target std_msgs_generate_messages_eus[0m
[  0%] Built target std_msgs_generate_messages_cpp
[  0%] Built target _iri_object_transportation_msgs_generate_messages_check_deps_twistStampedArray
[  0%] Built target _iri_object_transportation_msgs_generate_messages_check_deps_wrenchStampedArray
[  0%] Built target std_msgs_generate_messages_eus
[35m[1mScanning dependencies of target iri_object_transportation_msgs_generate_messages_lisp[0m
[35m[1mScanning dependencies of target iri_object_transportation_msgs_generate_messages_py[0m
[35m[1mScanning dependencies of target iri_object_transportation_msgs_generate_messages_cpp[0m
[35m[1mScanning dependencies of target iri_object_transportation_msgs_generate_messages_nodejs[0m
[35m[1mScanning dependencies of target iri_object_transportation_msgs_generate_messages_eus[0m
[  4%] [34m[1mGenerating Python from MSG iri_object_transportation_msgs/wrenchStampedWithCoeff[0m
[  4%] [34m[1mGenerating Lisp code from iri_object_transportation_msgs/wrenchStampedWithCoeff.msg[0m
[  8%] [34m[1mGenerating C++ code from iri_object_transportation_msgs/wrenchStampedWithCoeff.msg[0m
[  8%] [34m[1mGenerating Lisp code from iri_object_transportation_msgs/localForcesCoefficients.msg[0m
[ 10%] [34m[1mGenerating Lisp code from iri_object_transportation_msgs/explicit_information.msg[0m
[ 12%] [34m[1mGenerating Lisp code from iri_object_transportation_msgs/wrenchStampedArray.msg[0m
[ 14%] [34m[1mGenerating Lisp code from iri_object_transportation_msgs/twistStamped.msg[0m
[ 17%] [34m[1mGenerating Javascript code from iri_object_transportation_msgs/wrenchStampedWithCoeff.msg[0m
[ 19%] [34m[1mGenerating Lisp code from iri_object_transportation_msgs/twistStampedArray.msg[0m
[ 21%] [34m[1mGenerating Lisp code from iri_object_transportation_msgs/wrenchWithCoeffArray.msg[0m
[ 23%] [34m[1mGenerating Python from MSG iri_object_transportation_msgs/twistStamped[0m
[ 25%] [34m[1mGenerating Python from MSG iri_object_transportation_msgs/twistStampedArray[0m
[ 27%] [34m[1mGenerating Python from MSG iri_object_transportation_msgs/wrenchStampedArray[0m
[ 29%] [34m[1mGenerating EusLisp code from iri_object_transportation_msgs/wrenchStampedWithCoeff.msg[0m
[ 31%] [34m[1mGenerating Javascript code from iri_object_transportation_msgs/twistStampedArray.msg[0m
[ 34%] [34m[1mGenerating Lisp code from iri_object_transportation_msgs/localForcesSFM.msg[0m
[ 36%] [34m[1mGenerating Lisp code from iri_object_transportation_msgs/narrowPathMarkersArray.msg[0m
[ 38%] [34m[1mGenerating C++ code from iri_object_transportation_msgs/twistStampedArray.msg[0m
[ 40%] [34m[1mGenerating Python from MSG iri_object_transportation_msgs/explicit_information[0m
[ 42%] [34m[1mGenerating EusLisp code from iri_object_transportation_msgs/twistStampedArray.msg[0m
[ 44%] [34m[1mGenerating C++ code from iri_object_transportation_msgs/twistStamped.msg[0m
[ 46%] [34m[1mGenerating EusLisp code from iri_object_transportation_msgs/twistStamped.msg[0m
[ 48%] [34m[1mGenerating Javascript code from iri_object_transportation_msgs/twistStamped.msg[0m
[ 48%] Built target iri_object_transportation_msgs_generate_messages_lisp
[ 51%] [34m[1mGenerating EusLisp code from iri_object_transportation_msgs/wrenchStampedArray.msg[0m
[ 53%] [34m[1mGenerating Javascript code from iri_object_transportation_msgs/wrenchStampedArray.msg[0m
[ 55%] [34m[1mGenerating Python from MSG iri_object_transportation_msgs/wrenchWithCoeffArray[0m
[ 57%] [34m[1mGenerating C++ code from iri_object_transportation_msgs/wrenchStampedArray.msg[0m
[ 59%] [34m[1mGenerating Python from MSG iri_object_transportation_msgs/localForcesCoefficients[0m
[ 61%] [34m[1mGenerating C++ code from iri_object_transportation_msgs/explicit_information.msg[0m
[ 63%] [34m[1mGenerating Javascript code from iri_object_transportation_msgs/explicit_information.msg[0m
[ 65%] [34m[1mGenerating Javascript code from iri_object_transportation_msgs/wrenchWithCoeffArray.msg[0m
[ 68%] [34m[1mGenerating C++ code from iri_object_transportation_msgs/wrenchWithCoeffArray.msg[0m
[ 70%] [34m[1mGenerating Javascript code from iri_object_transportation_msgs/localForcesCoefficients.msg[0m
[ 72%] [34m[1mGenerating Python from MSG iri_object_transportation_msgs/narrowPathMarkersArray[0m
[ 76%] [34m[1mGenerating EusLisp code from iri_object_transportation_msgs/explicit_information.msg[0m
[ 76%] [34m[1mGenerating Python from MSG iri_object_transportation_msgs/localForcesSFM[0m
[ 78%] [34m[1mGenerating Javascript code from iri_object_transportation_msgs/localForcesSFM.msg[0m
[ 80%] [34m[1mGenerating C++ code from iri_object_transportation_msgs/localForcesCoefficients.msg[0m
[ 82%] [34m[1mGenerating C++ code from iri_object_transportation_msgs/localForcesSFM.msg[0m
[ 85%] [34m[1mGenerating EusLisp code from iri_object_transportation_msgs/wrenchWithCoeffArray.msg[0m
[ 87%] [34m[1mGenerating Javascript code from iri_object_transportation_msgs/narrowPathMarkersArray.msg[0m
[ 89%] [34m[1mGenerating EusLisp code from iri_object_transportation_msgs/localForcesCoefficients.msg[0m
[ 91%] [34m[1mGenerating EusLisp code from iri_object_transportation_msgs/localForcesSFM.msg[0m
[ 93%] [34m[1mGenerating C++ code from iri_object_transportation_msgs/narrowPathMarkersArray.msg[0m
[ 95%] [34m[1mGenerating EusLisp code from iri_object_transportation_msgs/narrowPathMarkersArray.msg[0m
[ 95%] Built target iri_object_transportation_msgs_generate_messages_nodejs
[ 97%] [34m[1mGenerating EusLisp manifest code for iri_object_transportation_msgs[0m
[100%] [34m[1mGenerating Python msg __init__.py for iri_object_transportation_msgs[0m
[100%] Built target iri_object_transportation_msgs_generate_messages_cpp
[100%] Built target iri_object_transportation_msgs_generate_messages_py
[100%] Built target iri_object_transportation_msgs_generate_messages_eus
[35m[1mScanning dependencies of target iri_object_transportation_msgs_generate_messages[0m
[100%] Built target iri_object_transportation_msgs_generate_messages
