Symlinking /home/felice/felice/speech/code/ROS/speech_ws/devel/include/comunication_pkg/Command.h
Symlinking /home/felice/felice/speech/code/ROS/speech_ws/devel/include/comunication_pkg/Speech.h
Symlinking /home/felice/felice/speech/code/ROS/speech_ws/devel/include/comunication_pkg/Gesture.h
Symlinking /home/felice/felice/speech/code/ROS/speech_ws/devel/share/gennodejs/ros/comunication_pkg/_index.js
Symlinking /home/felice/felice/speech/code/ROS/speech_ws/devel/share/gennodejs/ros/comunication_pkg/msg/Command.js
Symlinking /home/felice/felice/speech/code/ROS/speech_ws/devel/share/gennodejs/ros/comunication_pkg/msg/_index.js
Symlinking /home/felice/felice/speech/code/ROS/speech_ws/devel/share/gennodejs/ros/comunication_pkg/msg/Speech.js
Symlinking /home/felice/felice/speech/code/ROS/speech_ws/devel/share/gennodejs/ros/comunication_pkg/msg/Gesture.js
Symlinking /home/felice/felice/speech/code/ROS/speech_ws/devel/share/comunication_pkg/cmake/comunication_pkgConfig-version.cmake
Symlinking /home/felice/felice/speech/code/ROS/speech_ws/devel/share/comunication_pkg/cmake/comunication_pkgConfig.cmake
Symlinking /home/felice/felice/speech/code/ROS/speech_ws/devel/share/comunication_pkg/cmake/comunication_pkg-msg-extras.cmake
Symlinking /home/felice/felice/speech/code/ROS/speech_ws/devel/share/comunication_pkg/cmake/comunication_pkg-msg-paths.cmake
Symlinking /home/felice/felice/speech/code/ROS/speech_ws/devel/share/common-lisp/ros/comunication_pkg/msg/Gesture.lisp
Symlinking /home/felice/felice/speech/code/ROS/speech_ws/devel/share/common-lisp/ros/comunication_pkg/msg/_package_Gesture.lisp
Symlinking /home/felice/felice/speech/code/ROS/speech_ws/devel/share/common-lisp/ros/comunication_pkg/msg/comunication_pkg-msg.asd
Symlinking /home/felice/felice/speech/code/ROS/speech_ws/devel/share/common-lisp/ros/comunication_pkg/msg/_package_Speech.lisp
Symlinking /home/felice/felice/speech/code/ROS/speech_ws/devel/share/common-lisp/ros/comunication_pkg/msg/_package.lisp
Symlinking /home/felice/felice/speech/code/ROS/speech_ws/devel/share/common-lisp/ros/comunication_pkg/msg/_package_Command.lisp
Symlinking /home/felice/felice/speech/code/ROS/speech_ws/devel/share/common-lisp/ros/comunication_pkg/msg/Command.lisp
Symlinking /home/felice/felice/speech/code/ROS/speech_ws/devel/share/common-lisp/ros/comunication_pkg/msg/Speech.lisp
Symlinking /home/felice/felice/speech/code/ROS/speech_ws/devel/share/roseus/ros/comunication_pkg/manifest.l
Symlinking /home/felice/felice/speech/code/ROS/speech_ws/devel/share/roseus/ros/comunication_pkg/msg/Command.l
Symlinking /home/felice/felice/speech/code/ROS/speech_ws/devel/share/roseus/ros/comunication_pkg/msg/Gesture.l
Symlinking /home/felice/felice/speech/code/ROS/speech_ws/devel/share/roseus/ros/comunication_pkg/msg/Speech.l
Symlinking /home/felice/felice/speech/code/ROS/speech_ws/devel/lib/pkgconfig/comunication_pkg.pc
Symlinking /home/felice/felice/speech/code/ROS/speech_ws/devel/lib/python2.7/dist-packages/comunication_pkg/__init__.py
Symlinking /home/felice/felice/speech/code/ROS/speech_ws/devel/lib/python2.7/dist-packages/comunication_pkg/msg/_Command.py
Symlinking /home/felice/felice/speech/code/ROS/speech_ws/devel/lib/python2.7/dist-packages/comunication_pkg/msg/__init__.py
Symlinking /home/felice/felice/speech/code/ROS/speech_ws/devel/lib/python2.7/dist-packages/comunication_pkg/msg/_Gesture.py
Symlinking /home/felice/felice/speech/code/ROS/speech_ws/devel/lib/python2.7/dist-packages/comunication_pkg/msg/_Speech.py
