Determining if the pthread_create exist failed with the following output:
Change Dir: /home/felice/command_interaction/ROS/hri_ws/build/webview_pkg/CMakeFiles/CMakeTmp

Run Build Command:"/usr/bin/make" "cmTC_3899d/fast"
/usr/bin/make -f CMakeFiles/cmTC_3899d.dir/build.make CMakeFiles/cmTC_3899d.dir/build
make[1]: Entering directory '/home/felice/command_interaction/ROS/hri_ws/build/webview_pkg/CMakeFiles/CMakeTmp'
Building C object CMakeFiles/cmTC_3899d.dir/CheckSymbolExists.c.o
/usr/bin/cc    -o CMakeFiles/cmTC_3899d.dir/CheckSymbolExists.c.o   -c /home/felice/command_interaction/ROS/hri_ws/build/webview_pkg/CMakeFiles/CMakeTmp/CheckSymbolExists.c
Linking C executable cmTC_3899d
/usr/bin/cmake -E cmake_link_script CMakeFiles/cmTC_3899d.dir/link.txt --verbose=1
/usr/bin/cc      -rdynamic CMakeFiles/cmTC_3899d.dir/CheckSymbolExists.c.o  -o cmTC_3899d 
CMakeFiles/cmTC_3899d.dir/CheckSymbolExists.c.o: In function `main':
CheckSymbolExists.c:(.text+0x1b): undefined reference to `pthread_create'
collect2: error: ld returned 1 exit status
CMakeFiles/cmTC_3899d.dir/build.make:97: recipe for target 'cmTC_3899d' failed
make[1]: *** [cmTC_3899d] Error 1
make[1]: Leaving directory '/home/felice/command_interaction/ROS/hri_ws/build/webview_pkg/CMakeFiles/CMakeTmp'
Makefile:126: recipe for target 'cmTC_3899d/fast' failed
make: *** [cmTC_3899d/fast] Error 2

File /home/felice/command_interaction/ROS/hri_ws/build/webview_pkg/CMakeFiles/CMakeTmp/CheckSymbolExists.c:
/* */
#include <pthread.h>

int main(int argc, char** argv)
{
  (void)argv;
#ifndef pthread_create
  return ((int*)(&pthread_create))[argc];
#else
  (void)argc;
  return 0;
#endif
}

Determining if the function pthread_create exists in the pthreads failed with the following output:
Change Dir: /home/felice/command_interaction/ROS/hri_ws/build/webview_pkg/CMakeFiles/CMakeTmp

Run Build Command:"/usr/bin/make" "cmTC_c560a/fast"
/usr/bin/make -f CMakeFiles/cmTC_c560a.dir/build.make CMakeFiles/cmTC_c560a.dir/build
make[1]: Entering directory '/home/felice/command_interaction/ROS/hri_ws/build/webview_pkg/CMakeFiles/CMakeTmp'
Building C object CMakeFiles/cmTC_c560a.dir/CheckFunctionExists.c.o
/usr/bin/cc   -DCHECK_FUNCTION_EXISTS=pthread_create   -o CMakeFiles/cmTC_c560a.dir/CheckFunctionExists.c.o   -c /usr/share/cmake-3.10/Modules/CheckFunctionExists.c
Linking C executable cmTC_c560a
/usr/bin/cmake -E cmake_link_script CMakeFiles/cmTC_c560a.dir/link.txt --verbose=1
/usr/bin/cc  -DCHECK_FUNCTION_EXISTS=pthread_create    -rdynamic CMakeFiles/cmTC_c560a.dir/CheckFunctionExists.c.o  -o cmTC_c560a -lpthreads 
/usr/bin/ld: cannot find -lpthreads
collect2: error: ld returned 1 exit status
CMakeFiles/cmTC_c560a.dir/build.make:97: recipe for target 'cmTC_c560a' failed
make[1]: *** [cmTC_c560a] Error 1
make[1]: Leaving directory '/home/felice/command_interaction/ROS/hri_ws/build/webview_pkg/CMakeFiles/CMakeTmp'
Makefile:126: recipe for target 'cmTC_c560a/fast' failed
make: *** [cmTC_c560a/fast] Error 2


