Linked: (/home/felice/command_interaction/ROS/hri_ws/devel/.private/gesture_pkg/lib/python2.7/dist-packages/gesture_pkg/__init__.py, /home/felice/command_interaction/ROS/hri_ws/devel/lib/python2.7/dist-packages/gesture_pkg/__init__.py)
Linked: (/home/felice/command_interaction/ROS/hri_ws/devel/.private/gesture_pkg/lib/python2.7/dist-packages/gesture_pkg/srv/_CameraInfo.py, /home/felice/command_interaction/ROS/hri_ws/devel/lib/python2.7/dist-packages/gesture_pkg/srv/_CameraInfo.py)
Linked: (/home/felice/command_interaction/ROS/hri_ws/devel/.private/gesture_pkg/lib/python2.7/dist-packages/gesture_pkg/srv/__init__.py, /home/felice/command_interaction/ROS/hri_ws/devel/lib/python2.7/dist-packages/gesture_pkg/srv/__init__.py)
Linked: (/home/felice/command_interaction/ROS/hri_ws/devel/.private/gesture_pkg/lib/pkgconfig/gesture_pkg.pc, /home/felice/command_interaction/ROS/hri_ws/devel/lib/pkgconfig/gesture_pkg.pc)
Linked: (/home/felice/command_interaction/ROS/hri_ws/devel/.private/gesture_pkg/share/roseus/ros/gesture_pkg/manifest.l, /home/felice/command_interaction/ROS/hri_ws/devel/share/roseus/ros/gesture_pkg/manifest.l)
Linked: (/home/felice/command_interaction/ROS/hri_ws/devel/.private/gesture_pkg/share/roseus/ros/gesture_pkg/srv/CameraInfo.l, /home/felice/command_interaction/ROS/hri_ws/devel/share/roseus/ros/gesture_pkg/srv/CameraInfo.l)
Linked: (/home/felice/command_interaction/ROS/hri_ws/devel/.private/gesture_pkg/share/common-lisp/ros/gesture_pkg/srv/CameraInfo.lisp, /home/felice/command_interaction/ROS/hri_ws/devel/share/common-lisp/ros/gesture_pkg/srv/CameraInfo.lisp)
Linked: (/home/felice/command_interaction/ROS/hri_ws/devel/.private/gesture_pkg/share/common-lisp/ros/gesture_pkg/srv/gesture_pkg-srv.asd, /home/felice/command_interaction/ROS/hri_ws/devel/share/common-lisp/ros/gesture_pkg/srv/gesture_pkg-srv.asd)
Linked: (/home/felice/command_interaction/ROS/hri_ws/devel/.private/gesture_pkg/share/common-lisp/ros/gesture_pkg/srv/_package_CameraInfo.lisp, /home/felice/command_interaction/ROS/hri_ws/devel/share/common-lisp/ros/gesture_pkg/srv/_package_CameraInfo.lisp)
Linked: (/home/felice/command_interaction/ROS/hri_ws/devel/.private/gesture_pkg/share/common-lisp/ros/gesture_pkg/srv/_package.lisp, /home/felice/command_interaction/ROS/hri_ws/devel/share/common-lisp/ros/gesture_pkg/srv/_package.lisp)
Linked: (/home/felice/command_interaction/ROS/hri_ws/devel/.private/gesture_pkg/share/gennodejs/ros/gesture_pkg/_index.js, /home/felice/command_interaction/ROS/hri_ws/devel/share/gennodejs/ros/gesture_pkg/_index.js)
Linked: (/home/felice/command_interaction/ROS/hri_ws/devel/.private/gesture_pkg/share/gennodejs/ros/gesture_pkg/srv/_index.js, /home/felice/command_interaction/ROS/hri_ws/devel/share/gennodejs/ros/gesture_pkg/srv/_index.js)
Linked: (/home/felice/command_interaction/ROS/hri_ws/devel/.private/gesture_pkg/share/gennodejs/ros/gesture_pkg/srv/CameraInfo.js, /home/felice/command_interaction/ROS/hri_ws/devel/share/gennodejs/ros/gesture_pkg/srv/CameraInfo.js)
Linked: (/home/felice/command_interaction/ROS/hri_ws/devel/.private/gesture_pkg/share/gesture_pkg/cmake/gesture_pkg-msg-paths.cmake, /home/felice/command_interaction/ROS/hri_ws/devel/share/gesture_pkg/cmake/gesture_pkg-msg-paths.cmake)
Linked: (/home/felice/command_interaction/ROS/hri_ws/devel/.private/gesture_pkg/share/gesture_pkg/cmake/gesture_pkgConfig-version.cmake, /home/felice/command_interaction/ROS/hri_ws/devel/share/gesture_pkg/cmake/gesture_pkgConfig-version.cmake)
Linked: (/home/felice/command_interaction/ROS/hri_ws/devel/.private/gesture_pkg/share/gesture_pkg/cmake/gesture_pkgConfig.cmake, /home/felice/command_interaction/ROS/hri_ws/devel/share/gesture_pkg/cmake/gesture_pkgConfig.cmake)
Linked: (/home/felice/command_interaction/ROS/hri_ws/devel/.private/gesture_pkg/share/gesture_pkg/cmake/gesture_pkg-msg-extras.cmake, /home/felice/command_interaction/ROS/hri_ws/devel/share/gesture_pkg/cmake/gesture_pkg-msg-extras.cmake)
Linked: (/home/felice/command_interaction/ROS/hri_ws/devel/.private/gesture_pkg/include/gesture_pkg/CameraInfo.h, /home/felice/command_interaction/ROS/hri_ws/devel/include/gesture_pkg/CameraInfo.h)
Linked: (/home/felice/command_interaction/ROS/hri_ws/devel/.private/gesture_pkg/include/gesture_pkg/CameraInfoResponse.h, /home/felice/command_interaction/ROS/hri_ws/devel/include/gesture_pkg/CameraInfoResponse.h)
Linked: (/home/felice/command_interaction/ROS/hri_ws/devel/.private/gesture_pkg/include/gesture_pkg/CameraInfoRequest.h, /home/felice/command_interaction/ROS/hri_ws/devel/include/gesture_pkg/CameraInfoRequest.h)
