Symlinking /home/felice/command_interaction/ROS/hri_ws/devel/include/gesture_pkg/CameraInfoResponse.h
Symlinking /home/felice/command_interaction/ROS/hri_ws/devel/include/gesture_pkg/CameraInfoRequest.h
Symlinking /home/felice/command_interaction/ROS/hri_ws/devel/include/gesture_pkg/CameraInfo.h
Symlinking /home/felice/command_interaction/ROS/hri_ws/devel/share/gennodejs/ros/gesture_pkg/_index.js
Symlinking /home/felice/command_interaction/ROS/hri_ws/devel/share/gennodejs/ros/gesture_pkg/srv/_index.js
Symlinking /home/felice/command_interaction/ROS/hri_ws/devel/share/gennodejs/ros/gesture_pkg/srv/CameraInfo.js
Symlinking /home/felice/command_interaction/ROS/hri_ws/devel/share/common-lisp/ros/gesture_pkg/srv/CameraInfo.lisp
Symlinking /home/felice/command_interaction/ROS/hri_ws/devel/share/common-lisp/ros/gesture_pkg/srv/gesture_pkg-srv.asd
Symlinking /home/felice/command_interaction/ROS/hri_ws/devel/share/common-lisp/ros/gesture_pkg/srv/_package.lisp
Symlinking /home/felice/command_interaction/ROS/hri_ws/devel/share/common-lisp/ros/gesture_pkg/srv/_package_CameraInfo.lisp
Symlinking /home/felice/command_interaction/ROS/hri_ws/devel/share/gesture_pkg/cmake/gesture_pkg-msg-extras.cmake
Symlinking /home/felice/command_interaction/ROS/hri_ws/devel/share/gesture_pkg/cmake/gesture_pkgConfig-version.cmake
Symlinking /home/felice/command_interaction/ROS/hri_ws/devel/share/gesture_pkg/cmake/gesture_pkgConfig.cmake
Symlinking /home/felice/command_interaction/ROS/hri_ws/devel/share/gesture_pkg/cmake/gesture_pkg-msg-paths.cmake
Symlinking /home/felice/command_interaction/ROS/hri_ws/devel/share/roseus/ros/gesture_pkg/manifest.l
Symlinking /home/felice/command_interaction/ROS/hri_ws/devel/share/roseus/ros/gesture_pkg/srv/CameraInfo.l
Symlinking /home/felice/command_interaction/ROS/hri_ws/devel/lib/pkgconfig/gesture_pkg.pc
Symlinking /home/felice/command_interaction/ROS/hri_ws/devel/lib/python2.7/dist-packages/gesture_pkg/__init__.py
Symlinking /home/felice/command_interaction/ROS/hri_ws/devel/lib/python2.7/dist-packages/gesture_pkg/srv/__init__.py
Symlinking /home/felice/command_interaction/ROS/hri_ws/devel/lib/python2.7/dist-packages/gesture_pkg/srv/_CameraInfo.py
