[35m[1mScanning dependencies of target vision_msgs_generate_messages_cpp[0m
[  0%] Built target vision_msgs_generate_messages_cpp
[35m[1mScanning dependencies of target _gesture_pkg_generate_messages_check_deps_CameraInfo[0m
[  0%] Built target _gesture_pkg_generate_messages_check_deps_CameraInfo
[35m[1mScanning dependencies of target std_msgs_generate_messages_cpp[0m
[35m[1mScanning dependencies of target sensor_msgs_generate_messages_cpp[0m
[  0%] Built target std_msgs_generate_messages_cpp
[  0%] Built target sensor_msgs_generate_messages_cpp
[35m[1mScanning dependencies of target vision_msgs_generate_messages_py[0m
[35m[1mScanning dependencies of target std_msgs_generate_messages_py[0m
[  0%] Built target vision_msgs_generate_messages_py
[  0%] Built target std_msgs_generate_messages_py
[35m[1mScanning dependencies of target sensor_msgs_generate_messages_py[0m
[35m[1mScanning dependencies of target vision_msgs_generate_messages_nodejs[0m
[35m[1mScanning dependencies of target std_msgs_generate_messages_nodejs[0m
[  0%] Built target vision_msgs_generate_messages_nodejs
[  0%] Built target std_msgs_generate_messages_nodejs
[  0%] Built target sensor_msgs_generate_messages_py
[35m[1mScanning dependencies of target sensor_msgs_generate_messages_lisp[0m
[35m[1mScanning dependencies of target sensor_msgs_generate_messages_nodejs[0m
[35m[1mScanning dependencies of target std_msgs_generate_messages_lisp[0m
[35m[1mScanning dependencies of target vision_msgs_generate_messages_lisp[0m
[  0%] Built target sensor_msgs_generate_messages_nodejs
[  0%] Built target sensor_msgs_generate_messages_lisp
[  0%] Built target std_msgs_generate_messages_lisp
[35m[1mScanning dependencies of target vision_msgs_generate_messages_eus[0m
[35m[1mScanning dependencies of target sensor_msgs_generate_messages_eus[0m
[35m[1mScanning dependencies of target std_msgs_generate_messages_eus[0m
[35m[1mScanning dependencies of target gesture_pkg_generate_messages_py[0m
[  0%] Built target vision_msgs_generate_messages_lisp
[  0%] Built target sensor_msgs_generate_messages_eus
[  0%] Built target vision_msgs_generate_messages_eus
[  0%] Built target std_msgs_generate_messages_eus
[35m[1mScanning dependencies of target gesture_pkg_generate_messages_cpp[0m
[ 14%] [34m[1mGenerating Python code from SRV gesture_pkg/CameraInfo[0m
[35m[1mScanning dependencies of target gesture_pkg_generate_messages_eus[0m
[35m[1mScanning dependencies of target gesture_pkg_generate_messages_lisp[0m
[35m[1mScanning dependencies of target gesture_pkg_generate_messages_nodejs[0m
[ 28%] [34m[1mGenerating C++ code from gesture_pkg/CameraInfo.srv[0m
[ 57%] [34m[1mGenerating Javascript code from gesture_pkg/CameraInfo.srv[0m
[ 57%] [34m[1mGenerating EusLisp manifest code for gesture_pkg[0m
[ 71%] [34m[1mGenerating EusLisp code from gesture_pkg/CameraInfo.srv[0m
[ 85%] [34m[1mGenerating Lisp code from gesture_pkg/CameraInfo.srv[0m
[ 85%] Built target gesture_pkg_generate_messages_nodejs
[ 85%] Built target gesture_pkg_generate_messages_lisp
[100%] [34m[1mGenerating Python srv __init__.py for gesture_pkg[0m
[100%] Built target gesture_pkg_generate_messages_py
[100%] Built target gesture_pkg_generate_messages_cpp
[100%] Built target gesture_pkg_generate_messages_eus
[35m[1mScanning dependencies of target gesture_pkg_generate_messages[0m
[100%] Built target gesture_pkg_generate_messages
