Determining if the pthread_create exist failed with the following output:
Change Dir: /home/felice/command_interaction/ROS/hri_ws/build/iri_object_transportation_msgs/CMakeFiles/CMakeTmp

Run Build Command:"/usr/bin/make" "cmTC_ec425/fast"
/usr/bin/make -f CMakeFiles/cmTC_ec425.dir/build.make CMakeFiles/cmTC_ec425.dir/build
make[1]: Entering directory '/home/felice/command_interaction/ROS/hri_ws/build/iri_object_transportation_msgs/CMakeFiles/CMakeTmp'
Building C object CMakeFiles/cmTC_ec425.dir/CheckSymbolExists.c.o
/usr/bin/cc    -o CMakeFiles/cmTC_ec425.dir/CheckSymbolExists.c.o   -c /home/felice/command_interaction/ROS/hri_ws/build/iri_object_transportation_msgs/CMakeFiles/CMakeTmp/CheckSymbolExists.c
Linking C executable cmTC_ec425
/usr/bin/cmake -E cmake_link_script CMakeFiles/cmTC_ec425.dir/link.txt --verbose=1
/usr/bin/cc      -rdynamic CMakeFiles/cmTC_ec425.dir/CheckSymbolExists.c.o  -o cmTC_ec425 
CMakeFiles/cmTC_ec425.dir/CheckSymbolExists.c.o: In function `main':
CheckSymbolExists.c:(.text+0x1b): undefined reference to `pthread_create'
collect2: error: ld returned 1 exit status
CMakeFiles/cmTC_ec425.dir/build.make:97: recipe for target 'cmTC_ec425' failed
make[1]: *** [cmTC_ec425] Error 1
make[1]: Leaving directory '/home/felice/command_interaction/ROS/hri_ws/build/iri_object_transportation_msgs/CMakeFiles/CMakeTmp'
Makefile:126: recipe for target 'cmTC_ec425/fast' failed
make: *** [cmTC_ec425/fast] Error 2

File /home/felice/command_interaction/ROS/hri_ws/build/iri_object_transportation_msgs/CMakeFiles/CMakeTmp/CheckSymbolExists.c:
/* */
#include <pthread.h>

int main(int argc, char** argv)
{
  (void)argv;
#ifndef pthread_create
  return ((int*)(&pthread_create))[argc];
#else
  (void)argc;
  return 0;
#endif
}

Determining if the function pthread_create exists in the pthreads failed with the following output:
Change Dir: /home/felice/command_interaction/ROS/hri_ws/build/iri_object_transportation_msgs/CMakeFiles/CMakeTmp

Run Build Command:"/usr/bin/make" "cmTC_fb4f7/fast"
/usr/bin/make -f CMakeFiles/cmTC_fb4f7.dir/build.make CMakeFiles/cmTC_fb4f7.dir/build
make[1]: Entering directory '/home/felice/command_interaction/ROS/hri_ws/build/iri_object_transportation_msgs/CMakeFiles/CMakeTmp'
Building C object CMakeFiles/cmTC_fb4f7.dir/CheckFunctionExists.c.o
/usr/bin/cc   -DCHECK_FUNCTION_EXISTS=pthread_create   -o CMakeFiles/cmTC_fb4f7.dir/CheckFunctionExists.c.o   -c /usr/share/cmake-3.10/Modules/CheckFunctionExists.c
Linking C executable cmTC_fb4f7
/usr/bin/cmake -E cmake_link_script CMakeFiles/cmTC_fb4f7.dir/link.txt --verbose=1
/usr/bin/cc  -DCHECK_FUNCTION_EXISTS=pthread_create    -rdynamic CMakeFiles/cmTC_fb4f7.dir/CheckFunctionExists.c.o  -o cmTC_fb4f7 -lpthreads 
/usr/bin/ld: cannot find -lpthreads
collect2: error: ld returned 1 exit status
CMakeFiles/cmTC_fb4f7.dir/build.make:97: recipe for target 'cmTC_fb4f7' failed
make[1]: *** [cmTC_fb4f7] Error 1
make[1]: Leaving directory '/home/felice/command_interaction/ROS/hri_ws/build/iri_object_transportation_msgs/CMakeFiles/CMakeTmp'
Makefile:126: recipe for target 'cmTC_fb4f7/fast' failed
make: *** [cmTC_fb4f7/fast] Error 2


