[  0%] Built target move_base_msgs_generate_messages_cpp
[  0%] Built target std_msgs_generate_messages_cpp
[  0%] Built target std_msgs_generate_messages_nodejs
[  0%] Built target move_base_msgs_generate_messages_nodejs
[  0%] Built target std_msgs_generate_messages_lisp
[  0%] Built target move_base_msgs_generate_messages_lisp
[  0%] Built target move_base_msgs_generate_messages_eus
[  0%] Built target _speech_pkg_generate_messages_check_deps_Speech
[  0%] Built target std_msgs_generate_messages_eus
[  0%] Built target _speech_pkg_generate_messages_check_deps_ClassificationMSI
[  0%] Built target _speech_pkg_generate_messages_check_deps_SystemHealth
[  0%] Built target _speech_pkg_generate_messages_check_deps_Gesture
[  0%] Built target _speech_pkg_generate_messages_check_deps_SpeechData
[  0%] Built target _speech_pkg_generate_messages_check_deps_Classification
[  0%] Built target _speech_pkg_generate_messages_check_deps_Manager
[  0%] Built target _speech_pkg_generate_messages_check_deps_Talker
[  0%] Built target std_msgs_generate_messages_py
[  0%] Built target _speech_pkg_generate_messages_check_deps_Command
[  0%] Built target move_base_msgs_generate_messages_py
[ 77%] Built target speech_pkg_generate_messages_eus
[ 77%] Built target speech_pkg_generate_messages_nodejs
[ 77%] Built target speech_pkg_generate_messages_cpp
[ 81%] Built target speech_pkg_generate_messages_py
[100%] Built target speech_pkg_generate_messages_lisp
[100%] Built target speech_pkg_generate_messages
