Linked: (/home/felice/command_interaction/ROS/hri_ws/devel/.private/speech_pkg/lib/python2.7/dist-packages/speech_pkg/__init__.py, /home/felice/command_interaction/ROS/hri_ws/devel/lib/python2.7/dist-packages/speech_pkg/__init__.py)
Linked: (/home/felice/command_interaction/ROS/hri_ws/devel/.private/speech_pkg/lib/python2.7/dist-packages/speech_pkg/msg/_Gesture.py, /home/felice/command_interaction/ROS/hri_ws/devel/lib/python2.7/dist-packages/speech_pkg/msg/_Gesture.py)
Linked: (/home/felice/command_interaction/ROS/hri_ws/devel/.private/speech_pkg/lib/python2.7/dist-packages/speech_pkg/msg/_Speech.py, /home/felice/command_interaction/ROS/hri_ws/devel/lib/python2.7/dist-packages/speech_pkg/msg/_Speech.py)
Linked: (/home/felice/command_interaction/ROS/hri_ws/devel/.private/speech_pkg/lib/python2.7/dist-packages/speech_pkg/msg/_Command.py, /home/felice/command_interaction/ROS/hri_ws/devel/lib/python2.7/dist-packages/speech_pkg/msg/_Command.py)
Linked: (/home/felice/command_interaction/ROS/hri_ws/devel/.private/speech_pkg/lib/python2.7/dist-packages/speech_pkg/msg/_SystemHealth.py, /home/felice/command_interaction/ROS/hri_ws/devel/lib/python2.7/dist-packages/speech_pkg/msg/_SystemHealth.py)
Linked: (/home/felice/command_interaction/ROS/hri_ws/devel/.private/speech_pkg/lib/python2.7/dist-packages/speech_pkg/msg/_SpeechData.py, /home/felice/command_interaction/ROS/hri_ws/devel/lib/python2.7/dist-packages/speech_pkg/msg/_SpeechData.py)
Linked: (/home/felice/command_interaction/ROS/hri_ws/devel/.private/speech_pkg/lib/python2.7/dist-packages/speech_pkg/msg/__init__.py, /home/felice/command_interaction/ROS/hri_ws/devel/lib/python2.7/dist-packages/speech_pkg/msg/__init__.py)
Linked: (/home/felice/command_interaction/ROS/hri_ws/devel/.private/speech_pkg/lib/python2.7/dist-packages/speech_pkg/srv/_ClassificationMSI.py, /home/felice/command_interaction/ROS/hri_ws/devel/lib/python2.7/dist-packages/speech_pkg/srv/_ClassificationMSI.py)
Linked: (/home/felice/command_interaction/ROS/hri_ws/devel/.private/speech_pkg/lib/python2.7/dist-packages/speech_pkg/srv/_Manager.py, /home/felice/command_interaction/ROS/hri_ws/devel/lib/python2.7/dist-packages/speech_pkg/srv/_Manager.py)
Linked: (/home/felice/command_interaction/ROS/hri_ws/devel/.private/speech_pkg/lib/python2.7/dist-packages/speech_pkg/srv/_Classification.py, /home/felice/command_interaction/ROS/hri_ws/devel/lib/python2.7/dist-packages/speech_pkg/srv/_Classification.py)
Linked: (/home/felice/command_interaction/ROS/hri_ws/devel/.private/speech_pkg/lib/python2.7/dist-packages/speech_pkg/srv/_Talker.py, /home/felice/command_interaction/ROS/hri_ws/devel/lib/python2.7/dist-packages/speech_pkg/srv/_Talker.py)
Linked: (/home/felice/command_interaction/ROS/hri_ws/devel/.private/speech_pkg/lib/python2.7/dist-packages/speech_pkg/srv/__init__.py, /home/felice/command_interaction/ROS/hri_ws/devel/lib/python2.7/dist-packages/speech_pkg/srv/__init__.py)
Linked: (/home/felice/command_interaction/ROS/hri_ws/devel/.private/speech_pkg/lib/pkgconfig/speech_pkg.pc, /home/felice/command_interaction/ROS/hri_ws/devel/lib/pkgconfig/speech_pkg.pc)
Linked: (/home/felice/command_interaction/ROS/hri_ws/devel/.private/speech_pkg/share/roseus/ros/speech_pkg/manifest.l, /home/felice/command_interaction/ROS/hri_ws/devel/share/roseus/ros/speech_pkg/manifest.l)
Linked: (/home/felice/command_interaction/ROS/hri_ws/devel/.private/speech_pkg/share/roseus/ros/speech_pkg/msg/SystemHealth.l, /home/felice/command_interaction/ROS/hri_ws/devel/share/roseus/ros/speech_pkg/msg/SystemHealth.l)
Linked: (/home/felice/command_interaction/ROS/hri_ws/devel/.private/speech_pkg/share/roseus/ros/speech_pkg/msg/Speech.l, /home/felice/command_interaction/ROS/hri_ws/devel/share/roseus/ros/speech_pkg/msg/Speech.l)
Linked: (/home/felice/command_interaction/ROS/hri_ws/devel/.private/speech_pkg/share/roseus/ros/speech_pkg/msg/Command.l, /home/felice/command_interaction/ROS/hri_ws/devel/share/roseus/ros/speech_pkg/msg/Command.l)
Linked: (/home/felice/command_interaction/ROS/hri_ws/devel/.private/speech_pkg/share/roseus/ros/speech_pkg/msg/SpeechData.l, /home/felice/command_interaction/ROS/hri_ws/devel/share/roseus/ros/speech_pkg/msg/SpeechData.l)
Linked: (/home/felice/command_interaction/ROS/hri_ws/devel/.private/speech_pkg/share/roseus/ros/speech_pkg/msg/Gesture.l, /home/felice/command_interaction/ROS/hri_ws/devel/share/roseus/ros/speech_pkg/msg/Gesture.l)
Linked: (/home/felice/command_interaction/ROS/hri_ws/devel/.private/speech_pkg/share/roseus/ros/speech_pkg/srv/Talker.l, /home/felice/command_interaction/ROS/hri_ws/devel/share/roseus/ros/speech_pkg/srv/Talker.l)
Linked: (/home/felice/command_interaction/ROS/hri_ws/devel/.private/speech_pkg/share/roseus/ros/speech_pkg/srv/Classification.l, /home/felice/command_interaction/ROS/hri_ws/devel/share/roseus/ros/speech_pkg/srv/Classification.l)
Linked: (/home/felice/command_interaction/ROS/hri_ws/devel/.private/speech_pkg/share/roseus/ros/speech_pkg/srv/ClassificationMSI.l, /home/felice/command_interaction/ROS/hri_ws/devel/share/roseus/ros/speech_pkg/srv/ClassificationMSI.l)
Linked: (/home/felice/command_interaction/ROS/hri_ws/devel/.private/speech_pkg/share/roseus/ros/speech_pkg/srv/Manager.l, /home/felice/command_interaction/ROS/hri_ws/devel/share/roseus/ros/speech_pkg/srv/Manager.l)
Linked: (/home/felice/command_interaction/ROS/hri_ws/devel/.private/speech_pkg/share/common-lisp/ros/speech_pkg/msg/Speech.lisp, /home/felice/command_interaction/ROS/hri_ws/devel/share/common-lisp/ros/speech_pkg/msg/Speech.lisp)
Linked: (/home/felice/command_interaction/ROS/hri_ws/devel/.private/speech_pkg/share/common-lisp/ros/speech_pkg/msg/Gesture.lisp, /home/felice/command_interaction/ROS/hri_ws/devel/share/common-lisp/ros/speech_pkg/msg/Gesture.lisp)
Linked: (/home/felice/command_interaction/ROS/hri_ws/devel/.private/speech_pkg/share/common-lisp/ros/speech_pkg/msg/_package_Command.lisp, /home/felice/command_interaction/ROS/hri_ws/devel/share/common-lisp/ros/speech_pkg/msg/_package_Command.lisp)
Linked: (/home/felice/command_interaction/ROS/hri_ws/devel/.private/speech_pkg/share/common-lisp/ros/speech_pkg/msg/Command.lisp, /home/felice/command_interaction/ROS/hri_ws/devel/share/common-lisp/ros/speech_pkg/msg/Command.lisp)
Linked: (/home/felice/command_interaction/ROS/hri_ws/devel/.private/speech_pkg/share/common-lisp/ros/speech_pkg/msg/_package_Speech.lisp, /home/felice/command_interaction/ROS/hri_ws/devel/share/common-lisp/ros/speech_pkg/msg/_package_Speech.lisp)
Linked: (/home/felice/command_interaction/ROS/hri_ws/devel/.private/speech_pkg/share/common-lisp/ros/speech_pkg/msg/SystemHealth.lisp, /home/felice/command_interaction/ROS/hri_ws/devel/share/common-lisp/ros/speech_pkg/msg/SystemHealth.lisp)
Linked: (/home/felice/command_interaction/ROS/hri_ws/devel/.private/speech_pkg/share/common-lisp/ros/speech_pkg/msg/_package_SystemHealth.lisp, /home/felice/command_interaction/ROS/hri_ws/devel/share/common-lisp/ros/speech_pkg/msg/_package_SystemHealth.lisp)
Linked: (/home/felice/command_interaction/ROS/hri_ws/devel/.private/speech_pkg/share/common-lisp/ros/speech_pkg/msg/_package_SpeechData.lisp, /home/felice/command_interaction/ROS/hri_ws/devel/share/common-lisp/ros/speech_pkg/msg/_package_SpeechData.lisp)
Linked: (/home/felice/command_interaction/ROS/hri_ws/devel/.private/speech_pkg/share/common-lisp/ros/speech_pkg/msg/_package_Gesture.lisp, /home/felice/command_interaction/ROS/hri_ws/devel/share/common-lisp/ros/speech_pkg/msg/_package_Gesture.lisp)
Linked: (/home/felice/command_interaction/ROS/hri_ws/devel/.private/speech_pkg/share/common-lisp/ros/speech_pkg/msg/speech_pkg-msg.asd, /home/felice/command_interaction/ROS/hri_ws/devel/share/common-lisp/ros/speech_pkg/msg/speech_pkg-msg.asd)
Linked: (/home/felice/command_interaction/ROS/hri_ws/devel/.private/speech_pkg/share/common-lisp/ros/speech_pkg/msg/_package.lisp, /home/felice/command_interaction/ROS/hri_ws/devel/share/common-lisp/ros/speech_pkg/msg/_package.lisp)
Linked: (/home/felice/command_interaction/ROS/hri_ws/devel/.private/speech_pkg/share/common-lisp/ros/speech_pkg/msg/SpeechData.lisp, /home/felice/command_interaction/ROS/hri_ws/devel/share/common-lisp/ros/speech_pkg/msg/SpeechData.lisp)
Linked: (/home/felice/command_interaction/ROS/hri_ws/devel/.private/speech_pkg/share/common-lisp/ros/speech_pkg/srv/_package_Manager.lisp, /home/felice/command_interaction/ROS/hri_ws/devel/share/common-lisp/ros/speech_pkg/srv/_package_Manager.lisp)
Linked: (/home/felice/command_interaction/ROS/hri_ws/devel/.private/speech_pkg/share/common-lisp/ros/speech_pkg/srv/_package_Talker.lisp, /home/felice/command_interaction/ROS/hri_ws/devel/share/common-lisp/ros/speech_pkg/srv/_package_Talker.lisp)
Linked: (/home/felice/command_interaction/ROS/hri_ws/devel/.private/speech_pkg/share/common-lisp/ros/speech_pkg/srv/ClassificationMSI.lisp, /home/felice/command_interaction/ROS/hri_ws/devel/share/common-lisp/ros/speech_pkg/srv/ClassificationMSI.lisp)
Linked: (/home/felice/command_interaction/ROS/hri_ws/devel/.private/speech_pkg/share/common-lisp/ros/speech_pkg/srv/_package_Classification.lisp, /home/felice/command_interaction/ROS/hri_ws/devel/share/common-lisp/ros/speech_pkg/srv/_package_Classification.lisp)
Linked: (/home/felice/command_interaction/ROS/hri_ws/devel/.private/speech_pkg/share/common-lisp/ros/speech_pkg/srv/_package_ClassificationMSI.lisp, /home/felice/command_interaction/ROS/hri_ws/devel/share/common-lisp/ros/speech_pkg/srv/_package_ClassificationMSI.lisp)
Linked: (/home/felice/command_interaction/ROS/hri_ws/devel/.private/speech_pkg/share/common-lisp/ros/speech_pkg/srv/Classification.lisp, /home/felice/command_interaction/ROS/hri_ws/devel/share/common-lisp/ros/speech_pkg/srv/Classification.lisp)
Linked: (/home/felice/command_interaction/ROS/hri_ws/devel/.private/speech_pkg/share/common-lisp/ros/speech_pkg/srv/_package.lisp, /home/felice/command_interaction/ROS/hri_ws/devel/share/common-lisp/ros/speech_pkg/srv/_package.lisp)
Linked: (/home/felice/command_interaction/ROS/hri_ws/devel/.private/speech_pkg/share/common-lisp/ros/speech_pkg/srv/speech_pkg-srv.asd, /home/felice/command_interaction/ROS/hri_ws/devel/share/common-lisp/ros/speech_pkg/srv/speech_pkg-srv.asd)
Linked: (/home/felice/command_interaction/ROS/hri_ws/devel/.private/speech_pkg/share/common-lisp/ros/speech_pkg/srv/Talker.lisp, /home/felice/command_interaction/ROS/hri_ws/devel/share/common-lisp/ros/speech_pkg/srv/Talker.lisp)
Linked: (/home/felice/command_interaction/ROS/hri_ws/devel/.private/speech_pkg/share/common-lisp/ros/speech_pkg/srv/Manager.lisp, /home/felice/command_interaction/ROS/hri_ws/devel/share/common-lisp/ros/speech_pkg/srv/Manager.lisp)
Linked: (/home/felice/command_interaction/ROS/hri_ws/devel/.private/speech_pkg/share/gennodejs/ros/speech_pkg/_index.js, /home/felice/command_interaction/ROS/hri_ws/devel/share/gennodejs/ros/speech_pkg/_index.js)
Linked: (/home/felice/command_interaction/ROS/hri_ws/devel/.private/speech_pkg/share/gennodejs/ros/speech_pkg/msg/Speech.js, /home/felice/command_interaction/ROS/hri_ws/devel/share/gennodejs/ros/speech_pkg/msg/Speech.js)
Linked: (/home/felice/command_interaction/ROS/hri_ws/devel/.private/speech_pkg/share/gennodejs/ros/speech_pkg/msg/_index.js, /home/felice/command_interaction/ROS/hri_ws/devel/share/gennodejs/ros/speech_pkg/msg/_index.js)
Linked: (/home/felice/command_interaction/ROS/hri_ws/devel/.private/speech_pkg/share/gennodejs/ros/speech_pkg/msg/SystemHealth.js, /home/felice/command_interaction/ROS/hri_ws/devel/share/gennodejs/ros/speech_pkg/msg/SystemHealth.js)
Linked: (/home/felice/command_interaction/ROS/hri_ws/devel/.private/speech_pkg/share/gennodejs/ros/speech_pkg/msg/SpeechData.js, /home/felice/command_interaction/ROS/hri_ws/devel/share/gennodejs/ros/speech_pkg/msg/SpeechData.js)
Linked: (/home/felice/command_interaction/ROS/hri_ws/devel/.private/speech_pkg/share/gennodejs/ros/speech_pkg/msg/Gesture.js, /home/felice/command_interaction/ROS/hri_ws/devel/share/gennodejs/ros/speech_pkg/msg/Gesture.js)
Linked: (/home/felice/command_interaction/ROS/hri_ws/devel/.private/speech_pkg/share/gennodejs/ros/speech_pkg/msg/Command.js, /home/felice/command_interaction/ROS/hri_ws/devel/share/gennodejs/ros/speech_pkg/msg/Command.js)
Linked: (/home/felice/command_interaction/ROS/hri_ws/devel/.private/speech_pkg/share/gennodejs/ros/speech_pkg/srv/Manager.js, /home/felice/command_interaction/ROS/hri_ws/devel/share/gennodejs/ros/speech_pkg/srv/Manager.js)
Linked: (/home/felice/command_interaction/ROS/hri_ws/devel/.private/speech_pkg/share/gennodejs/ros/speech_pkg/srv/ClassificationMSI.js, /home/felice/command_interaction/ROS/hri_ws/devel/share/gennodejs/ros/speech_pkg/srv/ClassificationMSI.js)
Linked: (/home/felice/command_interaction/ROS/hri_ws/devel/.private/speech_pkg/share/gennodejs/ros/speech_pkg/srv/_index.js, /home/felice/command_interaction/ROS/hri_ws/devel/share/gennodejs/ros/speech_pkg/srv/_index.js)
Linked: (/home/felice/command_interaction/ROS/hri_ws/devel/.private/speech_pkg/share/gennodejs/ros/speech_pkg/srv/Talker.js, /home/felice/command_interaction/ROS/hri_ws/devel/share/gennodejs/ros/speech_pkg/srv/Talker.js)
Linked: (/home/felice/command_interaction/ROS/hri_ws/devel/.private/speech_pkg/share/gennodejs/ros/speech_pkg/srv/Classification.js, /home/felice/command_interaction/ROS/hri_ws/devel/share/gennodejs/ros/speech_pkg/srv/Classification.js)
Linked: (/home/felice/command_interaction/ROS/hri_ws/devel/.private/speech_pkg/share/speech_pkg/cmake/speech_pkg-msg-extras.cmake, /home/felice/command_interaction/ROS/hri_ws/devel/share/speech_pkg/cmake/speech_pkg-msg-extras.cmake)
Linked: (/home/felice/command_interaction/ROS/hri_ws/devel/.private/speech_pkg/share/speech_pkg/cmake/speech_pkgConfig-version.cmake, /home/felice/command_interaction/ROS/hri_ws/devel/share/speech_pkg/cmake/speech_pkgConfig-version.cmake)
Linked: (/home/felice/command_interaction/ROS/hri_ws/devel/.private/speech_pkg/share/speech_pkg/cmake/speech_pkgConfig.cmake, /home/felice/command_interaction/ROS/hri_ws/devel/share/speech_pkg/cmake/speech_pkgConfig.cmake)
Linked: (/home/felice/command_interaction/ROS/hri_ws/devel/.private/speech_pkg/share/speech_pkg/cmake/speech_pkg-msg-paths.cmake, /home/felice/command_interaction/ROS/hri_ws/devel/share/speech_pkg/cmake/speech_pkg-msg-paths.cmake)
Linked: (/home/felice/command_interaction/ROS/hri_ws/devel/.private/speech_pkg/include/speech_pkg/Classification.h, /home/felice/command_interaction/ROS/hri_ws/devel/include/speech_pkg/Classification.h)
Linked: (/home/felice/command_interaction/ROS/hri_ws/devel/.private/speech_pkg/include/speech_pkg/Talker.h, /home/felice/command_interaction/ROS/hri_ws/devel/include/speech_pkg/Talker.h)
Linked: (/home/felice/command_interaction/ROS/hri_ws/devel/.private/speech_pkg/include/speech_pkg/ClassificationResponse.h, /home/felice/command_interaction/ROS/hri_ws/devel/include/speech_pkg/ClassificationResponse.h)
Linked: (/home/felice/command_interaction/ROS/hri_ws/devel/.private/speech_pkg/include/speech_pkg/ClassificationMSIResponse.h, /home/felice/command_interaction/ROS/hri_ws/devel/include/speech_pkg/ClassificationMSIResponse.h)
Linked: (/home/felice/command_interaction/ROS/hri_ws/devel/.private/speech_pkg/include/speech_pkg/ClassificationMSIRequest.h, /home/felice/command_interaction/ROS/hri_ws/devel/include/speech_pkg/ClassificationMSIRequest.h)
Linked: (/home/felice/command_interaction/ROS/hri_ws/devel/.private/speech_pkg/include/speech_pkg/ManagerResponse.h, /home/felice/command_interaction/ROS/hri_ws/devel/include/speech_pkg/ManagerResponse.h)
Linked: (/home/felice/command_interaction/ROS/hri_ws/devel/.private/speech_pkg/include/speech_pkg/ManagerRequest.h, /home/felice/command_interaction/ROS/hri_ws/devel/include/speech_pkg/ManagerRequest.h)
Linked: (/home/felice/command_interaction/ROS/hri_ws/devel/.private/speech_pkg/include/speech_pkg/TalkerResponse.h, /home/felice/command_interaction/ROS/hri_ws/devel/include/speech_pkg/TalkerResponse.h)
Linked: (/home/felice/command_interaction/ROS/hri_ws/devel/.private/speech_pkg/include/speech_pkg/Manager.h, /home/felice/command_interaction/ROS/hri_ws/devel/include/speech_pkg/Manager.h)
Linked: (/home/felice/command_interaction/ROS/hri_ws/devel/.private/speech_pkg/include/speech_pkg/Gesture.h, /home/felice/command_interaction/ROS/hri_ws/devel/include/speech_pkg/Gesture.h)
Linked: (/home/felice/command_interaction/ROS/hri_ws/devel/.private/speech_pkg/include/speech_pkg/Speech.h, /home/felice/command_interaction/ROS/hri_ws/devel/include/speech_pkg/Speech.h)
Linked: (/home/felice/command_interaction/ROS/hri_ws/devel/.private/speech_pkg/include/speech_pkg/ClassificationRequest.h, /home/felice/command_interaction/ROS/hri_ws/devel/include/speech_pkg/ClassificationRequest.h)
Linked: (/home/felice/command_interaction/ROS/hri_ws/devel/.private/speech_pkg/include/speech_pkg/SpeechData.h, /home/felice/command_interaction/ROS/hri_ws/devel/include/speech_pkg/SpeechData.h)
Linked: (/home/felice/command_interaction/ROS/hri_ws/devel/.private/speech_pkg/include/speech_pkg/Command.h, /home/felice/command_interaction/ROS/hri_ws/devel/include/speech_pkg/Command.h)
Linked: (/home/felice/command_interaction/ROS/hri_ws/devel/.private/speech_pkg/include/speech_pkg/SystemHealth.h, /home/felice/command_interaction/ROS/hri_ws/devel/include/speech_pkg/SystemHealth.h)
Linked: (/home/felice/command_interaction/ROS/hri_ws/devel/.private/speech_pkg/include/speech_pkg/ClassificationMSI.h, /home/felice/command_interaction/ROS/hri_ws/devel/include/speech_pkg/ClassificationMSI.h)
Linked: (/home/felice/command_interaction/ROS/hri_ws/devel/.private/speech_pkg/include/speech_pkg/TalkerRequest.h, /home/felice/command_interaction/ROS/hri_ws/devel/include/speech_pkg/TalkerRequest.h)
