Not searching for unused variables given on the command line.
[36m--[0m Using CATKIN_DEVEL_PREFIX: /home/felice/command_interaction/ROS/hri_ws/devel/.private/speech_pkg
[36m--[0m Using CMAKE_PREFIX_PATH: /home/felice/command_interaction/ROS/hri_ws/devel;/opt/ros/melodic
[36m--[0m This workspace overlays: /home/felice/command_interaction/ROS/hri_ws/devel;/opt/ros/melodic
[36m--[0m Found PythonInterp: /usr/bin/python2 (found suitable version "2.7.17", minimum required is "2")
[36m--[0m Using PYTHON_EXECUTABLE: /usr/bin/python2
[36m--[0m Using Debian Python package layout
[36m--[0m Using empy: /usr/bin/empy
[36m--[0m Using CATKIN_ENABLE_TESTING: ON
[36m--[0m Call enable_testing()
[36m--[0m Using CATKIN_TEST_RESULTS_DIR: /home/felice/command_interaction/ROS/hri_ws/build/speech_pkg/test_results
[36m--[0m Found gtest sources under '/usr/src/googletest': gtests will be built
[36m--[0m Found gmock sources under '/usr/src/googletest': gmock will be built
[36m--[0m Found PythonInterp: /usr/bin/python2 (found version "2.7.17")
[36m--[0m Using Python nosetests: /usr/bin/nosetests-2.7
[36m--[0m catkin 0.7.29
[36m--[0m BUILD_SHARED_LIBS is on
[36m--[0m Using these message generators: gencpp;geneus;genlisp;gennodejs;genpy
[36m--[0m Generating .msg files for action speech_pkg/Intent /home/felice/command_interaction/ROS/hri_ws/src/speech_pkg/action/Intent.action
Generating for action Intent
[31m[1mCMake Error[0m at /home/felice/command_interaction/ROS/hri_ws/build/speech_pkg/cmake/speech_pkg-genmsg.cmake:3 (message):
  Could not find messages which
  '/home/felice/command_interaction/ROS/hri_ws/devel/.private/speech_pkg/share/speech_pkg/msg/IntentAction.msg'
  depends on.  Did you forget to specify generate_messages(DEPENDENCIES ...)?

  Cannot locate message [utin8] in package [speech_pkg] with paths
  [['/home/felice/command_interaction/ROS/hri_ws/src/speech_pkg/msg',
  '/home/felice/command_interaction/ROS/hri_ws/devel/.private/speech_pkg/share/speech_pkg/msg']]
[36mCall Stack (most recent call first):[0m
  /opt/ros/melodic/share/genmsg/cmake/genmsg-extras.cmake:307 (include)
  CMakeLists.txt:77 (generate_messages)


[36m--[0m Configuring incomplete, errors occurred!
See also "/home/felice/command_interaction/ROS/hri_ws/build/speech_pkg/CMakeFiles/CMakeOutput.log".
See also "/home/felice/command_interaction/ROS/hri_ws/build/speech_pkg/CMakeFiles/CMakeError.log".
