[35m[1mScanning dependencies of target move_base_msgs_generate_messages_cpp[0m
[35m[1mScanning dependencies of target _speech_pkg_generate_messages_check_deps_Gesture[0m
[35m[1mScanning dependencies of target actionlib_msgs_generate_messages_cpp[0m
[35m[1mScanning dependencies of target _speech_pkg_generate_messages_check_deps_Speech[0m
[35m[1mScanning dependencies of target _speech_pkg_generate_messages_check_deps_ClassificationMSI[0m
[  0%] Built target move_base_msgs_generate_messages_cpp
[35m[1mScanning dependencies of target _speech_pkg_generate_messages_check_deps_Classification[0m
[  0%] Built target actionlib_msgs_generate_messages_cpp
[35m[1mScanning dependencies of target _speech_pkg_generate_messages_check_deps_SystemHealth[0m
[35m[1mScanning dependencies of target _speech_pkg_generate_messages_check_deps_Manager[0m
[  0%] Built target _speech_pkg_generate_messages_check_deps_Gesture
[  0%] Built target _speech_pkg_generate_messages_check_deps_Speech
[  0%] Built target _speech_pkg_generate_messages_check_deps_ClassificationMSI
[35m[1mScanning dependencies of target std_msgs_generate_messages_cpp[0m
[35m[1mScanning dependencies of target _speech_pkg_generate_messages_check_deps_SpeechData[0m
[  0%] Built target std_msgs_generate_messages_cpp
[35m[1mScanning dependencies of target _speech_pkg_generate_messages_check_deps_Command[0m
[  0%] Built target _speech_pkg_generate_messages_check_deps_SystemHealth
[  0%] Built target _speech_pkg_generate_messages_check_deps_Classification
[35m[1mScanning dependencies of target std_msgs_generate_messages_nodejs[0m
[35m[1mScanning dependencies of target move_base_msgs_generate_messages_nodejs[0m
[35m[1mScanning dependencies of target actionlib_msgs_generate_messages_nodejs[0m
[  0%] Built target _speech_pkg_generate_messages_check_deps_Manager
[  0%] Built target std_msgs_generate_messages_nodejs
[  0%] Built target actionlib_msgs_generate_messages_nodejs
[  0%] Built target move_base_msgs_generate_messages_nodejs
[35m[1mScanning dependencies of target move_base_msgs_generate_messages_lisp[0m
[  0%] Built target _speech_pkg_generate_messages_check_deps_SpeechData
[35m[1mScanning dependencies of target std_msgs_generate_messages_lisp[0m
[35m[1mScanning dependencies of target actionlib_msgs_generate_messages_lisp[0m
[35m[1mScanning dependencies of target move_base_msgs_generate_messages_eus[0m
[  0%] Built target _speech_pkg_generate_messages_check_deps_Command
[  0%] Built target move_base_msgs_generate_messages_lisp
[35m[1mScanning dependencies of target std_msgs_generate_messages_eus[0m
[  0%] Built target actionlib_msgs_generate_messages_lisp
[  0%] Built target std_msgs_generate_messages_lisp
[35m[1mScanning dependencies of target actionlib_msgs_generate_messages_eus[0m
[35m[1mScanning dependencies of target std_msgs_generate_messages_py[0m
[  0%] Built target move_base_msgs_generate_messages_eus
[  0%] Built target std_msgs_generate_messages_eus
[35m[1mScanning dependencies of target move_base_msgs_generate_messages_py[0m
[35m[1mScanning dependencies of target actionlib_msgs_generate_messages_py[0m
[  0%] Built target actionlib_msgs_generate_messages_eus
[  0%] Built target std_msgs_generate_messages_py
[35m[1mScanning dependencies of target speech_pkg_generate_messages_cpp[0m
[35m[1mScanning dependencies of target speech_pkg_generate_messages_nodejs[0m
[  0%] Built target move_base_msgs_generate_messages_py
[  0%] Built target actionlib_msgs_generate_messages_py
[35m[1mScanning dependencies of target speech_pkg_generate_messages_eus[0m
[  2%] [34m[1mGenerating C++ code from speech_pkg/Gesture.msg[0m
[  4%] [34m[1mGenerating Javascript code from speech_pkg/Gesture.msg[0m
[35m[1mScanning dependencies of target speech_pkg_generate_messages_lisp[0m
[  6%] [34m[1mGenerating C++ code from speech_pkg/Command.msg[0m
[  9%] [34m[1mGenerating C++ code from speech_pkg/Speech.msg[0m
[ 11%] [34m[1mGenerating EusLisp code from speech_pkg/Gesture.msg[0m
[ 13%] [34m[1mGenerating Lisp code from speech_pkg/Gesture.msg[0m
[ 16%] [34m[1mGenerating Javascript code from speech_pkg/Command.msg[0m
[ 18%] [34m[1mGenerating Lisp code from speech_pkg/Command.msg[0m
[ 20%] [34m[1mGenerating EusLisp code from speech_pkg/Command.msg[0m
[ 23%] [34m[1mGenerating Javascript code from speech_pkg/Speech.msg[0m
[ 25%] [34m[1mGenerating Lisp code from speech_pkg/Speech.msg[0m
[ 27%] [34m[1mGenerating C++ code from speech_pkg/SpeechData.msg[0m
[ 30%] [34m[1mGenerating C++ code from speech_pkg/SystemHealth.msg[0m
[ 32%] [34m[1mGenerating Javascript code from speech_pkg/SpeechData.msg[0m
[ 34%] [34m[1mGenerating Javascript code from speech_pkg/SystemHealth.msg[0m
[ 37%] [34m[1mGenerating EusLisp code from speech_pkg/Speech.msg[0m
[ 39%] [34m[1mGenerating Lisp code from speech_pkg/SpeechData.msg[0m
[ 41%] [34m[1mGenerating Javascript code from speech_pkg/ClassificationMSI.srv[0m
[ 44%] [34m[1mGenerating Javascript code from speech_pkg/Manager.srv[0m
[ 46%] [34m[1mGenerating Lisp code from speech_pkg/SystemHealth.msg[0m
[ 48%] [34m[1mGenerating EusLisp code from speech_pkg/SpeechData.msg[0m
[ 51%] [34m[1mGenerating Javascript code from speech_pkg/Classification.srv[0m
[35m[1mScanning dependencies of target speech_pkg_generate_messages_py[0m
[ 53%] [34m[1mGenerating Python from MSG speech_pkg/Gesture[0m
[ 55%] [34m[1mGenerating C++ code from speech_pkg/ClassificationMSI.srv[0m
[ 58%] [34m[1mGenerating Lisp code from speech_pkg/ClassificationMSI.srv[0m
[ 60%] [34m[1mGenerating C++ code from speech_pkg/Manager.srv[0m
[ 60%] Built target speech_pkg_generate_messages_nodejs
[ 65%] [34m[1mGenerating EusLisp code from speech_pkg/SystemHealth.msg[0m
[ 65%] [34m[1mGenerating C++ code from speech_pkg/Classification.srv[0m
[ 67%] [34m[1mGenerating Lisp code from speech_pkg/Manager.srv[0m
[ 69%] [34m[1mGenerating EusLisp code from speech_pkg/ClassificationMSI.srv[0m
[ 72%] [34m[1mGenerating Lisp code from speech_pkg/Classification.srv[0m
[ 74%] [34m[1mGenerating Python from MSG speech_pkg/Command[0m
[ 74%] Built target speech_pkg_generate_messages_lisp
[ 76%] [34m[1mGenerating Python from MSG speech_pkg/Speech[0m
[ 79%] [34m[1mGenerating EusLisp code from speech_pkg/Manager.srv[0m
[ 81%] [34m[1mGenerating EusLisp code from speech_pkg/Classification.srv[0m
[ 83%] [34m[1mGenerating EusLisp manifest code for speech_pkg[0m
[ 86%] [34m[1mGenerating Python from MSG speech_pkg/SpeechData[0m
[ 88%] [34m[1mGenerating Python from MSG speech_pkg/SystemHealth[0m
[ 88%] Built target speech_pkg_generate_messages_cpp
[ 90%] [34m[1mGenerating Python code from SRV speech_pkg/ClassificationMSI[0m
[ 93%] [34m[1mGenerating Python code from SRV speech_pkg/Manager[0m
[ 95%] [34m[1mGenerating Python code from SRV speech_pkg/Classification[0m
[ 97%] [34m[1mGenerating Python srv __init__.py for speech_pkg[0m
[100%] [34m[1mGenerating Python msg __init__.py for speech_pkg[0m
[100%] Built target speech_pkg_generate_messages_py
[100%] Built target speech_pkg_generate_messages_eus
[35m[1mScanning dependencies of target speech_pkg_generate_messages[0m
[100%] Built target speech_pkg_generate_messages
