Symlinking /home/felice/command_interaction/ROS/hri_ws/devel/include/speech_pkg/ClassificationRequest.h
Symlinking /home/felice/command_interaction/ROS/hri_ws/devel/include/speech_pkg/Command.h
Symlinking /home/felice/command_interaction/ROS/hri_ws/devel/include/speech_pkg/SpeechData.h
Symlinking /home/felice/command_interaction/ROS/hri_ws/devel/include/speech_pkg/SystemHealth.h
Symlinking /home/felice/command_interaction/ROS/hri_ws/devel/include/speech_pkg/ClassificationMSI.h
Symlinking /home/felice/command_interaction/ROS/hri_ws/devel/include/speech_pkg/Manager.h
Symlinking /home/felice/command_interaction/ROS/hri_ws/devel/include/speech_pkg/ClassificationResponse.h
Symlinking /home/felice/command_interaction/ROS/hri_ws/devel/include/speech_pkg/Speech.h
Symlinking /home/felice/command_interaction/ROS/hri_ws/devel/include/speech_pkg/ManagerResponse.h
Symlinking /home/felice/command_interaction/ROS/hri_ws/devel/include/speech_pkg/ManagerRequest.h
Symlinking /home/felice/command_interaction/ROS/hri_ws/devel/include/speech_pkg/ClassificationMSIRequest.h
Symlinking /home/felice/command_interaction/ROS/hri_ws/devel/include/speech_pkg/Classification.h
Symlinking /home/felice/command_interaction/ROS/hri_ws/devel/include/speech_pkg/ClassificationMSIResponse.h
Symlinking /home/felice/command_interaction/ROS/hri_ws/devel/include/speech_pkg/Gesture.h
Symlinking /home/felice/command_interaction/ROS/hri_ws/devel/share/speech_pkg/msg/IntentActionResult.msg
Symlinking /home/felice/command_interaction/ROS/hri_ws/devel/share/speech_pkg/msg/IntentAction.msg
Symlinking /home/felice/command_interaction/ROS/hri_ws/devel/share/speech_pkg/msg/IntentActionGoal.msg
Symlinking /home/felice/command_interaction/ROS/hri_ws/devel/share/speech_pkg/msg/IntentResult.msg
Symlinking /home/felice/command_interaction/ROS/hri_ws/devel/share/speech_pkg/msg/IntentActionFeedback.msg
Symlinking /home/felice/command_interaction/ROS/hri_ws/devel/share/speech_pkg/msg/IntentGoal.msg
Symlinking /home/felice/command_interaction/ROS/hri_ws/devel/share/speech_pkg/msg/IntentFeedback.msg
Symlinking /home/felice/command_interaction/ROS/hri_ws/devel/share/speech_pkg/cmake/speech_pkgConfig-version.cmake
Symlinking /home/felice/command_interaction/ROS/hri_ws/devel/share/speech_pkg/cmake/speech_pkg-msg-paths.cmake
Symlinking /home/felice/command_interaction/ROS/hri_ws/devel/share/speech_pkg/cmake/speech_pkgConfig.cmake
Symlinking /home/felice/command_interaction/ROS/hri_ws/devel/share/speech_pkg/cmake/speech_pkg-msg-extras.cmake
Symlinking /home/felice/command_interaction/ROS/hri_ws/devel/share/gennodejs/ros/speech_pkg/_index.js
Symlinking /home/felice/command_interaction/ROS/hri_ws/devel/share/gennodejs/ros/speech_pkg/msg/SystemHealth.js
Symlinking /home/felice/command_interaction/ROS/hri_ws/devel/share/gennodejs/ros/speech_pkg/msg/SpeechData.js
Symlinking /home/felice/command_interaction/ROS/hri_ws/devel/share/gennodejs/ros/speech_pkg/msg/Command.js
Symlinking /home/felice/command_interaction/ROS/hri_ws/devel/share/gennodejs/ros/speech_pkg/msg/_index.js
Symlinking /home/felice/command_interaction/ROS/hri_ws/devel/share/gennodejs/ros/speech_pkg/msg/Speech.js
Symlinking /home/felice/command_interaction/ROS/hri_ws/devel/share/gennodejs/ros/speech_pkg/msg/Gesture.js
Symlinking /home/felice/command_interaction/ROS/hri_ws/devel/share/gennodejs/ros/speech_pkg/srv/_index.js
Symlinking /home/felice/command_interaction/ROS/hri_ws/devel/share/gennodejs/ros/speech_pkg/srv/Classification.js
Symlinking /home/felice/command_interaction/ROS/hri_ws/devel/share/gennodejs/ros/speech_pkg/srv/ClassificationMSI.js
Symlinking /home/felice/command_interaction/ROS/hri_ws/devel/share/gennodejs/ros/speech_pkg/srv/Manager.js
Symlinking /home/felice/command_interaction/ROS/hri_ws/devel/share/common-lisp/ros/speech_pkg/msg/Gesture.lisp
Symlinking /home/felice/command_interaction/ROS/hri_ws/devel/share/common-lisp/ros/speech_pkg/msg/_package_Gesture.lisp
Symlinking /home/felice/command_interaction/ROS/hri_ws/devel/share/common-lisp/ros/speech_pkg/msg/_package_Speech.lisp
Symlinking /home/felice/command_interaction/ROS/hri_ws/devel/share/common-lisp/ros/speech_pkg/msg/SystemHealth.lisp
Symlinking /home/felice/command_interaction/ROS/hri_ws/devel/share/common-lisp/ros/speech_pkg/msg/speech_pkg-msg.asd
Symlinking /home/felice/command_interaction/ROS/hri_ws/devel/share/common-lisp/ros/speech_pkg/msg/SpeechData.lisp
Symlinking /home/felice/command_interaction/ROS/hri_ws/devel/share/common-lisp/ros/speech_pkg/msg/_package_SpeechData.lisp
Symlinking /home/felice/command_interaction/ROS/hri_ws/devel/share/common-lisp/ros/speech_pkg/msg/_package.lisp
Symlinking /home/felice/command_interaction/ROS/hri_ws/devel/share/common-lisp/ros/speech_pkg/msg/_package_SystemHealth.lisp
Symlinking /home/felice/command_interaction/ROS/hri_ws/devel/share/common-lisp/ros/speech_pkg/msg/_package_Command.lisp
Symlinking /home/felice/command_interaction/ROS/hri_ws/devel/share/common-lisp/ros/speech_pkg/msg/Command.lisp
Symlinking /home/felice/command_interaction/ROS/hri_ws/devel/share/common-lisp/ros/speech_pkg/msg/Speech.lisp
Symlinking /home/felice/command_interaction/ROS/hri_ws/devel/share/common-lisp/ros/speech_pkg/srv/speech_pkg-srv.asd
Symlinking /home/felice/command_interaction/ROS/hri_ws/devel/share/common-lisp/ros/speech_pkg/srv/_package_ClassificationMSI.lisp
Symlinking /home/felice/command_interaction/ROS/hri_ws/devel/share/common-lisp/ros/speech_pkg/srv/_package_Classification.lisp
Symlinking /home/felice/command_interaction/ROS/hri_ws/devel/share/common-lisp/ros/speech_pkg/srv/Manager.lisp
Symlinking /home/felice/command_interaction/ROS/hri_ws/devel/share/common-lisp/ros/speech_pkg/srv/_package_Manager.lisp
Symlinking /home/felice/command_interaction/ROS/hri_ws/devel/share/common-lisp/ros/speech_pkg/srv/_package.lisp
Symlinking /home/felice/command_interaction/ROS/hri_ws/devel/share/common-lisp/ros/speech_pkg/srv/Classification.lisp
Symlinking /home/felice/command_interaction/ROS/hri_ws/devel/share/common-lisp/ros/speech_pkg/srv/ClassificationMSI.lisp
Symlinking /home/felice/command_interaction/ROS/hri_ws/devel/share/roseus/ros/speech_pkg/manifest.l
Symlinking /home/felice/command_interaction/ROS/hri_ws/devel/share/roseus/ros/speech_pkg/msg/SystemHealth.l
Symlinking /home/felice/command_interaction/ROS/hri_ws/devel/share/roseus/ros/speech_pkg/msg/Command.l
Symlinking /home/felice/command_interaction/ROS/hri_ws/devel/share/roseus/ros/speech_pkg/msg/Gesture.l
Symlinking /home/felice/command_interaction/ROS/hri_ws/devel/share/roseus/ros/speech_pkg/msg/Speech.l
Symlinking /home/felice/command_interaction/ROS/hri_ws/devel/share/roseus/ros/speech_pkg/msg/SpeechData.l
Symlinking /home/felice/command_interaction/ROS/hri_ws/devel/share/roseus/ros/speech_pkg/srv/Classification.l
Symlinking /home/felice/command_interaction/ROS/hri_ws/devel/share/roseus/ros/speech_pkg/srv/ClassificationMSI.l
Symlinking /home/felice/command_interaction/ROS/hri_ws/devel/share/roseus/ros/speech_pkg/srv/Manager.l
Symlinking /home/felice/command_interaction/ROS/hri_ws/devel/lib/pkgconfig/speech_pkg.pc
Symlinking /home/felice/command_interaction/ROS/hri_ws/devel/lib/python2.7/dist-packages/speech_pkg/__init__.py
Symlinking /home/felice/command_interaction/ROS/hri_ws/devel/lib/python2.7/dist-packages/speech_pkg/msg/_Command.py
Symlinking /home/felice/command_interaction/ROS/hri_ws/devel/lib/python2.7/dist-packages/speech_pkg/msg/_SystemHealth.py
Symlinking /home/felice/command_interaction/ROS/hri_ws/devel/lib/python2.7/dist-packages/speech_pkg/msg/_SpeechData.py
Symlinking /home/felice/command_interaction/ROS/hri_ws/devel/lib/python2.7/dist-packages/speech_pkg/msg/__init__.py
Symlinking /home/felice/command_interaction/ROS/hri_ws/devel/lib/python2.7/dist-packages/speech_pkg/msg/_Gesture.py
Symlinking /home/felice/command_interaction/ROS/hri_ws/devel/lib/python2.7/dist-packages/speech_pkg/msg/_Speech.py
Symlinking /home/felice/command_interaction/ROS/hri_ws/devel/lib/python2.7/dist-packages/speech_pkg/srv/_Classification.py
Symlinking /home/felice/command_interaction/ROS/hri_ws/devel/lib/python2.7/dist-packages/speech_pkg/srv/_Manager.py
Symlinking /home/felice/command_interaction/ROS/hri_ws/devel/lib/python2.7/dist-packages/speech_pkg/srv/__init__.py
Symlinking /home/felice/command_interaction/ROS/hri_ws/devel/lib/python2.7/dist-packages/speech_pkg/srv/_ClassificationMSI.py
