commit hash: d0e51195b84eebb2e39b334474dc82c7a07710ee
diff --git a/Model_Augmentation/db_test.csv b/Model_Augmentation/db_test.csv
index 893851d..da328b5 100755
--- a/Model_Augmentation/db_test.csv
+++ b/Model_Augmentation/db_test.csv
@@ -1,231 +1,247 @@
 ,fname,noise,start_time
-0,dataset/FELICE_demo7_phase_I/commands/142490997/eng/eng_2.wav,fsd/noise_set/colpi ripetuti/pile-driver-pound-hard-long_M1TUSONd_NWM.wav,0
-11,dataset/FELICE_demo7_phase_I/commands/142490997/eng/ita_0.wav,fsd/noise_set/catena di lavoro/SDMechanicalFactoryassemblyliteINT01-MS.wav,0
-22,dataset/FELICE_demo7_phase_I/commands/142490997/eng/eng_3.wav,fsd/noise_set/fan/space-heater-run_fyqe_iEd_NWM.wav,0
-33,dataset/FELICE_demo7_phase_I/commands/142490997/eng/eng_0.wav,fsd/noise_set/catena di lavoro/SDMechanicalFactoryassemblyliteINT01-MS.wav,0
-44,dataset/FELICE_demo7_phase_I/commands/1095491263/eng/ita_0.wav,fsd/noise_set/strumenti di lavoro (lavorazione metalli)/saldatrice/saldatrice.wav,0
-55,dataset/FELICE_demo7_phase_I/commands/1095491263/eng/eng_0.wav,fsd/noise_set/strumenti di lavoro (lavorazione metalli)/saldatrice/saldatrice.wav,0
-66,dataset/FELICE_demo7_phase_I/commands/1153694021/eng/eng_1.wav,fsd/noise_set/353526.wav,0.7531464662021298
-77,dataset/FELICE_demo7_phase_I/commands/1153694021/eng/eng_4.wav,fsd/noise_set/catena di lavoro/SDMechanicalFactoryassemblyliteINT01-MS.wav,0
-88,dataset/FELICE_demo7_phase_I/commands/1153694021/eng/eng_2.wav,fsd/noise_set/353526.wav,0.5832232801231617
-99,dataset/FELICE_demo7_phase_I/commands/1153694021/eng/eng_5.wav,fsd/noise_set/drill/258044.wav,0
-110,dataset/FELICE_demo7_phase_I/commands/1153694021/eng/ita_0.wav,fsd/noise_set/fan/space-heater-run_fyqe_iEd_NWM.wav,0
-121,dataset/FELICE_demo7_phase_I/commands/1153694021/eng/eng_3.wav,fsd/noise_set/generatore/461704__drinkingwindgames__generator-running.wav,2.526296369628712
-132,dataset/FELICE_demo7_phase_I/commands/1153694021/eng/eng_0.wav,fsd/noise_set/fan/space-heater-run_fyqe_iEd_NWM.wav,0
-143,dataset/FELICE_demo7_phase_I/commands/436294034/eng/ita_0.wav,fsd/noise_set/strumenti di lavoro (lavorazione metalli)/tornio/209213__mark646__drehmaschiene-start-01.wav,0
-154,dataset/FELICE_demo7_phase_I/commands/436294034/eng/eng_0.wav,fsd/noise_set/strumenti di lavoro (lavorazione metalli)/tornio/209213__mark646__drehmaschiene-start-01.wav,0
-165,dataset/FELICE_demo7_phase_I/commands/2144090201/eng/eng_2.wav,fsd/noise_set/strumenti di lavoro (lavorazione metalli)/saw/jigsaw-black-and-decker-run_M162Ds4__NWM.wav,1.7414395274561016
-176,dataset/FELICE_demo7_phase_I/commands/2144090201/eng/ita_0.wav,fsd/noise_set/fan/space-heater-run_fyqe_iEd_NWM.wav,0
-187,dataset/FELICE_demo7_phase_I/commands/2144090201/eng/eng_3.wav,fsd/noise_set/drill/50416.wav,0.6977466276203402
-198,dataset/FELICE_demo7_phase_I/commands/2144090201/eng/eng_0.wav,fsd/noise_set/fan/space-heater-run_fyqe_iEd_NWM.wav,0
-209,dataset/FELICE_demo7_phase_I/commands/179492157/eng/eng_1.wav,fsd/noise_set/generatore/461704__drinkingwindgames__generator-running.wav,0
-220,dataset/FELICE_demo7_phase_I/commands/179492157/eng/eng_4.wav,fsd/noise_set/catena di lavoro robot/verniciatura_car.wav,0
-231,dataset/FELICE_demo7_phase_I/commands/179492157/eng/eng_2.wav,fsd/noise_set/fan/space-heater-run_fyqe_iEd_NWM.wav,0
-242,dataset/FELICE_demo7_phase_I/commands/179492157/eng/eng_5.wav,fsd/noise_set/353526.wav,0.7327527704875516
-253,dataset/FELICE_demo7_phase_I/commands/179492157/eng/ita_0.wav,fsd/noise_set/strumenti di lavoro (lavorazione metalli)/raschiatura/machine-cnc-milling-machine-screech_MkfSNuVO_NWM.wav,0
-264,dataset/FELICE_demo7_phase_I/commands/179492157/eng/eng_3.wav,fsd/noise_set/strumenti di lavoro (lavorazione metalli)/saw/jigsaw-black-and-decker-run_M162Ds4__NWM.wav,0
-275,dataset/FELICE_demo7_phase_I/commands/179492157/eng/eng_0.wav,fsd/noise_set/strumenti di lavoro (lavorazione metalli)/raschiatura/machine-cnc-milling-machine-screech_MkfSNuVO_NWM.wav,0
-286,dataset/FELICE_demo7_phase_I/commands/2089995001/eng/eng_2.wav,fsd/noise_set/strumenti di lavoro (lavorazione metalli)/compressore/478118__astounded__industrial-compressor.wav,0
-297,dataset/FELICE_demo7_phase_I/commands/2089995001/eng/ita_0.wav,fsd/noise_set/fan/space-heater-run_fyqe_iEd_NWM.wav,0
-308,dataset/FELICE_demo7_phase_I/commands/2089995001/eng/eng_3.wav,fsd/noise_set/fan/space-heater-run_fyqe_iEd_NWM.wav,0
-319,dataset/FELICE_demo7_phase_I/commands/2089995001/eng/eng_0.wav,fsd/noise_set/fan/space-heater-run_fyqe_iEd_NWM.wav,0
-330,dataset/FELICE_demo7_phase_I/commands/395387919/eng/ita_0.wav,fsd/noise_set/strumenti di lavoro (lavorazione metalli)/saw/jigsaw-black-and-decker-run_M162Ds4__NWM.wav,1.8249808452583205
-341,dataset/FELICE_demo7_phase_I/commands/395387919/eng/eng_0.wav,fsd/noise_set/strumenti di lavoro (lavorazione metalli)/saw/jigsaw-black-and-decker-run_M162Ds4__NWM.wav,1.8249808452583205
-352,dataset/FELICE_demo7_phase_I/commands/1630728501/eng/eng_2.wav,fsd/noise_set/catena di lavoro robot/verniciatura_car.wav,0
-363,dataset/FELICE_demo7_phase_I/commands/1630728501/eng/ita_0.wav,fsd/noise_set/drill/258044.wav,0.204528738494643
-374,dataset/FELICE_demo7_phase_I/commands/1630728501/eng/eng_3.wav,fsd/noise_set/strumenti di lavoro (lavorazione metalli)/air-ratchet (cricchetto ad aria)/air-ratchet-buzz-multiple_fyi9E_N__NWM.wav,0
-385,dataset/FELICE_demo7_phase_I/commands/1630728501/eng/eng_0.wav,fsd/noise_set/drill/258044.wav,0.204528738494643
-396,dataset/FELICE_demo7_phase_I/commands/63445529/eng/eng_2.wav,fsd/noise_set/hammer/193353.wav,0.5225702440291794
-407,dataset/FELICE_demo7_phase_I/commands/63445529/eng/ita_0.wav,fsd/noise_set/strumenti di lavoro (lavorazione metalli)/raschiatura/machine-cnc-milling-machine-screech_MkfSNuVO_NWM.wav,0
-418,dataset/FELICE_demo7_phase_I/commands/63445529/eng/eng_3.wav,fsd/noise_set/353526.wav,0.6065303609398226
-429,dataset/FELICE_demo7_phase_I/commands/63445529/eng/eng_0.wav,fsd/noise_set/strumenti di lavoro (lavorazione metalli)/raschiatura/machine-cnc-milling-machine-screech_MkfSNuVO_NWM.wav,0
-440,dataset/FELICE_demo7_phase_I/commands/757906339/eng/ita_0.wav,fsd/noise_set/strumenti di lavoro (lavorazione metalli)/raschiatura/machine-cnc-milling-machine-screech_MkfSNuVO_NWM.wav,0
-451,dataset/FELICE_demo7_phase_I/commands/757906339/eng/eng_0.wav,fsd/noise_set/strumenti di lavoro (lavorazione metalli)/raschiatura/machine-cnc-milling-machine-screech_MkfSNuVO_NWM.wav,0
-462,dataset/FELICE_demo7_phase_I/commands/238016822/eng/ita_0.wav,fsd/noise_set/catena di lavoro/SDMechanicalFactoryassemblyliteINT01-MS.wav,0
-473,dataset/FELICE_demo7_phase_I/commands/238016822/eng/eng_0.wav,fsd/noise_set/catena di lavoro/SDMechanicalFactoryassemblyliteINT01-MS.wav,0
-484,dataset/FELICE_demo7_phase_I/commands/1415529430/eng/ita_0.wav,fsd/noise_set/strumenti di lavoro (lavorazione metalli)/tornio/209213__mark646__drehmaschiene-start-01.wav,0
-495,dataset/FELICE_demo7_phase_I/commands/1415529430/eng/eng_0.wav,fsd/noise_set/strumenti di lavoro (lavorazione metalli)/tornio/209213__mark646__drehmaschiene-start-01.wav,0
-506,dataset/FELICE_demo7_phase_I/commands/556469931/eng/ita_0.wav,fsd/noise_set/strumenti di lavoro (lavorazione metalli)/saldatrice/saldatrice.wav,0
-517,dataset/FELICE_demo7_phase_I/commands/556469931/eng/eng_0.wav,fsd/noise_set/strumenti di lavoro (lavorazione metalli)/saldatrice/saldatrice.wav,0
-528,dataset/FELICE_demo7_phase_I/commands/1028780533/eng/ita_0.wav,fsd/noise_set/colpi ripetuti/pile-driver-pound-hard-long_M1TUSONd_NWM.wav,0
-539,dataset/FELICE_demo7_phase_I/commands/1028780533/eng/eng_0.wav,fsd/noise_set/colpi ripetuti/pile-driver-pound-hard-long_M1TUSONd_NWM.wav,0
-550,dataset/FELICE_demo7_phase_I/commands/623691937/eng/ita_0.wav,fsd/noise_set/hammer/193353.wav,0.8896567668915878
-561,dataset/FELICE_demo7_phase_I/commands/623691937/eng/eng_0.wav,fsd/noise_set/hammer/193353.wav,0.8896567668915878
-572,dataset/FELICE_demo7_phase_I/commands/5003958420/eng/eng_1.wav,fsd/noise_set/drill/89099.wav,1.3745168825056857
-583,dataset/FELICE_demo7_phase_I/commands/5003958420/eng/eng_4.wav,fsd/noise_set/catena di lavoro robot/verniciatura_car.wav,0
-594,dataset/FELICE_demo7_phase_I/commands/5003958420/eng/eng_2.wav,fsd/noise_set/generatore/461704__drinkingwindgames__generator-running.wav,2.6699990897889365
-605,dataset/FELICE_demo7_phase_I/commands/5003958420/eng/eng_5.wav,fsd/noise_set/catena di lavoro/SDMechanicalFactoryassemblyliteINT01-MS.wav,0
-616,dataset/FELICE_demo7_phase_I/commands/5003958420/eng/ita_0.wav,fsd/noise_set/catena di lavoro robot/verniciatura_car.wav,0
-627,dataset/FELICE_demo7_phase_I/commands/5003958420/eng/eng_3.wav,fsd/noise_set/strumenti di lavoro (lavorazione metalli)/compressore/478118__astounded__industrial-compressor.wav,0
-638,dataset/FELICE_demo7_phase_I/commands/5003958420/eng/eng_0.wav,fsd/noise_set/catena di lavoro robot/verniciatura_car.wav,0
-649,dataset/FELICE_demo7_phase_I/commands/2058616/eng/eng_2.wav,fsd/noise_set/colpi ripetuti/pile-driver-pound-hard-long_M1TUSONd_NWM.wav,0
-660,dataset/FELICE_demo7_phase_I/commands/2058616/eng/ita_0.wav,fsd/noise_set/strumenti di lavoro (lavorazione metalli)/air-ratchet (cricchetto ad aria)/air-ratchet-buzz-multiple_fyi9E_N__NWM.wav,0
-671,dataset/FELICE_demo7_phase_I/commands/2058616/eng/eng_3.wav,fsd/noise_set/strumenti di lavoro (lavorazione metalli)/saldatrice/saldatrice.wav,0
-682,dataset/FELICE_demo7_phase_I/commands/2058616/eng/eng_0.wav,fsd/noise_set/strumenti di lavoro (lavorazione metalli)/air-ratchet (cricchetto ad aria)/air-ratchet-buzz-multiple_fyi9E_N__NWM.wav,0
-693,dataset/FELICE_demo7_phase_I/commands/2127261933/eng/eng_2.wav,fsd/noise_set/strumenti di lavoro (lavorazione metalli)/saw/jigsaw-black-and-decker-run_M162Ds4__NWM.wav,1.6074238127603018
-704,dataset/FELICE_demo7_phase_I/commands/2127261933/eng/ita_0.wav,fsd/noise_set/strumenti di lavoro (lavorazione metalli)/saw/jigsaw-black-and-decker-run_M162Ds4__NWM.wav,0
-715,dataset/FELICE_demo7_phase_I/commands/2127261933/eng/eng_3.wav,fsd/noise_set/hammer/193353.wav,0.622572187658165
-726,dataset/FELICE_demo7_phase_I/commands/2127261933/eng/eng_0.wav,fsd/noise_set/strumenti di lavoro (lavorazione metalli)/saw/jigsaw-black-and-decker-run_M162Ds4__NWM.wav,0
-737,dataset/FELICE_demo7_phase_I/commands/706553514/eng/eng_2.wav,fsd/noise_set/strumenti di lavoro (lavorazione metalli)/saldatrice/saldatrice.wav,0
-748,dataset/FELICE_demo7_phase_I/commands/706553514/eng/ita_0.wav,fsd/noise_set/generatore/461704__drinkingwindgames__generator-running.wav,0
-759,dataset/FELICE_demo7_phase_I/commands/706553514/eng/eng_3.wav,fsd/noise_set/353526.wav,0.6065303609398226
-770,dataset/FELICE_demo7_phase_I/commands/706553514/eng/eng_0.wav,fsd/noise_set/generatore/461704__drinkingwindgames__generator-running.wav,0
-781,dataset/FELICE_demo7_phase_I/commands/334596431/eng/eng_1.wav,fsd/noise_set/353526.wav,0.922122802122921
-792,dataset/FELICE_demo7_phase_I/commands/334596431/eng/eng_4.wav,fsd/noise_set/hammer/207758.wav,2.5080239824415878
-803,dataset/FELICE_demo7_phase_I/commands/334596431/eng/eng_2.wav,fsd/noise_set/strumenti di lavoro (lavorazione metalli)/raschiatura/machine-cnc-milling-machine-screech_MkfSNuVO_NWM.wav,0
-814,dataset/FELICE_demo7_phase_I/commands/334596431/eng/eng_5.wav,fsd/noise_set/catena di lavoro/SDMechanicalFactoryassemblyliteINT01-MS.wav,0
-825,dataset/FELICE_demo7_phase_I/commands/334596431/eng/ita_0.wav,fsd/noise_set/353526.wav,0.9162960319187557
-836,dataset/FELICE_demo7_phase_I/commands/334596431/eng/eng_3.wav,fsd/noise_set/strumenti di lavoro (lavorazione metalli)/compressore/478118__astounded__industrial-compressor.wav,0
-847,dataset/FELICE_demo7_phase_I/commands/334596431/eng/eng_0.wav,fsd/noise_set/353526.wav,0.9162960319187557
-858,dataset/FELICE_demo7_phase_I/commands/2055098585/eng/eng_2.wav,fsd/noise_set/colpi ripetuti/pile-driver-pound-hard-long_M1TUSONd_NWM.wav,0
-869,dataset/FELICE_demo7_phase_I/commands/2055098585/eng/ita_0.wav,fsd/noise_set/strumenti di lavoro (lavorazione metalli)/raschiatura/machine-cnc-milling-machine-screech_MkfSNuVO_NWM.wav,0
-880,dataset/FELICE_demo7_phase_I/commands/2055098585/eng/eng_3.wav,fsd/noise_set/strumenti di lavoro (lavorazione metalli)/tornio/209213__mark646__drehmaschiene-start-01.wav,0
-891,dataset/FELICE_demo7_phase_I/commands/2055098585/eng/eng_0.wav,fsd/noise_set/strumenti di lavoro (lavorazione metalli)/raschiatura/machine-cnc-milling-machine-screech_MkfSNuVO_NWM.wav,0
-902,dataset/FELICE_demo7_phase_I/commands/2123568595/eng/eng_2.wav,fsd/noise_set/colpi ripetuti/pile-driver-pound-hard-long_M1TUSONd_NWM.wav,0
-913,dataset/FELICE_demo7_phase_I/commands/2123568595/eng/eng_5.wav,fsd/noise_set/colpi ripetuti/pile-driver-pound-hard-long_M1TUSONd_NWM.wav,0
-924,dataset/FELICE_demo7_phase_I/commands/2123568595/eng/ita_0.wav,fsd/noise_set/catena di lavoro/SDMechanicalFactoryassemblyliteINT01-MS.wav,0
-935,dataset/FELICE_demo7_phase_I/commands/2123568595/eng/eng_3.wav,fsd/noise_set/catena di lavoro/SDMechanicalFactoryassemblyliteINT01-MS.wav,0
-946,dataset/FELICE_demo7_phase_I/commands/2123568595/eng/eng_0.wav,fsd/noise_set/catena di lavoro/SDMechanicalFactoryassemblyliteINT01-MS.wav,0
-957,dataset/FELICE_demo7_phase_I/commands/377577537/eng/ita_0.wav,fsd/noise_set/catena di lavoro robot/verniciatura_car.wav,0
-968,dataset/FELICE_demo7_phase_I/commands/377577537/eng/eng_0.wav,fsd/noise_set/catena di lavoro robot/verniciatura_car.wav,0
-979,dataset/FELICE_demo7_phase_I/commands/694887817/eng/eng_2.wav,fsd/noise_set/strumenti di lavoro (lavorazione metalli)/air-ratchet (cricchetto ad aria)/air-ratchet-buzz-multiple_fyi9E_N__NWM.wav,0
-990,dataset/FELICE_demo7_phase_I/commands/694887817/eng/ita_0.wav,fsd/noise_set/strumenti di lavoro (lavorazione metalli)/grinder  (mola)/hand-grinder-start-run-grind-pause-stop_G1LzB_E__NWM.wav,0
-1001,dataset/FELICE_demo7_phase_I/commands/694887817/eng/eng_3.wav,fsd/noise_set/colpi ripetuti/pile-driver-pound-hard-long_M1TUSONd_NWM.wav,0
-1012,dataset/FELICE_demo7_phase_I/commands/694887817/eng/eng_0.wav,fsd/noise_set/strumenti di lavoro (lavorazione metalli)/grinder  (mola)/hand-grinder-start-run-grind-pause-stop_G1LzB_E__NWM.wav,0
-1023,dataset/FELICE_demo7_phase_I/commands/222556755/eng/eng_2.wav,fsd/noise_set/drill/258044.wav,0.08704648425316187
-1034,dataset/FELICE_demo7_phase_I/commands/222556755/eng/ita_0.wav,fsd/noise_set/strumenti di lavoro (lavorazione metalli)/saldatrice/saldatrice.wav,0
-1045,dataset/FELICE_demo7_phase_I/commands/222556755/eng/eng_3.wav,fsd/noise_set/colpi ripetuti/pile-driver-pound-hard-long_M1TUSONd_NWM.wav,0
-1056,dataset/FELICE_demo7_phase_I/commands/222556755/eng/eng_0.wav,fsd/noise_set/strumenti di lavoro (lavorazione metalli)/saldatrice/saldatrice.wav,0
-1067,dataset/FELICE_demo7_phase_I/commands/232282882/eng/eng_2.wav,fsd/noise_set/colpi ripetuti/pile-driver-pound-hard-long_M1TUSONd_NWM.wav,0
-1078,dataset/FELICE_demo7_phase_I/commands/232282882/eng/ita_0.wav,fsd/noise_set/fan/space-heater-run_fyqe_iEd_NWM.wav,0
-1089,dataset/FELICE_demo7_phase_I/commands/232282882/eng/eng_3.wav,fsd/noise_set/strumenti di lavoro (lavorazione metalli)/saw/jigsaw-black-and-decker-run_M162Ds4__NWM.wav,1.702618670970851
-1100,dataset/FELICE_demo7_phase_I/commands/232282882/eng/eng_0.wav,fsd/noise_set/fan/space-heater-run_fyqe_iEd_NWM.wav,0
-1111,dataset/FELICE_demo7_phase_I/commands/2140135041/eng/eng_2.wav,fsd/noise_set/strumenti di lavoro (lavorazione metalli)/tornio/209213__mark646__drehmaschiene-start-01.wav,0
-1122,dataset/FELICE_demo7_phase_I/commands/2140135041/eng/ita_0.wav,fsd/noise_set/drill/258044.wav,0.3443712233946081
-1133,dataset/FELICE_demo7_phase_I/commands/2140135041/eng/eng_3.wav,fsd/noise_set/strumenti di lavoro (lavorazione metalli)/tornio/209213__mark646__drehmaschiene-start-01.wav,0
-1144,dataset/FELICE_demo7_phase_I/commands/2140135041/eng/eng_0.wav,fsd/noise_set/drill/258044.wav,0.3443712233946081
-1155,dataset/FELICE_demo7_phase_I/commands/573888762/eng/eng_2.wav,fsd/noise_set/drill/333080.wav,1.4071650043058987
-1166,dataset/FELICE_demo7_phase_I/commands/573888762/eng/ita_0.wav,fsd/noise_set/strumenti di lavoro (lavorazione metalli)/tornio/209213__mark646__drehmaschiene-start-01.wav,0
-1177,dataset/FELICE_demo7_phase_I/commands/573888762/eng/eng_3.wav,fsd/noise_set/fan/space-heater-run_fyqe_iEd_NWM.wav,0
-1188,dataset/FELICE_demo7_phase_I/commands/573888762/eng/eng_0.wav,fsd/noise_set/strumenti di lavoro (lavorazione metalli)/tornio/209213__mark646__drehmaschiene-start-01.wav,0
-1199,dataset/FELICE_demo7_phase_I/commands/296821092/eng/eng_1.wav,fsd/noise_set/strumenti di lavoro (lavorazione metalli)/saw/jigsaw-black-and-decker-run_M162Ds4__NWM.wav,0
-1210,dataset/FELICE_demo7_phase_I/commands/296821092/eng/eng_2.wav,fsd/noise_set/353526.wav,0.7463728458397877
-1221,dataset/FELICE_demo7_phase_I/commands/296821092/eng/eng_5.wav,fsd/noise_set/strumenti di lavoro (lavorazione metalli)/saldatrice/saldatrice.wav,0
-1232,dataset/FELICE_demo7_phase_I/commands/296821092/eng/ita_0.wav,fsd/noise_set/hammer/207758.wav,0
-1243,dataset/FELICE_demo7_phase_I/commands/296821092/eng/eng_3.wav,fsd/noise_set/hammer/207758.wav,0
-1254,dataset/FELICE_demo7_phase_I/commands/296821092/eng/eng_0.wav,fsd/noise_set/hammer/207758.wav,0
-1265,dataset/FELICE_demo7_phase_I/rejects/eng/clips/on_652b3da7_nohash_1.wav,fsd/noise_set/strumenti di lavoro (lavorazione metalli)/grinder  (mola)/hand-grinder-start-run-grind-pause-stop_G1LzB_E__NWM.wav,0
-1276,dataset/FELICE_demo7_phase_I/rejects/eng/clips/5520968966_eng_14.wav,fsd/noise_set/strumenti di lavoro (lavorazione metalli)/tornio/209213__mark646__drehmaschiene-start-01.wav,0
-1287,dataset/FELICE_demo7_phase_I/rejects/eng/clips/EmilyV3Voice_25.wav,fsd/noise_set/colpi ripetuti/pile-driver-pound-hard-long_M1TUSONd_NWM.wav,0
-1298,dataset/FELICE_demo7_phase_I/rejects/eng/clips/EmilyV3Voice_13.wav,fsd/noise_set/fan/space-heater-run_fyqe_iEd_NWM.wav,0
-1309,dataset/FELICE_demo7_phase_I/rejects/eng/clips/224710733_eng_14.wav,fsd/noise_set/strumenti di lavoro (lavorazione metalli)/air-ratchet (cricchetto ad aria)/air-ratchet-buzz-multiple_fyi9E_N__NWM.wav,0
-1320,dataset/FELICE_demo7_phase_I/rejects/eng/clips/off_dca2797e_nohash_0.wav,fsd/noise_set/strumenti di lavoro (lavorazione metalli)/grinder  (mola)/hand-grinder-start-run-grind-pause-stop_G1LzB_E__NWM.wav,0
-1331,dataset/FELICE_demo7_phase_I/rejects/eng/clips/dog_acde7e73_nohash_1.wav,fsd/noise_set/353526.wav,0.9707034987001484
-1342,dataset/FELICE_demo7_phase_I/rejects/eng/clips/on_918a2473_nohash_3.wav,fsd/noise_set/strumenti di lavoro (lavorazione metalli)/tornio/209213__mark646__drehmaschiene-start-01.wav,0
-1353,dataset/FELICE_demo7_phase_I/rejects/eng/clips/2126502572_eng_1.wav,fsd/noise_set/catena di lavoro/SDMechanicalFactoryassemblyliteINT01-MS.wav,0
-1364,dataset/FELICE_demo7_phase_I/rejects/eng/clips/emma_en_23.wav,fsd/noise_set/drill/50414.wav,0.9160320063938794
-1375,dataset/FELICE_demo7_phase_I/rejects/eng/clips/on_742d6431_nohash_0.wav,fsd/noise_set/strumenti di lavoro (lavorazione metalli)/compressore/478118__astounded__industrial-compressor.wav,0
-1386,dataset/FELICE_demo7_phase_I/rejects/eng/clips/2126502572_eng_22.wav,fsd/noise_set/hammer/180137.wav,1.5198583817858315
-1397,dataset/FELICE_demo7_phase_I/rejects/eng/clips/brian_en_12.wav,fsd/noise_set/catena di lavoro robot/verniciatura_car.wav,0
-1408,dataset/FELICE_demo7_phase_I/rejects/eng/clips/2114178392_eng_9.wav,fsd/noise_set/strumenti di lavoro (lavorazione metalli)/raschiatura/machine-cnc-milling-machine-screech_MkfSNuVO_NWM.wav,0
-1419,dataset/FELICE_demo7_phase_I/rejects/eng/clips/on_dca2797e_nohash_0.wav,fsd/noise_set/drill/89099.wav,0
-1430,dataset/FELICE_demo7_phase_I/rejects/eng/clips/will_us_13.wav,fsd/noise_set/catena di lavoro/SDMechanicalFactoryassemblyliteINT01-MS.wav,0
-1441,dataset/FELICE_demo7_phase_I/rejects/eng/clips/RosaNeural_13.wav,fsd/noise_set/strumenti di lavoro (lavorazione metalli)/air-ratchet (cricchetto ad aria)/air-ratchet-buzz-multiple_fyi9E_N__NWM.wav,0
-1452,dataset/FELICE_demo7_phase_I/rejects/eng/clips/dog_a1a59b72_nohash_0.wav,fsd/noise_set/strumenti di lavoro (lavorazione metalli)/grinder  (mola)/hand-grinder-start-run-grind-pause-stop_G1LzB_E__NWM.wav,0
-1463,dataset/FELICE_demo7_phase_I/rejects/eng/clips/brian_en_14.wav,fsd/noise_set/strumenti di lavoro (lavorazione metalli)/saldatrice/saldatrice.wav,0
-1474,dataset/FELICE_demo7_phase_I/rejects/eng/clips/1785329822_eng_20.wav,fsd/noise_set/colpi ripetuti/pile-driver-pound-hard-long_M1TUSONd_NWM.wav,0
-1485,dataset/FELICE_demo7_phase_I/rejects/eng/clips/267561261_eng_21.wav,fsd/noise_set/strumenti di lavoro (lavorazione metalli)/saw/jigsaw-black-and-decker-run_M162Ds4__NWM.wav,1.8075005346458248
-1496,dataset/FELICE_demo7_phase_I/rejects/eng/clips/MichaelV3Voice_23.wav,fsd/noise_set/catena di lavoro/SDMechanicalFactoryassemblyliteINT01-MS.wav,0
-1507,dataset/FELICE_demo7_phase_I/rejects/eng/clips/on_32efce64_nohash_0.wav,fsd/noise_set/strumenti di lavoro (lavorazione metalli)/tornio/209213__mark646__drehmaschiene-start-01.wav,0
-1518,dataset/FELICE_demo7_phase_I/rejects/eng/clips/KevinV3Voice_20.wav,fsd/noise_set/strumenti di lavoro (lavorazione metalli)/saw/jigsaw-black-and-decker-run_M162Ds4__NWM.wav,0
-1529,dataset/FELICE_demo7_phase_I/rejects/eng/clips/off_e8c3c5ca_nohash_2.wav,fsd/noise_set/strumenti di lavoro (lavorazione metalli)/compressore/478118__astounded__industrial-compressor.wav,0
-1540,dataset/FELICE_demo7_phase_I/rejects/eng/clips/dog_e3b64217_nohash_0.wav,fsd/noise_set/strumenti di lavoro (lavorazione metalli)/saldatrice/saldatrice.wav,0
-1551,dataset/FELICE_demo7_phase_I/rejects/eng/clips/off_d90b4138_nohash_2.wav,fsd/noise_set/strumenti di lavoro (lavorazione metalli)/air-ratchet (cricchetto ad aria)/air-ratchet-buzz-multiple_fyi9E_N__NWM.wav,0
-1562,dataset/FELICE_demo7_phase_I/rejects/eng/clips/617568216_eng_4.wav,fsd/noise_set/strumenti di lavoro (lavorazione metalli)/raschiatura/machine-cnc-milling-machine-screech_MkfSNuVO_NWM.wav,0
-1573,dataset/FELICE_demo7_phase_I/rejects/eng/clips/KevinV3Voice_16.wav,fsd/noise_set/353526.wav,0
-1584,dataset/FELICE_demo7_phase_I/rejects/eng/clips/1153299253_eng_14.wav,fsd/noise_set/strumenti di lavoro (lavorazione metalli)/raschiatura/machine-cnc-milling-machine-screech_MkfSNuVO_NWM.wav,0
-1595,dataset/FELICE_demo7_phase_I/rejects/eng/clips/630722423_eng_20.wav,fsd/noise_set/353526.wav,0.7181858449771386
-1606,dataset/FELICE_demo7_phase_I/rejects/eng/clips/911154958_eng_22.wav,fsd/noise_set/strumenti di lavoro (lavorazione metalli)/raschiatura/machine-cnc-milling-machine-screech_MkfSNuVO_NWM.wav,0
-1617,dataset/FELICE_demo7_phase_I/rejects/eng/clips/Amy_23.wav,fsd/noise_set/hammer/207758.wav,0
-1628,dataset/FELICE_demo7_phase_I/rejects/eng/clips/emma_en_12.wav,fsd/noise_set/hammer/193353.wav,0.8332827651662894
-1639,dataset/FELICE_demo7_phase_I/rejects/eng/clips/on_9886d8bf_nohash_4.wav,fsd/noise_set/strumenti di lavoro (lavorazione metalli)/tornio/209213__mark646__drehmaschiene-start-01.wav,0
-1650,dataset/FELICE_demo7_phase_I/rejects/eng/clips/267561261_eng_19.wav,fsd/noise_set/strumenti di lavoro (lavorazione metalli)/compressore/478118__astounded__industrial-compressor.wav,0
-1661,dataset/FELICE_demo7_phase_I/rejects/eng/clips/Raveena_26.wav,fsd/noise_set/strumenti di lavoro (lavorazione metalli)/raschiatura/machine-cnc-milling-machine-screech_MkfSNuVO_NWM.wav,0
-1672,dataset/FELICE_demo7_phase_I/rejects/eng/clips/off_b487da60_nohash_0.wav,fsd/noise_set/353526.wav,0.9707034987001484
-1683,dataset/FELICE_demo7_phase_I/rejects/eng/clips/on_c1d39ce8_nohash_4.wav,fsd/noise_set/drill/29722.wav,0
-1694,dataset/FELICE_demo7_phase_I/rejects/eng/clips/Amy_21.wav,fsd/noise_set/colpi ripetuti/pile-driver-pound-hard-long_M1TUSONd_NWM.wav,0
-1705,dataset/FELICE_demo7_phase_I/rejects/eng/clips/KevinV3Voice_1.wav,fsd/noise_set/catena di lavoro/SDMechanicalFactoryassemblyliteINT01-MS.wav,0
-1716,dataset/FELICE_demo7_phase_I/rejects/eng/clips/on_e6db3894_nohash_2.wav,fsd/noise_set/generatore/461704__drinkingwindgames__generator-running.wav,0
-1727,dataset/FELICE_demo7_phase_I/rejects/eng/clips/MichaelV3Voice_26.wav,fsd/noise_set/hammer/180137.wav,1.4680729615963133
-1738,dataset/FELICE_demo7_phase_I/rejects/eng/clips/911154958_eng_16.wav,fsd/noise_set/strumenti di lavoro (lavorazione metalli)/saw/jigsaw-black-and-decker-run_M162Ds4__NWM.wav,0
-1749,dataset/FELICE_demo7_phase_I/rejects/eng/clips/630722423_eng_1.wav,fsd/noise_set/strumenti di lavoro (lavorazione metalli)/compressore/478118__astounded__industrial-compressor.wav,0
-1760,dataset/FELICE_demo7_phase_I/rejects/eng/clips/dog_6a700f9d_nohash_0.wav,fsd/noise_set/fan/space-heater-run_fyqe_iEd_NWM.wav,0
-1771,dataset/FELICE_demo7_phase_I/rejects/eng/clips/911154958_eng_10.wav,fsd/noise_set/strumenti di lavoro (lavorazione metalli)/grinder  (mola)/hand-grinder-start-run-grind-pause-stop_G1LzB_E__NWM.wav,0
-1782,dataset/FELICE_demo7_phase_I/rejects/eng/clips/Kevin_5.wav,fsd/noise_set/strumenti di lavoro (lavorazione metalli)/air-ratchet (cricchetto ad aria)/air-ratchet-buzz-multiple_fyi9E_N__NWM.wav,0
-1793,dataset/FELICE_demo7_phase_I/rejects/eng/clips/off_39a12648_nohash_4.wav,fsd/noise_set/drill/258044.wav,0.33759760303226605
-1804,dataset/FELICE_demo7_phase_I/rejects/eng/clips/on_f17be97f_nohash_1.wav,fsd/noise_set/generatore/461704__drinkingwindgames__generator-running.wav,0
-1815,dataset/FELICE_demo7_phase_I/rejects/eng/clips/5520968966_eng_25.wav,fsd/noise_set/catena di lavoro/SDMechanicalFactoryassemblyliteINT01-MS.wav,0
-1826,dataset/FELICE_demo7_phase_I/rejects/eng/clips/Raveena_14.wav,fsd/noise_set/hammer/207758.wav,0
-1837,dataset/FELICE_demo7_phase_I/rejects/eng/clips/630722423_eng_4.wav,fsd/noise_set/strumenti di lavoro (lavorazione metalli)/raschiatura/machine-cnc-milling-machine-screech_MkfSNuVO_NWM.wav,0
-1848,dataset/FELICE_demo7_phase_I/rejects/eng/clips/2114178392_eng_4.wav,fsd/noise_set/hammer/207758.wav,0
-1859,dataset/FELICE_demo7_phase_I/rejects/eng/clips/emma_en_8.wav,fsd/noise_set/353526.wav,0.7777008400156198
-1870,dataset/FELICE_demo7_phase_I/rejects/eng/clips/dog_4c77947d_nohash_0.wav,fsd/noise_set/strumenti di lavoro (lavorazione metalli)/tornio/209213__mark646__drehmaschiene-start-01.wav,0
-1881,dataset/FELICE_demo7_phase_I/rejects/eng/clips/brian_en_19.wav,fsd/noise_set/drill/258044.wav,0.3691076837769782
-1892,dataset/FELICE_demo7_phase_I/rejects/eng/clips/5520968966_eng_23.wav,fsd/noise_set/drill/244242.wav,0
-1903,dataset/FELICE_demo7_phase_I/rejects/eng/clips/off_3983ba0d_nohash_0.wav,fsd/noise_set/353526.wav,0.9707034987001484
-1914,dataset/FELICE_demo7_phase_I/rejects/eng/clips/KevinV3Voice_3.wav,fsd/noise_set/hammer/180137.wav,0
-1925,dataset/FELICE_demo7_phase_I/rejects/eng/clips/on_e96a5020_nohash_0.wav,fsd/noise_set/strumenti di lavoro (lavorazione metalli)/grinder  (mola)/hand-grinder-start-run-grind-pause-stop_G1LzB_E__NWM.wav,0
-1936,dataset/FELICE_demo7_phase_I/rejects/eng/clips/ivy_us_3.wav,fsd/noise_set/fan/space-heater-run_fyqe_iEd_NWM.wav,0
-1947,dataset/FELICE_demo7_phase_I/rejects/eng/clips/1785329822_eng_24.wav,fsd/noise_set/strumenti di lavoro (lavorazione metalli)/saw/jigsaw-black-and-decker-run_M162Ds4__NWM.wav,1.5715163413771338
-1958,dataset/FELICE_demo7_phase_I/rejects/eng/clips/will_us_16.wav,fsd/noise_set/strumenti di lavoro (lavorazione metalli)/saldatrice/saldatrice.wav,0
-1969,dataset/FELICE_demo7_phase_I/rejects/eng/clips/873992744_eng_4.wav,fsd/noise_set/353526.wav,0.7988137776772747
-1980,dataset/FELICE_demo7_phase_I/rejects/eng/clips/off_e07dd7d4_nohash_1.wav,fsd/noise_set/generatore/461704__drinkingwindgames__generator-running.wav,0
-1991,dataset/FELICE_demo7_phase_I/rejects/eng/clips/267561261_eng_8.wav,fsd/noise_set/drill/250062.wav,0.5624289939570472
-2002,dataset/FELICE_demo7_phase_I/rejects/eng/clips/Kevin_9.wav,fsd/noise_set/353526.wav,0.8681523431068408
-2013,dataset/FELICE_demo7_phase_I/rejects/eng/clips/Raveena_8.wav,fsd/noise_set/strumenti di lavoro (lavorazione metalli)/air-ratchet (cricchetto ad aria)/air-ratchet-buzz-multiple_fyi9E_N__NWM.wav,0
-2024,dataset/FELICE_demo7_phase_I/rejects/eng/clips/emma_en_11.wav,fsd/noise_set/strumenti di lavoro (lavorazione metalli)/saw/jigsaw-black-and-decker-run_M162Ds4__NWM.wav,0
-2035,dataset/FELICE_demo7_phase_I/rejects/eng/clips/2114178392_eng_1.wav,fsd/noise_set/353526.wav,0.43558749007512576
-2046,dataset/FELICE_demo7_phase_I/rejects/eng/clips/dog_b1426003_nohash_1.wav,fsd/noise_set/catena di lavoro robot/verniciatura_car.wav,0
-2057,dataset/FELICE_demo7_phase_I/rejects/eng/clips/off_834f03fe_nohash_3.wav,fsd/noise_set/strumenti di lavoro (lavorazione metalli)/saw/jigsaw-black-and-decker-run_M162Ds4__NWM.wav,0
-2068,dataset/FELICE_demo7_phase_I/rejects/eng/clips/on_0c2d2ffa_nohash_0.wav,fsd/noise_set/colpi ripetuti/pile-driver-pound-hard-long_M1TUSONd_NWM.wav,0
-2079,dataset/FELICE_demo7_phase_I/rejects/eng/clips/MollyNeural_27.wav,fsd/noise_set/353526.wav,0.7394444518938974
-2090,dataset/FELICE_demo7_phase_I/rejects/eng/clips/on_6982fc2a_nohash_2.wav,fsd/noise_set/strumenti di lavoro (lavorazione metalli)/saldatrice/saldatrice.wav,0
-2101,dataset/FELICE_demo7_phase_I/rejects/eng/clips/fastspeech2_hifigan_cmd25.wav,fsd/noise_set/fan/space-heater-run_fyqe_iEd_NWM.wav,0
-2112,dataset/FELICE_demo7_phase_I/rejects/eng/clips/will_us_15.wav,fsd/noise_set/strumenti di lavoro (lavorazione metalli)/raschiatura/machine-cnc-milling-machine-screech_MkfSNuVO_NWM.wav,0
-2123,dataset/FELICE_demo7_phase_I/rejects/eng/clips/fastspeech2_melgan_cmd9.wav,fsd/noise_set/strumenti di lavoro (lavorazione metalli)/saldatrice/saldatrice.wav,0
-2134,dataset/FELICE_demo7_phase_I/rejects/eng/clips/fastspeech2_melgan_cmd25.wav,fsd/noise_set/fan/space-heater-run_fyqe_iEd_NWM.wav,0
-2145,dataset/FELICE_demo7_phase_I/rejects/eng/clips/767610558_eng_4.wav,fsd/noise_set/strumenti di lavoro (lavorazione metalli)/saw/jigsaw-black-and-decker-run_M162Ds4__NWM.wav,1.7093922913331931
-2156,dataset/FELICE_demo7_phase_I/rejects/eng/clips/off_da5dadb9_nohash_1.wav,fsd/noise_set/strumenti di lavoro (lavorazione metalli)/saw/jigsaw-black-and-decker-run_M162Ds4__NWM.wav,0
-2167,dataset/FELICE_demo7_phase_I/rejects/eng/clips/fastspeech2_hifigan_cmd10.wav,fsd/noise_set/hammer/193353.wav,0.9571653623039083
-2178,dataset/FELICE_demo7_phase_I/rejects/eng/clips/dog_a4b21cbc_nohash_0.wav,fsd/noise_set/strumenti di lavoro (lavorazione metalli)/saw/jigsaw-black-and-decker-run_M162Ds4__NWM.wav,0
-2189,dataset/FELICE_demo7_phase_I/rejects/eng/clips/MollyNeural_20.wav,fsd/noise_set/strumenti di lavoro (lavorazione metalli)/tornio/209213__mark646__drehmaschiene-start-01.wav,0
-2200,dataset/FELICE_demo7_phase_I/rejects/eng/clips/on_39a12648_nohash_1.wav,fsd/noise_set/fan/space-heater-run_fyqe_iEd_NWM.wav,0
-2211,dataset/FELICE_demo7_phase_I/rejects/eng/clips/MichaelV3Voice_27.wav,fsd/noise_set/fan/space-heater-run_fyqe_iEd_NWM.wav,0
-2222,dataset/FELICE_demo7_phase_I/rejects/eng/clips/off_c86d4fd4_nohash_0.wav,fsd/noise_set/fan/space-heater-run_fyqe_iEd_NWM.wav,0
-2233,dataset/FELICE_demo7_phase_I/rejects/eng/clips/617568216_eng_20.wav,fsd/noise_set/strumenti di lavoro (lavorazione metalli)/saldatrice/saldatrice.wav,0
-2244,dataset/FELICE_demo7_phase_I/rejects/eng/clips/CharlotteV3Voice_0.wav,fsd/noise_set/strumenti di lavoro (lavorazione metalli)/saldatrice/saldatrice.wav,0
-2255,dataset/FELICE_demo7_phase_I/rejects/eng/clips/2114178392_eng_25.wav,fsd/noise_set/strumenti di lavoro (lavorazione metalli)/saldatrice/saldatrice.wav,0
-2266,dataset/FELICE_demo7_phase_I/rejects/eng/clips/1153299253_eng_23.wav,fsd/noise_set/strumenti di lavoro (lavorazione metalli)/grinder  (mola)/hand-grinder-start-run-grind-pause-stop_G1LzB_E__NWM.wav,0
-2277,dataset/FELICE_demo7_phase_I/rejects/eng/clips/off_f17be97f_nohash_1.wav,fsd/noise_set/strumenti di lavoro (lavorazione metalli)/tornio/209213__mark646__drehmaschiene-start-01.wav,0
-2288,dataset/FELICE_demo7_phase_I/rejects/eng/clips/off_c50225fa_nohash_0.wav,fsd/noise_set/fan/space-heater-run_fyqe_iEd_NWM.wav,0
-2299,dataset/FELICE_demo7_phase_I/rejects/eng/clips/224710733_eng_0.wav,fsd/noise_set/generatore/461704__drinkingwindgames__generator-running.wav,2.5388967601952195
-2310,dataset/FELICE_demo7_phase_I/rejects/eng/clips/dog_00f0204f_nohash_2.wav,fsd/noise_set/353526.wav,0.9707034987001484
-2321,dataset/FELICE_demo7_phase_I/rejects/eng/clips/1310061555_eng_17.wav,fsd/noise_set/colpi ripetuti/pile-driver-pound-hard-long_M1TUSONd_NWM.wav,5.992013765423962
-2332,dataset/FELICE_demo7_phase_I/rejects/eng/clips/off_096456f9_nohash_1.wav,fsd/noise_set/colpi ripetuti/pile-driver-pound-hard-long_M1TUSONd_NWM.wav,0
-2343,dataset/FELICE_demo7_phase_I/rejects/eng/clips/dog_2c6446f7_nohash_2.wav,fsd/noise_set/strumenti di lavoro (lavorazione metalli)/raschiatura/machine-cnc-milling-machine-screech_MkfSNuVO_NWM.wav,0
-2354,dataset/FELICE_demo7_phase_I/rejects/eng/clips/on_6982fc2a_nohash_1.wav,fsd/noise_set/catena di lavoro/SDMechanicalFactoryassemblyliteINT01-MS.wav,0
-2365,dataset/FELICE_demo7_phase_I/rejects/eng/clips/AriaNeural_17.wav,fsd/noise_set/strumenti di lavoro (lavorazione metalli)/saw/jigsaw-black-and-decker-run_M162Ds4__NWM.wav,0
-2376,dataset/FELICE_demo7_phase_I/rejects/eng/clips/767610558_eng_19.wav,fsd/noise_set/drill/236326.wav,0.2904007643785278
-2387,dataset/FELICE_demo7_phase_I/rejects/eng/clips/2126502572_eng_10.wav,fsd/noise_set/strumenti di lavoro (lavorazione metalli)/raschiatura/machine-cnc-milling-machine-screech_MkfSNuVO_NWM.wav,0
-2398,dataset/FELICE_demo7_phase_I/rejects/eng/clips/KevinV3Voice_12.wav,fsd/noise_set/generatore/461704__drinkingwindgames__generator-running.wav,0
-2409,dataset/FELICE_demo7_phase_I/rejects/eng/clips/MollyNeural_1.wav,fsd/noise_set/strumenti di lavoro (lavorazione metalli)/grinder  (mola)/hand-grinder-start-run-grind-pause-stop_G1LzB_E__NWM.wav,0
-2420,dataset/FELICE_demo7_phase_I/rejects/eng/clips/dog_72be9202_nohash_3.wav,fsd/noise_set/strumenti di lavoro (lavorazione metalli)/grinder  (mola)/hand-grinder-start-run-grind-pause-stop_G1LzB_E__NWM.wav,0
-2431,dataset/FELICE_demo7_phase_I/rejects/eng/clips/brian_en_13.wav,fsd/noise_set/strumenti di lavoro (lavorazione metalli)/saldatrice/saldatrice.wav,0
-2442,dataset/FELICE_demo7_phase_I/rejects/eng/clips/Raveena_9.wav,fsd/noise_set/strumenti di lavoro (lavorazione metalli)/air-ratchet (cricchetto ad aria)/air-ratchet-buzz-multiple_fyi9E_N__NWM.wav,0
-2453,dataset/FELICE_demo7_phase_I/rejects/eng/clips/AriaNeural_0.wav,fsd/noise_set/drill/236326.wav,0.15907082657371024
-2464,dataset/FELICE_demo7_phase_I/rejects/eng/clips/630722423_eng_0.wav,fsd/noise_set/hammer/207758.wav,2.4264491995832747
-2475,dataset/FELICE_demo7_phase_I/rejects/eng/clips/Raveena_22.wav,fsd/noise_set/drill/59596.wav,0
-2486,dataset/FELICE_demo7_phase_I/rejects/eng/clips/dog_483e2a6f_nohash_0.wav,fsd/noise_set/strumenti di lavoro (lavorazione metalli)/saw/jigsaw-black-and-decker-run_M162Ds4__NWM.wav,0
-2497,dataset/FELICE_demo7_phase_I/rejects/eng/clips/off_a902ce9b_nohash_2.wav,fsd/noise_set/strumenti di lavoro (lavorazione metalli)/saldatrice/saldatrice.wav,0
-2508,dataset/FELICE_demo7_phase_I/rejects/eng/clips/dog_b26343e9_nohash_1.wav,fsd/noise_set/drill/141512.wav,0
-2519,dataset/FELICE_demo7_phase_I/rejects/eng/clips/dog_129c7d8d_nohash_2.wav,fsd/noise_set/fan/space-heater-run_fyqe_iEd_NWM.wav,0
+0,dataset/FELICE_demo7_phase_I/commands/621434009/ita/ita_0.wav,fsd/noise_set/353526.wav,0.8463747894687731
+11,dataset/FELICE_demo7_phase_I/commands/621434009/ita/eng_0.wav,fsd/noise_set/353526.wav,0.8463747894687731
+22,dataset/FELICE_demo7_phase_I/commands/757577790/ita/ita_0.wav,fsd/noise_set/strumenti di lavoro (lavorazione metalli)/saldatrice/saldatrice.wav,0.0
+33,dataset/FELICE_demo7_phase_I/commands/757577790/ita/eng_0.wav,fsd/noise_set/strumenti di lavoro (lavorazione metalli)/saldatrice/saldatrice.wav,0.0
+44,dataset/FELICE_demo7_phase_I/commands/757577790/ita/ita_3.wav,fsd/noise_set/strumenti di lavoro (lavorazione metalli)/compressore/478118__astounded__industrial-compressor.wav,0.0
+55,dataset/FELICE_demo7_phase_I/commands/202738934/ita/ita_2.wav,fsd/noise_set/strumenti di lavoro (lavorazione metalli)/saldatrice/saldatrice.wav,0.0
+66,dataset/FELICE_demo7_phase_I/commands/202738934/ita/ita_0.wav,fsd/noise_set/hammer/193353.wav,0.933357543422827
+77,dataset/FELICE_demo7_phase_I/commands/202738934/ita/eng_0.wav,fsd/noise_set/hammer/193353.wav,0.933357543422827
+88,dataset/FELICE_demo7_phase_I/commands/202738934/ita/ita_3.wav,fsd/noise_set/hammer/180137.wav,1.493637915867088
+99,dataset/FELICE_demo7_phase_I/commands/697081431/ita/ita_2.wav,fsd/noise_set/strumenti di lavoro (lavorazione metalli)/saldatrice/saldatrice.wav,0.0
+110,dataset/FELICE_demo7_phase_I/commands/697081431/ita/ita_4.wav,fsd/noise_set/strumenti di lavoro (lavorazione metalli)/tornio/209213__mark646__drehmaschiene-start-01.wav,0.0
+121,dataset/FELICE_demo7_phase_I/commands/697081431/ita/ita_0.wav,fsd/noise_set/353526.wav,0.6803118386500646
+132,dataset/FELICE_demo7_phase_I/commands/697081431/ita/ita_1.wav,fsd/noise_set/hammer/207758.wav,2.4963704420332573
+143,dataset/FELICE_demo7_phase_I/commands/697081431/ita/eng_0.wav,fsd/noise_set/353526.wav,0.6803118386500646
+154,dataset/FELICE_demo7_phase_I/commands/697081431/ita/ita_5.wav,fsd/noise_set/strumenti di lavoro (lavorazione metalli)/air-ratchet (cricchetto ad aria)/air-ratchet-buzz-multiple_fyi9E_N__NWM.wav,0.0
+165,dataset/FELICE_demo7_phase_I/commands/697081431/ita/ita_3.wav,fsd/noise_set/hammer/180137.wav,1.331435200308639
+176,dataset/FELICE_demo7_phase_I/commands/365307573/ita/ita_2.wav,fsd/noise_set/catena di lavoro robot/verniciatura_car.wav,0.0
+187,dataset/FELICE_demo7_phase_I/commands/365307573/ita/ita_4.wav,fsd/noise_set/fan/space-heater-run_fyqe_iEd_NWM.wav,0.0
+198,dataset/FELICE_demo7_phase_I/commands/365307573/ita/ita_0.wav,fsd/noise_set/colpi ripetuti/pile-driver-pound-hard-long_M1TUSONd_NWM.wav,0.0
+209,dataset/FELICE_demo7_phase_I/commands/365307573/ita/ita_1.wav,fsd/noise_set/strumenti di lavoro (lavorazione metalli)/grinder  (mola)/hand-grinder-start-run-grind-pause-stop_G1LzB_E__NWM.wav,0.0
+220,dataset/FELICE_demo7_phase_I/commands/365307573/ita/eng_0.wav,fsd/noise_set/colpi ripetuti/pile-driver-pound-hard-long_M1TUSONd_NWM.wav,0.0
+231,dataset/FELICE_demo7_phase_I/commands/365307573/ita/ita_5.wav,fsd/noise_set/strumenti di lavoro (lavorazione metalli)/saw/jigsaw-black-and-decker-run_M162Ds4__NWM.wav,1.7268726019456888
+242,dataset/FELICE_demo7_phase_I/commands/365307573/ita/ita_3.wav,fsd/noise_set/strumenti di lavoro (lavorazione metalli)/saw/jigsaw-black-and-decker-run_M162Ds4__NWM.wav,1.5715163413771338
+253,dataset/FELICE_demo7_phase_I/commands/573888762/ita/ita_2.wav,fsd/noise_set/strumenti di lavoro (lavorazione metalli)/grinder  (mola)/hand-grinder-start-run-grind-pause-stop_G1LzB_E__NWM.wav,0.0
+264,dataset/FELICE_demo7_phase_I/commands/573888762/ita/ita_4.wav,fsd/noise_set/generatore/461704__drinkingwindgames__generator-running.wav,2.555430220649538
+275,dataset/FELICE_demo7_phase_I/commands/573888762/ita/ita_0.wav,fsd/noise_set/strumenti di lavoro (lavorazione metalli)/tornio/209213__mark646__drehmaschiene-start-01.wav,0.0
+286,dataset/FELICE_demo7_phase_I/commands/573888762/ita/eng_0.wav,fsd/noise_set/strumenti di lavoro (lavorazione metalli)/tornio/209213__mark646__drehmaschiene-start-01.wav,0.0
+297,dataset/FELICE_demo7_phase_I/commands/573888762/ita/ita_3.wav,fsd/noise_set/strumenti di lavoro (lavorazione metalli)/raschiatura/machine-cnc-milling-machine-screech_MkfSNuVO_NWM.wav,0.0
+308,dataset/FELICE_demo7_phase_I/commands/2146007936/ita/ita_2.wav,fsd/noise_set/strumenti di lavoro (lavorazione metalli)/air-ratchet (cricchetto ad aria)/air-ratchet-buzz-multiple_fyi9E_N__NWM.wav,0.0
+319,dataset/FELICE_demo7_phase_I/commands/2146007936/ita/ita_0.wav,fsd/noise_set/catena di lavoro robot/verniciatura_car.wav,0.0
+330,dataset/FELICE_demo7_phase_I/commands/2146007936/ita/eng_0.wav,fsd/noise_set/catena di lavoro robot/verniciatura_car.wav,0.0
+341,dataset/FELICE_demo7_phase_I/commands/2146007936/ita/ita_3.wav,fsd/noise_set/strumenti di lavoro (lavorazione metalli)/tornio/209213__mark646__drehmaschiene-start-01.wav,0.0
+352,dataset/FELICE_demo7_phase_I/commands/1364524938/ita/ita_2.wav,fsd/noise_set/hammer/207758.wav,2.4517228153438415
+363,dataset/FELICE_demo7_phase_I/commands/1364524938/ita/ita_4.wav,fsd/noise_set/colpi ripetuti/pile-driver-pound-hard-long_M1TUSONd_NWM.wav,0.0
+374,dataset/FELICE_demo7_phase_I/commands/1364524938/ita/ita_0.wav,fsd/noise_set/strumenti di lavoro (lavorazione metalli)/grinder  (mola)/hand-grinder-start-run-grind-pause-stop_G1LzB_E__NWM.wav,0.0
+385,dataset/FELICE_demo7_phase_I/commands/1364524938/ita/eng_0.wav,fsd/noise_set/strumenti di lavoro (lavorazione metalli)/grinder  (mola)/hand-grinder-start-run-grind-pause-stop_G1LzB_E__NWM.wav,0.0
+396,dataset/FELICE_demo7_phase_I/commands/1364524938/ita/ita_5.wav,fsd/noise_set/catena di lavoro robot/verniciatura_car.wav,0.0
+407,dataset/FELICE_demo7_phase_I/commands/1364524938/ita/ita_3.wav,fsd/noise_set/strumenti di lavoro (lavorazione metalli)/grinder  (mola)/hand-grinder-start-run-grind-pause-stop_G1LzB_E__NWM.wav,0.0
+418,dataset/FELICE_demo7_phase_I/commands/950255171/ita/ita_2.wav,fsd/noise_set/strumenti di lavoro (lavorazione metalli)/tornio/209213__mark646__drehmaschiene-start-01.wav,0.0
+429,dataset/FELICE_demo7_phase_I/commands/950255171/ita/ita_0.wav,fsd/noise_set/strumenti di lavoro (lavorazione metalli)/air-ratchet (cricchetto ad aria)/air-ratchet-buzz-multiple_fyi9E_N__NWM.wav,0.0
+440,dataset/FELICE_demo7_phase_I/commands/950255171/ita/eng_0.wav,fsd/noise_set/strumenti di lavoro (lavorazione metalli)/air-ratchet (cricchetto ad aria)/air-ratchet-buzz-multiple_fyi9E_N__NWM.wav,0.0
+451,dataset/FELICE_demo7_phase_I/commands/950255171/ita/ita_3.wav,fsd/noise_set/fan/space-heater-run_fyqe_iEd_NWM.wav,0.0
+462,dataset/FELICE_demo7_phase_I/commands/370932516/ita/ita_4.wav,fsd/noise_set/strumenti di lavoro (lavorazione metalli)/tornio/209213__mark646__drehmaschiene-start-01.wav,0.0
+473,dataset/FELICE_demo7_phase_I/commands/370932516/ita/ita_5.wav,fsd/noise_set/strumenti di lavoro (lavorazione metalli)/compressore/478118__astounded__industrial-compressor.wav,0.0
+484,dataset/FELICE_demo7_phase_I/commands/1785329822/ita/ita_2.wav,fsd/noise_set/strumenti di lavoro (lavorazione metalli)/raschiatura/machine-cnc-milling-machine-screech_MkfSNuVO_NWM.wav,0.0
+495,dataset/FELICE_demo7_phase_I/commands/1785329822/ita/ita_0.wav,fsd/noise_set/hammer/207758.wav,0.0
+506,dataset/FELICE_demo7_phase_I/commands/1785329822/ita/eng_0.wav,fsd/noise_set/hammer/207758.wav,0.0
+517,dataset/FELICE_demo7_phase_I/commands/1785329822/ita/ita_3.wav,fsd/noise_set/353526.wav,0.781333467064779
+528,dataset/FELICE_demo7_phase_I/commands/377577537/ita/ita_0.wav,fsd/noise_set/catena di lavoro robot/verniciatura_car.wav,0.0
+539,dataset/FELICE_demo7_phase_I/commands/377577537/ita/eng_0.wav,fsd/noise_set/catena di lavoro robot/verniciatura_car.wav,0.0
+550,dataset/FELICE_demo7_phase_I/commands/323966352/ita/ita_2.wav,fsd/noise_set/fan/space-heater-run_fyqe_iEd_NWM.wav,0.0
+561,dataset/FELICE_demo7_phase_I/commands/323966352/ita/ita_0.wav,fsd/noise_set/generatore/461704__drinkingwindgames__generator-running.wav,0.0
+572,dataset/FELICE_demo7_phase_I/commands/323966352/ita/eng_0.wav,fsd/noise_set/generatore/461704__drinkingwindgames__generator-running.wav,0.0
+583,dataset/FELICE_demo7_phase_I/commands/323966352/ita/ita_3.wav,fsd/noise_set/colpi ripetuti/pile-driver-pound-hard-long_M1TUSONd_NWM.wav,0.0
+594,dataset/FELICE_demo7_phase_I/commands/738867743/ita/ita_2.wav,fsd/noise_set/drill/258044.wav,0.21618227890297342
+605,dataset/FELICE_demo7_phase_I/commands/738867743/ita/ita_0.wav,fsd/noise_set/hammer/180137.wav,1.4712776852086042
+616,dataset/FELICE_demo7_phase_I/commands/738867743/ita/eng_0.wav,fsd/noise_set/hammer/180137.wav,1.4712776852086042
+627,dataset/FELICE_demo7_phase_I/commands/738867743/ita/ita_3.wav,fsd/noise_set/strumenti di lavoro (lavorazione metalli)/saldatrice/saldatrice.wav,0.0
+638,dataset/FELICE_demo7_phase_I/commands/2045192328/ita/ita_2.wav,fsd/noise_set/generatore/461704__drinkingwindgames__generator-running.wav,0.0
+649,dataset/FELICE_demo7_phase_I/commands/2045192328/ita/ita_0.wav,fsd/noise_set/strumenti di lavoro (lavorazione metalli)/tornio/209213__mark646__drehmaschiene-start-01.wav,0.0
+660,dataset/FELICE_demo7_phase_I/commands/2045192328/ita/eng_0.wav,fsd/noise_set/strumenti di lavoro (lavorazione metalli)/tornio/209213__mark646__drehmaschiene-start-01.wav,0.0
+671,dataset/FELICE_demo7_phase_I/commands/2045192328/ita/ita_3.wav,fsd/noise_set/strumenti di lavoro (lavorazione metalli)/saldatrice/saldatrice.wav,0.0
+682,dataset/FELICE_demo7_phase_I/commands/779117346/ita/ita_2.wav,fsd/noise_set/catena di lavoro/SDMechanicalFactoryassemblyliteINT01-MS.wav,0.0
+693,dataset/FELICE_demo7_phase_I/commands/779117346/ita/ita_0.wav,fsd/noise_set/strumenti di lavoro (lavorazione metalli)/grinder  (mola)/hand-grinder-start-run-grind-pause-stop_G1LzB_E__NWM.wav,0.0
+704,dataset/FELICE_demo7_phase_I/commands/779117346/ita/eng_0.wav,fsd/noise_set/strumenti di lavoro (lavorazione metalli)/grinder  (mola)/hand-grinder-start-run-grind-pause-stop_G1LzB_E__NWM.wav,0.0
+715,dataset/FELICE_demo7_phase_I/commands/779117346/ita/ita_3.wav,fsd/noise_set/drill/236326.wav,0.27292045376603213
+726,dataset/FELICE_demo7_phase_I/commands/134001349/ita/ita_2.wav,fsd/noise_set/strumenti di lavoro (lavorazione metalli)/saldatrice/saldatrice.wav,0.0
+737,dataset/FELICE_demo7_phase_I/commands/134001349/ita/ita_0.wav,fsd/noise_set/catena di lavoro/SDMechanicalFactoryassemblyliteINT01-MS.wav,0.0
+748,dataset/FELICE_demo7_phase_I/commands/134001349/ita/eng_0.wav,fsd/noise_set/catena di lavoro/SDMechanicalFactoryassemblyliteINT01-MS.wav,0.0
+759,dataset/FELICE_demo7_phase_I/commands/134001349/ita/ita_3.wav,fsd/noise_set/catena di lavoro/SDMechanicalFactoryassemblyliteINT01-MS.wav,0.0
+770,dataset/FELICE_demo7_phase_I/commands/719438104/ita/ita_2.wav,fsd/noise_set/catena di lavoro robot/verniciatura_car.wav,0.0
+781,dataset/FELICE_demo7_phase_I/commands/719438104/ita/ita_0.wav,fsd/noise_set/353526.wav,0.869681870285434
+792,dataset/FELICE_demo7_phase_I/commands/719438104/ita/eng_0.wav,fsd/noise_set/353526.wav,0.869681870285434
+803,dataset/FELICE_demo7_phase_I/commands/719438104/ita/ita_3.wav,fsd/noise_set/strumenti di lavoro (lavorazione metalli)/tornio/209213__mark646__drehmaschiene-start-01.wav,0.0
+814,dataset/FELICE_demo7_phase_I/commands/2129142900/ita/ita_0.wav,fsd/noise_set/colpi ripetuti/pile-driver-pound-hard-long_M1TUSONd_NWM.wav,0.0
+825,dataset/FELICE_demo7_phase_I/commands/2129142900/ita/eng_0.wav,fsd/noise_set/colpi ripetuti/pile-driver-pound-hard-long_M1TUSONd_NWM.wav,0.0
+836,dataset/FELICE_demo7_phase_I/commands/802314253/ita/ita_2.wav,fsd/noise_set/drill/89099.wav,1.201680311324635
+847,dataset/FELICE_demo7_phase_I/commands/802314253/ita/ita_0.wav,fsd/noise_set/hammer/207758.wav,2.381801572893859
+858,dataset/FELICE_demo7_phase_I/commands/802314253/ita/eng_0.wav,fsd/noise_set/hammer/207758.wav,2.381801572893859
+869,dataset/FELICE_demo7_phase_I/commands/802314253/ita/ita_3.wav,fsd/noise_set/strumenti di lavoro (lavorazione metalli)/saldatrice/saldatrice.wav,5.046875220994586
+880,dataset/FELICE_demo7_phase_I/commands/673586351/ita/ita_2.wav,fsd/noise_set/fan/space-heater-run_fyqe_iEd_NWM.wav,0.0
+891,dataset/FELICE_demo7_phase_I/commands/673586351/ita/ita_0.wav,fsd/noise_set/353526.wav,0.9425164978374991
+902,dataset/FELICE_demo7_phase_I/commands/673586351/ita/eng_0.wav,fsd/noise_set/353526.wav,0.9425164978374991
+913,dataset/FELICE_demo7_phase_I/commands/673586351/ita/ita_3.wav,fsd/noise_set/strumenti di lavoro (lavorazione metalli)/compressore/478118__astounded__industrial-compressor.wav,0.0
+924,dataset/FELICE_demo7_phase_I/commands/1944030722/ita/ita_2.wav,fsd/noise_set/strumenti di lavoro (lavorazione metalli)/saldatrice/saldatrice.wav,0.0
+935,dataset/FELICE_demo7_phase_I/commands/1944030722/ita/ita_0.wav,fsd/noise_set/353526.wav,0.7851937023250384
+946,dataset/FELICE_demo7_phase_I/commands/1944030722/ita/eng_0.wav,fsd/noise_set/353526.wav,0.7851937023250384
+957,dataset/FELICE_demo7_phase_I/commands/1944030722/ita/ita_3.wav,fsd/noise_set/strumenti di lavoro (lavorazione metalli)/saw/jigsaw-black-and-decker-run_M162Ds4__NWM.wav,1.651124589291541
+968,dataset/FELICE_demo7_phase_I/commands/834582285/ita/ita_3.wav,fsd/noise_set/strumenti di lavoro (lavorazione metalli)/compressore/478118__astounded__industrial-compressor.wav,0.0
+979,dataset/FELICE_demo7_phase_I/commands/2109142388/ita/ita_2.wav,fsd/noise_set/strumenti di lavoro (lavorazione metalli)/grinder  (mola)/hand-grinder-start-run-grind-pause-stop_G1LzB_E__NWM.wav,0.0
+990,dataset/FELICE_demo7_phase_I/commands/2109142388/ita/ita_0.wav,fsd/noise_set/strumenti di lavoro (lavorazione metalli)/air-ratchet (cricchetto ad aria)/air-ratchet-buzz-multiple_fyi9E_N__NWM.wav,0.0
+1001,dataset/FELICE_demo7_phase_I/commands/2109142388/ita/eng_0.wav,fsd/noise_set/strumenti di lavoro (lavorazione metalli)/air-ratchet (cricchetto ad aria)/air-ratchet-buzz-multiple_fyi9E_N__NWM.wav,0.0
+1012,dataset/FELICE_demo7_phase_I/commands/2109142388/ita/ita_3.wav,fsd/noise_set/strumenti di lavoro (lavorazione metalli)/compressore/478118__astounded__industrial-compressor.wav,0.0
+1023,dataset/FELICE_demo7_phase_I/commands/1415529430/ita/ita_2.wav,fsd/noise_set/catena di lavoro/SDMechanicalFactoryassemblyliteINT01-MS.wav,0.0
+1034,dataset/FELICE_demo7_phase_I/commands/1415529430/ita/ita_0.wav,fsd/noise_set/strumenti di lavoro (lavorazione metalli)/tornio/209213__mark646__drehmaschiene-start-01.wav,0.0
+1045,dataset/FELICE_demo7_phase_I/commands/1415529430/ita/eng_0.wav,fsd/noise_set/strumenti di lavoro (lavorazione metalli)/tornio/209213__mark646__drehmaschiene-start-01.wav,0.0
+1056,dataset/FELICE_demo7_phase_I/commands/1415529430/ita/ita_3.wav,fsd/noise_set/catena di lavoro robot/verniciatura_car.wav,0.0
+1067,dataset/FELICE_demo7_phase_I/commands/1153694021/ita/ita_2.wav,fsd/noise_set/hammer/193353.wav,0.5458773248458403
+1078,dataset/FELICE_demo7_phase_I/commands/1153694021/ita/ita_4.wav,fsd/noise_set/colpi ripetuti/pile-driver-pound-hard-long_M1TUSONd_NWM.wav,0.0
+1089,dataset/FELICE_demo7_phase_I/commands/1153694021/ita/ita_0.wav,fsd/noise_set/fan/space-heater-run_fyqe_iEd_NWM.wav,0.0
+1100,dataset/FELICE_demo7_phase_I/commands/1153694021/ita/ita_1.wav,fsd/noise_set/strumenti di lavoro (lavorazione metalli)/saldatrice/saldatrice.wav,0.0
+1111,dataset/FELICE_demo7_phase_I/commands/1153694021/ita/eng_0.wav,fsd/noise_set/fan/space-heater-run_fyqe_iEd_NWM.wav,0.0
+1122,dataset/FELICE_demo7_phase_I/commands/1153694021/ita/ita_5.wav,fsd/noise_set/drill/104817.wav,3.482970098196644
+1133,dataset/FELICE_demo7_phase_I/commands/1153694021/ita/ita_3.wav,fsd/noise_set/drill/274855.wav,0.07785111252471359
+1144,dataset/FELICE_demo7_phase_I/commands/238808563/ita/ita_2.wav,fsd/noise_set/strumenti di lavoro (lavorazione metalli)/saw/jigsaw-black-and-decker-run_M162Ds4__NWM.wav,1.6676580497458597
+1155,dataset/FELICE_demo7_phase_I/commands/238808563/ita/ita_3.wav,fsd/noise_set/strumenti di lavoro (lavorazione metalli)/raschiatura/machine-cnc-milling-machine-screech_MkfSNuVO_NWM.wav,0.0
+1166,dataset/FELICE_demo7_phase_I/commands/29503691/ita/ita_2.wav,fsd/noise_set/catena di lavoro/SDMechanicalFactoryassemblyliteINT01-MS.wav,0.0
+1177,dataset/FELICE_demo7_phase_I/commands/29503691/ita/ita_0.wav,fsd/noise_set/strumenti di lavoro (lavorazione metalli)/saw/jigsaw-black-and-decker-run_M162Ds4__NWM.wav,0.0
+1188,dataset/FELICE_demo7_phase_I/commands/29503691/ita/eng_0.wav,fsd/noise_set/strumenti di lavoro (lavorazione metalli)/saw/jigsaw-black-and-decker-run_M162Ds4__NWM.wav,0.0
+1199,dataset/FELICE_demo7_phase_I/commands/29503691/ita/ita_3.wav,fsd/noise_set/catena di lavoro/SDMechanicalFactoryassemblyliteINT01-MS.wav,0.0
+1210,dataset/FELICE_demo7_phase_I/commands/2112819853/ita/ita_2.wav,fsd/noise_set/drill/236326.wav,0.10685750294732355
+1221,dataset/FELICE_demo7_phase_I/commands/2112819853/ita/ita_4.wav,fsd/noise_set/strumenti di lavoro (lavorazione metalli)/grinder  (mola)/hand-grinder-start-run-grind-pause-stop_G1LzB_E__NWM.wav,0.0
+1232,dataset/FELICE_demo7_phase_I/commands/2112819853/ita/ita_0.wav,fsd/noise_set/strumenti di lavoro (lavorazione metalli)/compressore/478118__astounded__industrial-compressor.wav,0.0
+1243,dataset/FELICE_demo7_phase_I/commands/2112819853/ita/eng_0.wav,fsd/noise_set/strumenti di lavoro (lavorazione metalli)/compressore/478118__astounded__industrial-compressor.wav,0.0
+1254,dataset/FELICE_demo7_phase_I/commands/2112819853/ita/ita_5.wav,fsd/noise_set/strumenti di lavoro (lavorazione metalli)/grinder  (mola)/hand-grinder-start-run-grind-pause-stop_G1LzB_E__NWM.wav,0.0
+1265,dataset/FELICE_demo7_phase_I/commands/2112819853/ita/ita_3.wav,fsd/noise_set/strumenti di lavoro (lavorazione metalli)/grinder  (mola)/hand-grinder-start-run-grind-pause-stop_G1LzB_E__NWM.wav,0.0
+1276,dataset/FELICE_demo7_phase_I/commands/571275450/ita/ita_2.wav,fsd/noise_set/strumenti di lavoro (lavorazione metalli)/tornio/209213__mark646__drehmaschiene-start-01.wav,0.0
+1287,dataset/FELICE_demo7_phase_I/commands/571275450/ita/ita_4.wav,fsd/noise_set/strumenti di lavoro (lavorazione metalli)/tornio/209213__mark646__drehmaschiene-start-01.wav,0.0
+1298,dataset/FELICE_demo7_phase_I/commands/571275450/ita/ita_0.wav,fsd/noise_set/strumenti di lavoro (lavorazione metalli)/grinder  (mola)/hand-grinder-start-run-grind-pause-stop_G1LzB_E__NWM.wav,0.0
+1309,dataset/FELICE_demo7_phase_I/commands/571275450/ita/ita_1.wav,fsd/noise_set/catena di lavoro robot/verniciatura_car.wav,0.0
+1320,dataset/FELICE_demo7_phase_I/commands/571275450/ita/eng_0.wav,fsd/noise_set/strumenti di lavoro (lavorazione metalli)/grinder  (mola)/hand-grinder-start-run-grind-pause-stop_G1LzB_E__NWM.wav,0.0
+1331,dataset/FELICE_demo7_phase_I/commands/571275450/ita/ita_5.wav,fsd/noise_set/strumenti di lavoro (lavorazione metalli)/compressore/478118__astounded__industrial-compressor.wav,0.0
+1342,dataset/FELICE_demo7_phase_I/commands/571275450/ita/ita_3.wav,fsd/noise_set/strumenti di lavoro (lavorazione metalli)/compressore/478118__astounded__industrial-compressor.wav,0.0
+1353,dataset/FELICE_demo7_phase_I/rejects/ita/clips/1153299253_ita_15.wav,fsd/noise_set/strumenti di lavoro (lavorazione metalli)/saw/jigsaw-black-and-decker-run_M162Ds4__NWM.wav,0.0
+1364,dataset/FELICE_demo7_phase_I/rejects/ita/clips/133699592_ita_9.wav,fsd/noise_set/353526.wav,0.758973236406295
+1375,dataset/FELICE_demo7_phase_I/rejects/ita/clips/268005350_ita_2.wav,fsd/noise_set/strumenti di lavoro (lavorazione metalli)/raschiatura/machine-cnc-milling-machine-screech_MkfSNuVO_NWM.wav,0.0
+1386,dataset/FELICE_demo7_phase_I/rejects/ita/clips/298552117_ita_12.wav,fsd/noise_set/fan/space-heater-run_fyqe_iEd_NWM.wav,0.0
+1397,dataset/FELICE_demo7_phase_I/rejects/ita/clips/sheila_4d9e07cf_nohash_1.wav,fsd/noise_set/catena di lavoro robot/verniciatura_car.wav,0.0
+1408,dataset/FELICE_demo7_phase_I/rejects/ita/clips/sheila_f6af2457_nohash_0.wav,fsd/noise_set/strumenti di lavoro (lavorazione metalli)/raschiatura/machine-cnc-milling-machine-screech_MkfSNuVO_NWM.wav,0.0
+1419,dataset/FELICE_demo7_phase_I/rejects/ita/clips/dog_3c1e12cf_nohash_0.wav,fsd/noise_set/drill/50414.wav,0.9147665047401623
+1430,dataset/FELICE_demo7_phase_I/rejects/ita/clips/sheila_56eb74ae_nohash_0.wav,fsd/noise_set/strumenti di lavoro (lavorazione metalli)/saw/jigsaw-black-and-decker-run_M162Ds4__NWM.wav,0.0
+1441,dataset/FELICE_demo7_phase_I/rejects/ita/clips/engine2_voice9_cmd4.wav,fsd/noise_set/strumenti di lavoro (lavorazione metalli)/compressore/478118__astounded__industrial-compressor.wav,0.0
+1452,dataset/FELICE_demo7_phase_I/rejects/ita/clips/298552117_ita_21.wav,fsd/noise_set/colpi ripetuti/pile-driver-pound-hard-long_M1TUSONd_NWM.wav,0.0
+1463,dataset/FELICE_demo7_phase_I/rejects/ita/clips/engine2_voice7_cmd25.wav,fsd/noise_set/catena di lavoro/SDMechanicalFactoryassemblyliteINT01-MS.wav,0.0
+1474,dataset/FELICE_demo7_phase_I/rejects/ita/clips/sheila_3d9200b9_nohash_0.wav,fsd/noise_set/colpi ripetuti/pile-driver-pound-hard-long_M1TUSONd_NWM.wav,0.0
+1485,dataset/FELICE_demo7_phase_I/rejects/ita/clips/dog_1ba20be2_nohash_1.wav,fsd/noise_set/drill/29722.wav,0.0
+1496,dataset/FELICE_demo7_phase_I/rejects/ita/clips/sheila_e72aa705_nohash_1.wav,fsd/noise_set/catena di lavoro robot/verniciatura_car.wav,0.0
+1507,dataset/FELICE_demo7_phase_I/rejects/ita/clips/dog_c5c60d8d_nohash_0.wav,fsd/noise_set/hammer/193353.wav,0.9654047795457356
+1518,dataset/FELICE_demo7_phase_I/rejects/ita/clips/133699592_ita_19.wav,fsd/noise_set/strumenti di lavoro (lavorazione metalli)/raschiatura/machine-cnc-milling-machine-screech_MkfSNuVO_NWM.wav,0.0
+1529,dataset/FELICE_demo7_phase_I/rejects/ita/clips/cat_05cf43ef_nohash_0.wav,fsd/noise_set/hammer/207758.wav,0.0
+1540,dataset/FELICE_demo7_phase_I/rejects/ita/clips/up_6f342826_nohash_1.wav,fsd/noise_set/fan/space-heater-run_fyqe_iEd_NWM.wav,0.0
+1551,dataset/FELICE_demo7_phase_I/rejects/ita/clips/engine2_voice9_cmd5.wav,fsd/noise_set/catena di lavoro robot/verniciatura_car.wav,0.0
+1562,dataset/FELICE_demo7_phase_I/rejects/ita/clips/engine2_voice8_cmd12.wav,fsd/noise_set/strumenti di lavoro (lavorazione metalli)/compressore/478118__astounded__industrial-compressor.wav,0.0
+1573,dataset/FELICE_demo7_phase_I/rejects/ita/clips/2058616_ita_19.wav,fsd/noise_set/colpi ripetuti/pile-driver-pound-hard-long_M1TUSONd_NWM.wav,0.0
+1584,dataset/FELICE_demo7_phase_I/rejects/ita/clips/cat_173e6bbf_nohash_0.wav,fsd/noise_set/strumenti di lavoro (lavorazione metalli)/raschiatura/machine-cnc-milling-machine-screech_MkfSNuVO_NWM.wav,0.0
+1595,dataset/FELICE_demo7_phase_I/rejects/ita/clips/dog_5705a0f9_nohash_0.wav,fsd/noise_set/strumenti di lavoro (lavorazione metalli)/raschiatura/machine-cnc-milling-machine-screech_MkfSNuVO_NWM.wav,0.0
+1606,dataset/FELICE_demo7_phase_I/rejects/ita/clips/1630728501_ita_20.wav,fsd/noise_set/colpi ripetuti/pile-driver-pound-hard-long_M1TUSONd_NWM.wav,0.0
+1617,dataset/FELICE_demo7_phase_I/rejects/ita/clips/sheila_30137d34_nohash_0.wav,fsd/noise_set/colpi ripetuti/pile-driver-pound-hard-long_M1TUSONd_NWM.wav,0.0
+1628,dataset/FELICE_demo7_phase_I/rejects/ita/clips/dog_88a487ce_nohash_1.wav,fsd/noise_set/colpi ripetuti/pile-driver-pound-hard-long_M1TUSONd_NWM.wav,0.0
+1639,dataset/FELICE_demo7_phase_I/rejects/ita/clips/engine2_voice6_cmd9.wav,fsd/noise_set/strumenti di lavoro (lavorazione metalli)/grinder  (mola)/hand-grinder-start-run-grind-pause-stop_G1LzB_E__NWM.wav,0.0
+1650,dataset/FELICE_demo7_phase_I/rejects/ita/clips/house_94e6864f_nohash_0.wav,fsd/noise_set/generatore/461704__drinkingwindgames__generator-running.wav,0.0
+1661,dataset/FELICE_demo7_phase_I/rejects/ita/clips/cat_7d8babdb_nohash_0.wav,fsd/noise_set/catena di lavoro/SDMechanicalFactoryassemblyliteINT01-MS.wav,0.0
+1672,dataset/FELICE_demo7_phase_I/rejects/ita/clips/engine2_voice4_cmd17.wav,fsd/noise_set/catena di lavoro/SDMechanicalFactoryassemblyliteINT01-MS.wav,0.0
+1683,dataset/FELICE_demo7_phase_I/rejects/ita/clips/1153299253_ita_14.wav,fsd/noise_set/353526.wav,0.8512547095147616
+1694,dataset/FELICE_demo7_phase_I/rejects/ita/clips/sheila_1851e33b_nohash_1.wav,fsd/noise_set/generatore/461704__drinkingwindgames__generator-running.wav,0.0
+1705,dataset/FELICE_demo7_phase_I/rejects/ita/clips/1299468493_ita_5.wav,fsd/noise_set/strumenti di lavoro (lavorazione metalli)/saldatrice/saldatrice.wav,0.0
+1716,dataset/FELICE_demo7_phase_I/rejects/ita/clips/cat_f0ae7203_nohash_0.wav,fsd/noise_set/drill/89099.wav,0.0
+1727,dataset/FELICE_demo7_phase_I/rejects/ita/clips/507870188_ita_21.wav,fsd/noise_set/strumenti di lavoro (lavorazione metalli)/air-ratchet (cricchetto ad aria)/air-ratchet-buzz-multiple_fyi9E_N__NWM.wav,0.0
+1738,dataset/FELICE_demo7_phase_I/rejects/ita/clips/dog_44260689_nohash_1.wav,fsd/noise_set/353526.wav,0.9707034987001484
+1749,dataset/FELICE_demo7_phase_I/rejects/ita/clips/sheila_69953f48_nohash_0.wav,fsd/noise_set/strumenti di lavoro (lavorazione metalli)/raschiatura/machine-cnc-milling-machine-screech_MkfSNuVO_NWM.wav,0.0
+1760,dataset/FELICE_demo7_phase_I/rejects/ita/clips/up_4a4e28f1_nohash_0.wav,fsd/noise_set/drill/50414.wav,0.911161190676335
+1771,dataset/FELICE_demo7_phase_I/rejects/ita/clips/269423705_ita_0.wav,fsd/noise_set/strumenti di lavoro (lavorazione metalli)/grinder  (mola)/hand-grinder-start-run-grind-pause-stop_G1LzB_E__NWM.wav,0.0
+1782,dataset/FELICE_demo7_phase_I/rejects/ita/clips/611850050_ita_15.wav,fsd/noise_set/strumenti di lavoro (lavorazione metalli)/saldatrice/saldatrice.wav,0.0
+1793,dataset/FELICE_demo7_phase_I/rejects/ita/clips/house_1a5b9ca4_nohash_0.wav,fsd/noise_set/catena di lavoro robot/verniciatura_car.wav,0.0
+1804,dataset/FELICE_demo7_phase_I/rejects/ita/clips/sheila_e48a80ed_nohash_0.wav,fsd/noise_set/catena di lavoro robot/verniciatura_car.wav,0.0
+1815,dataset/FELICE_demo7_phase_I/rejects/ita/clips/dog_6a014b29_nohash_0.wav,fsd/noise_set/strumenti di lavoro (lavorazione metalli)/saldatrice/saldatrice.wav,0.0
+1826,dataset/FELICE_demo7_phase_I/rejects/ita/clips/engine2_voice3_cmd5.wav,fsd/noise_set/drill/50414.wav,0.893198350656307
+1837,dataset/FELICE_demo7_phase_I/rejects/ita/clips/556469931_ita_28.wav,fsd/noise_set/catena di lavoro/SDMechanicalFactoryassemblyliteINT01-MS.wav,0.0
+1848,dataset/FELICE_demo7_phase_I/rejects/ita/clips/engine2_voice8_cmd17.wav,fsd/noise_set/strumenti di lavoro (lavorazione metalli)/saw/jigsaw-black-and-decker-run_M162Ds4__NWM.wav,0.0
+1859,dataset/FELICE_demo7_phase_I/rejects/ita/clips/engine2_voice1_cmd21.wav,fsd/noise_set/fan/space-heater-run_fyqe_iEd_NWM.wav,0.0
+1870,dataset/FELICE_demo7_phase_I/rejects/ita/clips/556469931_ita_0.wav,fsd/noise_set/catena di lavoro robot/verniciatura_car.wav,0.0
+1881,dataset/FELICE_demo7_phase_I/rejects/ita/clips/sheila_39025b21_nohash_0.wav,fsd/noise_set/strumenti di lavoro (lavorazione metalli)/grinder  (mola)/hand-grinder-start-run-grind-pause-stop_G1LzB_E__NWM.wav,0.0
+1892,dataset/FELICE_demo7_phase_I/rejects/ita/clips/268005350_ita_1.wav,fsd/noise_set/generatore/461704__drinkingwindgames__generator-running.wav,0.0
+1903,dataset/FELICE_demo7_phase_I/rejects/ita/clips/sheila_745a8e32_nohash_0.wav,fsd/noise_set/catena di lavoro/SDMechanicalFactoryassemblyliteINT01-MS.wav,0.0
+1914,dataset/FELICE_demo7_phase_I/rejects/ita/clips/engine2_voice5_cmd9.wav,fsd/noise_set/strumenti di lavoro (lavorazione metalli)/raschiatura/machine-cnc-milling-machine-screech_MkfSNuVO_NWM.wav,0.0
+1925,dataset/FELICE_demo7_phase_I/rejects/ita/clips/engine2_voice10_cmd14.wav,fsd/noise_set/353526.wav,0.948935049390525
+1936,dataset/FELICE_demo7_phase_I/rejects/ita/clips/cat_1338a799_nohash_0.wav,fsd/noise_set/drill/45383.wav,0.0
+1947,dataset/FELICE_demo7_phase_I/rejects/ita/clips/cat_6f342826_nohash_1.wav,fsd/noise_set/colpi ripetuti/pile-driver-pound-hard-long_M1TUSONd_NWM.wav,0.0
+1958,dataset/FELICE_demo7_phase_I/rejects/ita/clips/up_179a61b7_nohash_1.wav,fsd/noise_set/generatore/461704__drinkingwindgames__generator-running.wav,0.0
+1969,dataset/FELICE_demo7_phase_I/rejects/ita/clips/house_53578f4e_nohash_0.wav,fsd/noise_set/drill/50416.wav,0.0
+1980,dataset/FELICE_demo7_phase_I/rejects/ita/clips/engine2_voice4_cmd2.wav,fsd/noise_set/strumenti di lavoro (lavorazione metalli)/compressore/478118__astounded__industrial-compressor.wav,0.0
+1991,dataset/FELICE_demo7_phase_I/rejects/ita/clips/1609876882_ita_0.wav,fsd/noise_set/fan/space-heater-run_fyqe_iEd_NWM.wav,0.0
+2002,dataset/FELICE_demo7_phase_I/rejects/ita/clips/199231711_ita_20.wav,fsd/noise_set/drill/333080.wav,1.6693696634933335
+2013,dataset/FELICE_demo7_phase_I/rejects/ita/clips/up_33f60c62_nohash_0.wav,fsd/noise_set/strumenti di lavoro (lavorazione metalli)/saldatrice/saldatrice.wav,0.0
+2024,dataset/FELICE_demo7_phase_I/rejects/ita/clips/dog_cb802c63_nohash_1.wav,fsd/noise_set/strumenti di lavoro (lavorazione metalli)/air-ratchet (cricchetto ad aria)/air-ratchet-buzz-multiple_fyi9E_N__NWM.wav,0.0
+2035,dataset/FELICE_demo7_phase_I/rejects/ita/clips/2025799315_ita_2.wav,fsd/noise_set/hammer/193353.wav,0.9508378540353225
+2046,dataset/FELICE_demo7_phase_I/rejects/ita/clips/1630728501_ita_5.wav,fsd/noise_set/strumenti di lavoro (lavorazione metalli)/saldatrice/saldatrice.wav,0.0
+2057,dataset/FELICE_demo7_phase_I/rejects/ita/clips/cat_6f3458b3_nohash_0.wav,fsd/noise_set/generatore/461704__drinkingwindgames__generator-running.wav,0.0
+2068,dataset/FELICE_demo7_phase_I/rejects/ita/clips/up_888a0c49_nohash_2.wav,fsd/noise_set/generatore/461704__drinkingwindgames__generator-running.wav,0.0
+2079,dataset/FELICE_demo7_phase_I/rejects/ita/clips/dog_e48a80ed_nohash_0.wav,fsd/noise_set/353526.wav,0.9707034987001484
+2090,dataset/FELICE_demo7_phase_I/rejects/ita/clips/1863268171_ita_1.wav,fsd/noise_set/colpi ripetuti/pile-driver-pound-hard-long_M1TUSONd_NWM.wav,0.0
+2101,dataset/FELICE_demo7_phase_I/rejects/ita/clips/1630728501_ita_12.wav,fsd/noise_set/strumenti di lavoro (lavorazione metalli)/saldatrice/saldatrice.wav,0.0
+2112,dataset/FELICE_demo7_phase_I/rejects/ita/clips/1153299253_ita_20.wav,fsd/noise_set/catena di lavoro/SDMechanicalFactoryassemblyliteINT01-MS.wav,0.0
+2123,dataset/FELICE_demo7_phase_I/rejects/ita/clips/engine2_voice7_cmd2.wav,fsd/noise_set/hammer/207758.wav,0.0
+2134,dataset/FELICE_demo7_phase_I/rejects/ita/clips/engine2_voice2_cmd19.wav,fsd/noise_set/catena di lavoro/SDMechanicalFactoryassemblyliteINT01-MS.wav,0.0
+2145,dataset/FELICE_demo7_phase_I/rejects/ita/clips/1299468493_ita_0.wav,fsd/noise_set/hammer/193353.wav,0.8032020639872864
+2156,dataset/FELICE_demo7_phase_I/rejects/ita/clips/507870188_ita_16.wav,fsd/noise_set/drill/274855.wav,0.31966207599756985
+2167,dataset/FELICE_demo7_phase_I/rejects/ita/clips/house_bbd0bbd0_nohash_0.wav,fsd/noise_set/strumenti di lavoro (lavorazione metalli)/tornio/209213__mark646__drehmaschiene-start-01.wav,0.0
+2178,dataset/FELICE_demo7_phase_I/rejects/ita/clips/up_652b3da7_nohash_1.wav,fsd/noise_set/hammer/193353.wav,0.9654047795457356
+2189,dataset/FELICE_demo7_phase_I/rejects/ita/clips/1630728501_ita_21.wav,fsd/noise_set/generatore/461704__drinkingwindgames__generator-running.wav,0.0
+2200,dataset/FELICE_demo7_phase_I/rejects/ita/clips/house_d8a5ace5_nohash_0.wav,fsd/noise_set/generatore/461704__drinkingwindgames__generator-running.wav,0.0
+2211,dataset/FELICE_demo7_phase_I/rejects/ita/clips/dog_3d9200b9_nohash_0.wav,fsd/noise_set/strumenti di lavoro (lavorazione metalli)/raschiatura/machine-cnc-milling-machine-screech_MkfSNuVO_NWM.wav,0.0
+2222,dataset/FELICE_demo7_phase_I/rejects/ita/clips/2109142388_ita_14.wav,fsd/noise_set/catena di lavoro robot/verniciatura_car.wav,0.0
+2233,dataset/FELICE_demo7_phase_I/rejects/ita/clips/engine2_voice3_cmd20.wav,fsd/noise_set/strumenti di lavoro (lavorazione metalli)/air-ratchet (cricchetto ad aria)/air-ratchet-buzz-multiple_fyi9E_N__NWM.wav,0.0
+2244,dataset/FELICE_demo7_phase_I/rejects/ita/clips/up_c1d39ce8_nohash_4.wav,fsd/noise_set/strumenti di lavoro (lavorazione metalli)/saldatrice/saldatrice.wav,0.0
+2255,dataset/FELICE_demo7_phase_I/rejects/ita/clips/924061663_ita_4.wav,fsd/noise_set/strumenti di lavoro (lavorazione metalli)/saw/jigsaw-black-and-decker-run_M162Ds4__NWM.wav,0.0
+2266,dataset/FELICE_demo7_phase_I/rejects/ita/clips/1314783113_ita_2.wav,fsd/noise_set/strumenti di lavoro (lavorazione metalli)/air-ratchet (cricchetto ad aria)/air-ratchet-buzz-multiple_fyi9E_N__NWM.wav,0.0
+2277,dataset/FELICE_demo7_phase_I/rejects/ita/clips/937390897_ita_24.wav,fsd/noise_set/strumenti di lavoro (lavorazione metalli)/air-ratchet (cricchetto ad aria)/air-ratchet-buzz-multiple_fyi9E_N__NWM.wav,0.0
+2288,dataset/FELICE_demo7_phase_I/rejects/ita/clips/133699592_ita_14.wav,fsd/noise_set/drill/244242.wav,0.0
+2299,dataset/FELICE_demo7_phase_I/rejects/ita/clips/engine2_voice3_cmd4.wav,fsd/noise_set/hammer/207758.wav,0.0
+2310,dataset/FELICE_demo7_phase_I/rejects/ita/clips/1785329822_ita_13.wav,fsd/noise_set/strumenti di lavoro (lavorazione metalli)/compressore/478118__astounded__industrial-compressor.wav,0.0
+2321,dataset/FELICE_demo7_phase_I/rejects/ita/clips/house_a4ca3afe_nohash_1.wav,fsd/noise_set/catena di lavoro robot/verniciatura_car.wav,0.0
+2332,dataset/FELICE_demo7_phase_I/rejects/ita/clips/1153299253_ita_17.wav,fsd/noise_set/colpi ripetuti/pile-driver-pound-hard-long_M1TUSONd_NWM.wav,0.0
+2343,dataset/FELICE_demo7_phase_I/rejects/ita/clips/sheila_6889b21f_nohash_0.wav,fsd/noise_set/catena di lavoro robot/verniciatura_car.wav,0.0
+2354,dataset/FELICE_demo7_phase_I/rejects/ita/clips/cat_ee4a907f_nohash_0.wav,fsd/noise_set/353526.wav,0.9707034987001484
+2365,dataset/FELICE_demo7_phase_I/rejects/ita/clips/757577790_ita_15.wav,fsd/noise_set/strumenti di lavoro (lavorazione metalli)/saldatrice/saldatrice.wav,0.0
+2376,dataset/FELICE_demo7_phase_I/rejects/ita/clips/133699592_ita_10.wav,fsd/noise_set/fan/space-heater-run_fyqe_iEd_NWM.wav,0.0
+2387,dataset/FELICE_demo7_phase_I/rejects/ita/clips/924061663_ita_5.wav,fsd/noise_set/drill/254296.wav,0.6242200711065304
+2398,dataset/FELICE_demo7_phase_I/rejects/ita/clips/sheila_05cf43ef_nohash_0.wav,fsd/noise_set/fan/space-heater-run_fyqe_iEd_NWM.wav,0.0
+2409,dataset/FELICE_demo7_phase_I/rejects/ita/clips/1364524938_ita_24.wav,fsd/noise_set/catena di lavoro/SDMechanicalFactoryassemblyliteINT01-MS.wav,0.0
+2420,dataset/FELICE_demo7_phase_I/rejects/ita/clips/121876938_ita_12.wav,fsd/noise_set/hammer/207758.wav,2.4692031259563367
+2431,dataset/FELICE_demo7_phase_I/rejects/ita/clips/sheila_10c6d873_nohash_1.wav,fsd/noise_set/colpi ripetuti/pile-driver-pound-hard-long_M1TUSONd_NWM.wav,0.0
+2442,dataset/FELICE_demo7_phase_I/rejects/ita/clips/366052369_ita_21.wav,fsd/noise_set/strumenti di lavoro (lavorazione metalli)/raschiatura/machine-cnc-milling-machine-screech_MkfSNuVO_NWM.wav,0.0
+2453,dataset/FELICE_demo7_phase_I/rejects/ita/clips/up_24befdb3_nohash_0.wav,fsd/noise_set/hammer/193353.wav,0.9654047795457356
+2464,dataset/FELICE_demo7_phase_I/rejects/ita/clips/up_e7ea8b76_nohash_3.wav,fsd/noise_set/hammer/207758.wav,0.0
+2475,dataset/FELICE_demo7_phase_I/rejects/ita/clips/engine2_voice1_cmd16.wav,fsd/noise_set/catena di lavoro robot/verniciatura_car.wav,0.0
+2486,dataset/FELICE_demo7_phase_I/rejects/ita/clips/up_0132a06d_nohash_4.wav,fsd/noise_set/strumenti di lavoro (lavorazione metalli)/compressore/478118__astounded__industrial-compressor.wav,0.0
+2497,dataset/FELICE_demo7_phase_I/rejects/ita/clips/up_99b05bcf_nohash_0.wav,fsd/noise_set/strumenti di lavoro (lavorazione metalli)/tornio/209213__mark646__drehmaschiene-start-01.wav,0.0
+2508,dataset/FELICE_demo7_phase_I/rejects/ita/clips/engine2_voice6_cmd25.wav,fsd/noise_set/strumenti di lavoro (lavorazione metalli)/saw/jigsaw-black-and-decker-run_M162Ds4__NWM.wav,0.0
+2519,dataset/FELICE_demo7_phase_I/rejects/ita/clips/298552117_ita_19.wav,fsd/noise_set/strumenti di lavoro (lavorazione metalli)/compressore/478118__astounded__industrial-compressor.wav,0.0
+2530,dataset/FELICE_demo7_phase_I/rejects/ita/clips/48724485_ita_10.wav,fsd/noise_set/catena di lavoro robot/verniciatura_car.wav,0.0
+2541,dataset/FELICE_demo7_phase_I/rejects/ita/clips/cat_6ac35824_nohash_0.wav,fsd/noise_set/strumenti di lavoro (lavorazione metalli)/grinder  (mola)/hand-grinder-start-run-grind-pause-stop_G1LzB_E__NWM.wav,0.0
+2552,dataset/FELICE_demo7_phase_I/rejects/ita/clips/924061663_ita_21.wav,fsd/noise_set/catena di lavoro/SDMechanicalFactoryassemblyliteINT01-MS.wav,0.0
+2563,dataset/FELICE_demo7_phase_I/rejects/ita/clips/engine2_voice5_cmd17.wav,fsd/noise_set/catena di lavoro/SDMechanicalFactoryassemblyliteINT01-MS.wav,0.0
+2574,dataset/FELICE_demo7_phase_I/rejects/ita/clips/up_7e4fa1d8_nohash_1.wav,fsd/noise_set/strumenti di lavoro (lavorazione metalli)/saw/jigsaw-black-and-decker-run_M162Ds4__NWM.wav,0.0
+2585,dataset/FELICE_demo7_phase_I/rejects/ita/clips/house_96c67073_nohash_0.wav,fsd/noise_set/strumenti di lavoro (lavorazione metalli)/tornio/209213__mark646__drehmaschiene-start-01.wav,0.0
+2596,dataset/FELICE_demo7_phase_I/rejects/ita/clips/dog_3852fca2_nohash_0.wav,fsd/noise_set/strumenti di lavoro (lavorazione metalli)/compressore/478118__astounded__industrial-compressor.wav,0.0
+2607,dataset/FELICE_demo7_phase_I/rejects/ita/clips/623691937_ita_13.wav,fsd/noise_set/strumenti di lavoro (lavorazione metalli)/saldatrice/saldatrice.wav,0.0
+2618,dataset/FELICE_demo7_phase_I/rejects/ita/clips/cat_652b3da7_nohash_1.wav,fsd/noise_set/strumenti di lavoro (lavorazione metalli)/saw/jigsaw-black-and-decker-run_M162Ds4__NWM.wav,0.0
+2629,dataset/FELICE_demo7_phase_I/rejects/ita/clips/dog_b26343e9_nohash_1.wav,fsd/noise_set/drill/141512.wav,0.0
+2640,dataset/FELICE_demo7_phase_I/rejects/ita/clips/engine2_voice4_cmd23.wav,fsd/noise_set/catena di lavoro/SDMechanicalFactoryassemblyliteINT01-MS.wav,0.0
+2651,dataset/FELICE_demo7_phase_I/rejects/ita/clips/dog_72be9202_nohash_3.wav,fsd/noise_set/strumenti di lavoro (lavorazione metalli)/grinder  (mola)/hand-grinder-start-run-grind-pause-stop_G1LzB_E__NWM.wav,0.0
+2662,dataset/FELICE_demo7_phase_I/rejects/ita/clips/engine2_voice8_cmd14.wav,fsd/noise_set/strumenti di lavoro (lavorazione metalli)/tornio/209213__mark646__drehmaschiene-start-01.wav,0.0
+2673,dataset/FELICE_demo7_phase_I/rejects/ita/clips/2058616_ita_25.wav,fsd/noise_set/hammer/180137.wav,1.2003328707149217
+2684,dataset/FELICE_demo7_phase_I/rejects/ita/clips/engine2_voice3_cmd3.wav,fsd/noise_set/strumenti di lavoro (lavorazione metalli)/grinder  (mola)/hand-grinder-start-run-grind-pause-stop_G1LzB_E__NWM.wav,0.0
+2695,dataset/FELICE_demo7_phase_I/rejects/ita/clips/2025799315_ita_21.wav,fsd/noise_set/colpi ripetuti/pile-driver-pound-hard-long_M1TUSONd_NWM.wav,0.0
