[35m[1mScanning dependencies of target _speech_pkg_generate_messages_check_deps_Talker[0m
[35m[1mScanning dependencies of target _speech_pkg_generate_messages_check_deps_Command[0m
[35m[1mScanning dependencies of target _speech_pkg_generate_messages_check_deps_Speech[0m
[35m[1mScanning dependencies of target _speech_pkg_generate_messages_check_deps_Gesture[0m
[35m[1mScanning dependencies of target _speech_pkg_generate_messages_check_deps_SpeechData[0m
[  0%] Built target _speech_pkg_generate_messages_check_deps_Gesture
[  0%] Built target _speech_pkg_generate_messages_check_deps_SpeechData
[  0%] Built target _speech_pkg_generate_messages_check_deps_Talker
[  0%] Built target _speech_pkg_generate_messages_check_deps_Command
[35m[1mScanning dependencies of target _speech_pkg_generate_messages_check_deps_Manager[0m
[35m[1mScanning dependencies of target std_msgs_generate_messages_lisp[0m
[35m[1mScanning dependencies of target _speech_pkg_generate_messages_check_deps_Classification[0m
[  0%] Built target _speech_pkg_generate_messages_check_deps_Speech
[35m[1mScanning dependencies of target std_msgs_generate_messages_py[0m
[  0%] Built target std_msgs_generate_messages_lisp
[35m[1mScanning dependencies of target std_msgs_generate_messages_eus[0m
[  0%] Built target std_msgs_generate_messages_py
[  0%] Built target std_msgs_generate_messages_eus
[35m[1mScanning dependencies of target std_msgs_generate_messages_nodejs[0m
[35m[1mScanning dependencies of target std_msgs_generate_messages_cpp[0m
[  0%] Built target std_msgs_generate_messages_cpp
[  0%] Built target _speech_pkg_generate_messages_check_deps_Classification
[  0%] Built target std_msgs_generate_messages_nodejs
[  0%] Built target _speech_pkg_generate_messages_check_deps_Manager
[35m[1mScanning dependencies of target speech_pkg_generate_messages_nodejs[0m
[35m[1mScanning dependencies of target speech_pkg_generate_messages_py[0m
[35m[1mScanning dependencies of target speech_pkg_generate_messages_lisp[0m
[35m[1mScanning dependencies of target speech_pkg_generate_messages_eus[0m
[35m[1mScanning dependencies of target speech_pkg_generate_messages_cpp[0m
[  2%] [34m[1mGenerating Javascript code from speech_pkg/Gesture.msg[0m
[  5%] [34m[1mGenerating Python from MSG speech_pkg/Gesture[0m
[ 13%] [34m[1mGenerating C++ code from speech_pkg/Gesture.msg[0m
[ 13%] [34m[1mGenerating EusLisp code from speech_pkg/Gesture.msg[0m
[ 13%] [34m[1mGenerating Lisp code from speech_pkg/Gesture.msg[0m
[ 15%] [34m[1mGenerating Javascript code from speech_pkg/SpeechData.msg[0m
[ 18%] [34m[1mGenerating Lisp code from speech_pkg/SpeechData.msg[0m
[ 21%] [34m[1mGenerating EusLisp code from speech_pkg/SpeechData.msg[0m
[ 23%] [34m[1mGenerating Javascript code from speech_pkg/Speech.msg[0m
[ 26%] [34m[1mGenerating Python from MSG speech_pkg/SpeechData[0m
[ 28%] [34m[1mGenerating Lisp code from speech_pkg/Speech.msg[0m
[ 31%] [34m[1mGenerating EusLisp code from speech_pkg/Speech.msg[0m
[ 34%] [34m[1mGenerating Javascript code from speech_pkg/Command.msg[0m
[ 36%] [34m[1mGenerating C++ code from speech_pkg/SpeechData.msg[0m
[ 39%] [34m[1mGenerating Lisp code from speech_pkg/Command.msg[0m
[ 42%] [34m[1mGenerating Javascript code from speech_pkg/Manager.srv[0m
[ 44%] [34m[1mGenerating Lisp code from speech_pkg/Manager.srv[0m
[ 47%] [34m[1mGenerating EusLisp code from speech_pkg/Command.msg[0m
[ 50%] [34m[1mGenerating Python from MSG speech_pkg/Speech[0m
[ 52%] [34m[1mGenerating Lisp code from speech_pkg/Talker.srv[0m
[ 55%] [34m[1mGenerating Javascript code from speech_pkg/Talker.srv[0m
[ 57%] [34m[1mGenerating EusLisp code from speech_pkg/Manager.srv[0m
[ 60%] [34m[1mGenerating C++ code from speech_pkg/Speech.msg[0m
[ 63%] [34m[1mGenerating Lisp code from speech_pkg/Classification.srv[0m
[ 65%] [34m[1mGenerating Javascript code from speech_pkg/Classification.srv[0m
[ 68%] [34m[1mGenerating EusLisp code from speech_pkg/Talker.srv[0m
[ 71%] [34m[1mGenerating Python from MSG speech_pkg/Command[0m
[ 71%] Built target speech_pkg_generate_messages_nodejs
[ 71%] Built target speech_pkg_generate_messages_lisp
[ 73%] [34m[1mGenerating C++ code from speech_pkg/Command.msg[0m
[ 76%] [34m[1mGenerating EusLisp code from speech_pkg/Classification.srv[0m
[ 78%] [34m[1mGenerating Python code from SRV speech_pkg/Manager[0m
[ 81%] [34m[1mGenerating Python code from SRV speech_pkg/Talker[0m
[ 84%] [34m[1mGenerating EusLisp manifest code for speech_pkg[0m
[ 86%] [34m[1mGenerating C++ code from speech_pkg/Manager.srv[0m
[ 89%] [34m[1mGenerating Python code from SRV speech_pkg/Classification[0m
[ 92%] [34m[1mGenerating C++ code from speech_pkg/Talker.srv[0m
[ 94%] [34m[1mGenerating Python msg __init__.py for speech_pkg[0m
[ 97%] [34m[1mGenerating C++ code from speech_pkg/Classification.srv[0m
[100%] [34m[1mGenerating Python srv __init__.py for speech_pkg[0m
[100%] Built target speech_pkg_generate_messages_eus
[100%] Built target speech_pkg_generate_messages_py
[100%] Built target speech_pkg_generate_messages_cpp
[35m[1mScanning dependencies of target speech_pkg_generate_messages[0m
[100%] Built target speech_pkg_generate_messages
