Symlinking /home/felice/felice/speech/code/ROS/speech_ws/devel/include/speech_pkg/ClassificationRequest.h
Symlinking /home/felice/felice/speech/code/ROS/speech_ws/devel/include/speech_pkg/Command.h
Symlinking /home/felice/felice/speech/code/ROS/speech_ws/devel/include/speech_pkg/TalkerResponse.h
Symlinking /home/felice/felice/speech/code/ROS/speech_ws/devel/include/speech_pkg/SpeechData.h
Symlinking /home/felice/felice/speech/code/ROS/speech_ws/devel/include/speech_pkg/Manager.h
Symlinking /home/felice/felice/speech/code/ROS/speech_ws/devel/include/speech_pkg/ClassificationResponse.h
Symlinking /home/felice/felice/speech/code/ROS/speech_ws/devel/include/speech_pkg/Speech.h
Symlinking /home/felice/felice/speech/code/ROS/speech_ws/devel/include/speech_pkg/ManagerResponse.h
Symlinking /home/felice/felice/speech/code/ROS/speech_ws/devel/include/speech_pkg/TalkerRequest.h
Symlinking /home/felice/felice/speech/code/ROS/speech_ws/devel/include/speech_pkg/ManagerRequest.h
Symlinking /home/felice/felice/speech/code/ROS/speech_ws/devel/include/speech_pkg/Classification.h
Symlinking /home/felice/felice/speech/code/ROS/speech_ws/devel/include/speech_pkg/Gesture.h
Symlinking /home/felice/felice/speech/code/ROS/speech_ws/devel/include/speech_pkg/Talker.h
Symlinking /home/felice/felice/speech/code/ROS/speech_ws/devel/share/speech_pkg/cmake/speech_pkgConfig-version.cmake
Symlinking /home/felice/felice/speech/code/ROS/speech_ws/devel/share/speech_pkg/cmake/speech_pkg-msg-paths.cmake
Symlinking /home/felice/felice/speech/code/ROS/speech_ws/devel/share/speech_pkg/cmake/speech_pkgConfig.cmake
Symlinking /home/felice/felice/speech/code/ROS/speech_ws/devel/share/speech_pkg/cmake/speech_pkg-msg-extras.cmake
Symlinking /home/felice/felice/speech/code/ROS/speech_ws/devel/share/gennodejs/ros/speech_pkg/_index.js
Symlinking /home/felice/felice/speech/code/ROS/speech_ws/devel/share/gennodejs/ros/speech_pkg/msg/SpeechData.js
Symlinking /home/felice/felice/speech/code/ROS/speech_ws/devel/share/gennodejs/ros/speech_pkg/msg/Command.js
Symlinking /home/felice/felice/speech/code/ROS/speech_ws/devel/share/gennodejs/ros/speech_pkg/msg/_index.js
Symlinking /home/felice/felice/speech/code/ROS/speech_ws/devel/share/gennodejs/ros/speech_pkg/msg/Speech.js
Symlinking /home/felice/felice/speech/code/ROS/speech_ws/devel/share/gennodejs/ros/speech_pkg/msg/Gesture.js
Symlinking /home/felice/felice/speech/code/ROS/speech_ws/devel/share/gennodejs/ros/speech_pkg/srv/_index.js
Symlinking /home/felice/felice/speech/code/ROS/speech_ws/devel/share/gennodejs/ros/speech_pkg/srv/Classification.js
Symlinking /home/felice/felice/speech/code/ROS/speech_ws/devel/share/gennodejs/ros/speech_pkg/srv/Manager.js
Symlinking /home/felice/felice/speech/code/ROS/speech_ws/devel/share/gennodejs/ros/speech_pkg/srv/Talker.js
Symlinking /home/felice/felice/speech/code/ROS/speech_ws/devel/share/common-lisp/ros/speech_pkg/msg/Gesture.lisp
Symlinking /home/felice/felice/speech/code/ROS/speech_ws/devel/share/common-lisp/ros/speech_pkg/msg/_package_Gesture.lisp
Symlinking /home/felice/felice/speech/code/ROS/speech_ws/devel/share/common-lisp/ros/speech_pkg/msg/_package_Speech.lisp
Symlinking /home/felice/felice/speech/code/ROS/speech_ws/devel/share/common-lisp/ros/speech_pkg/msg/speech_pkg-msg.asd
Symlinking /home/felice/felice/speech/code/ROS/speech_ws/devel/share/common-lisp/ros/speech_pkg/msg/SpeechData.lisp
Symlinking /home/felice/felice/speech/code/ROS/speech_ws/devel/share/common-lisp/ros/speech_pkg/msg/_package_SpeechData.lisp
Symlinking /home/felice/felice/speech/code/ROS/speech_ws/devel/share/common-lisp/ros/speech_pkg/msg/_package.lisp
Symlinking /home/felice/felice/speech/code/ROS/speech_ws/devel/share/common-lisp/ros/speech_pkg/msg/_package_Command.lisp
Symlinking /home/felice/felice/speech/code/ROS/speech_ws/devel/share/common-lisp/ros/speech_pkg/msg/Command.lisp
Symlinking /home/felice/felice/speech/code/ROS/speech_ws/devel/share/common-lisp/ros/speech_pkg/msg/Speech.lisp
Symlinking /home/felice/felice/speech/code/ROS/speech_ws/devel/share/common-lisp/ros/speech_pkg/srv/speech_pkg-srv.asd
Symlinking /home/felice/felice/speech/code/ROS/speech_ws/devel/share/common-lisp/ros/speech_pkg/srv/Talker.lisp
Symlinking /home/felice/felice/speech/code/ROS/speech_ws/devel/share/common-lisp/ros/speech_pkg/srv/_package_Classification.lisp
Symlinking /home/felice/felice/speech/code/ROS/speech_ws/devel/share/common-lisp/ros/speech_pkg/srv/Manager.lisp
Symlinking /home/felice/felice/speech/code/ROS/speech_ws/devel/share/common-lisp/ros/speech_pkg/srv/_package_Manager.lisp
Symlinking /home/felice/felice/speech/code/ROS/speech_ws/devel/share/common-lisp/ros/speech_pkg/srv/_package.lisp
Symlinking /home/felice/felice/speech/code/ROS/speech_ws/devel/share/common-lisp/ros/speech_pkg/srv/Classification.lisp
Symlinking /home/felice/felice/speech/code/ROS/speech_ws/devel/share/common-lisp/ros/speech_pkg/srv/_package_Talker.lisp
Symlinking /home/felice/felice/speech/code/ROS/speech_ws/devel/share/roseus/ros/speech_pkg/manifest.l
Symlinking /home/felice/felice/speech/code/ROS/speech_ws/devel/share/roseus/ros/speech_pkg/msg/Command.l
Symlinking /home/felice/felice/speech/code/ROS/speech_ws/devel/share/roseus/ros/speech_pkg/msg/Gesture.l
Symlinking /home/felice/felice/speech/code/ROS/speech_ws/devel/share/roseus/ros/speech_pkg/msg/Speech.l
Symlinking /home/felice/felice/speech/code/ROS/speech_ws/devel/share/roseus/ros/speech_pkg/msg/SpeechData.l
Symlinking /home/felice/felice/speech/code/ROS/speech_ws/devel/share/roseus/ros/speech_pkg/srv/Talker.l
Symlinking /home/felice/felice/speech/code/ROS/speech_ws/devel/share/roseus/ros/speech_pkg/srv/Classification.l
Symlinking /home/felice/felice/speech/code/ROS/speech_ws/devel/share/roseus/ros/speech_pkg/srv/Manager.l
Symlinking /home/felice/felice/speech/code/ROS/speech_ws/devel/lib/pkgconfig/speech_pkg.pc
Symlinking /home/felice/felice/speech/code/ROS/speech_ws/devel/lib/python2.7/dist-packages/speech_pkg/__init__.py
Symlinking /home/felice/felice/speech/code/ROS/speech_ws/devel/lib/python2.7/dist-packages/speech_pkg/msg/_Command.py
Symlinking /home/felice/felice/speech/code/ROS/speech_ws/devel/lib/python2.7/dist-packages/speech_pkg/msg/_SpeechData.py
Symlinking /home/felice/felice/speech/code/ROS/speech_ws/devel/lib/python2.7/dist-packages/speech_pkg/msg/__init__.py
Symlinking /home/felice/felice/speech/code/ROS/speech_ws/devel/lib/python2.7/dist-packages/speech_pkg/msg/_Gesture.py
Symlinking /home/felice/felice/speech/code/ROS/speech_ws/devel/lib/python2.7/dist-packages/speech_pkg/msg/_Speech.py
Symlinking /home/felice/felice/speech/code/ROS/speech_ws/devel/lib/python2.7/dist-packages/speech_pkg/srv/_Classification.py
Symlinking /home/felice/felice/speech/code/ROS/speech_ws/devel/lib/python2.7/dist-packages/speech_pkg/srv/_Manager.py
Symlinking /home/felice/felice/speech/code/ROS/speech_ws/devel/lib/python2.7/dist-packages/speech_pkg/srv/__init__.py
Symlinking /home/felice/felice/speech/code/ROS/speech_ws/devel/lib/python2.7/dist-packages/speech_pkg/srv/_Talker.py
